ARM GAS  C:\Users\user\AppData\Local\Temp\cciMxblQ.s 			page 1


   1              		.cpu cortex-m4
   2              		.eabi_attribute 20, 1
   3              		.eabi_attribute 21, 1
   4              		.eabi_attribute 23, 3
   5              		.eabi_attribute 24, 1
   6              		.eabi_attribute 25, 1
   7              		.eabi_attribute 26, 1
   8              		.eabi_attribute 30, 2
   9              		.eabi_attribute 34, 1
  10              		.eabi_attribute 18, 4
  11              		.file	"hal.c"
  12              		.text
  13              	.Ltext0:
  14              		.section	.gnu.lto_.profile.824f035,"",%progbits
  15 0000 789C6365 		.ascii	"x\234ce`b`a```d0e\007\000\000\361\000I"
  15      60626061 
  15      60606064 
  15      30650700 
  15      00F10049 
  16              		.text
  17              		.section	.gnu.lto_.icf.824f035,"",%progbits
  18 0000 789C6365 		.ascii	"x\234ce`b\340`@\000F\206s\357\357|ec\000\000\021>\003"
  18      6062E060 
  18      40004686 
  18      73EFEF7C 
  18      65630000 
  19 0017 A5       		.ascii	"\245"
  20              		.text
  21              		.section	.gnu.lto_.jmpfuncs.824f035,"",%progbits
  22 0000 789C6365 		.ascii	"x\234ce`bPg@\000F\010\305\3048\235\231\261\371\327\376"
  22      60625067 
  22      40004608 
  22      C5C4389D 
  22      99B1F9D7 
  23 0015 CF7CF57F 		.ascii	"\317|\365\177\033$\34633,f\006I.g\254g`d\001\262\000"
  23      1B24E633 
  23      332C6606 
  23      492E67AC 
  23      67606401 
  24 002b B8140894 		.ascii	"\270\024\010\224"
  25              		.text
  26              		.section	.gnu.lto_.inline.824f035,"",%progbits
  27 0000 789C6365 		.ascii	"x\234ce`b\320c@\000F\006\006NSF\240 \003\003\333\002"
  27      6062D063 
  27      40004606 
  27      064E5346 
  27      A0200303 
  28 0016 7926B010 		.ascii	"y&\260\020\027\012\301\304\015R\005f2\000\0005\014\001"
  28      170AC1C4 
  28      0D520566 
  28      32000035 
  28      0C01
  29 0028 79       		.ascii	"y"
  30              		.text
  31              		.section	.gnu.lto_.pureconst.824f035,"",%progbits
  32 0000 789C6365 		.ascii	"x\234ce`b`f```d\220\000\000\000\204\000$"
  32      60626066 
ARM GAS  C:\Users\user\AppData\Local\Temp\cciMxblQ.s 			page 2


  32      60606064 
  32      90000000 
  32      840024
  33              		.text
  34              		.section	.gnu.lto_halInit.824f035,"",%progbits
  35 0000 789C7590 		.ascii	"x\234u\220?H\302Q\020\307\357\373{\376\013J\032\032"
  35      3F48C251 
  35      10C7EFFB 
  35      7BFE0B4A 
  35      1A1A
  36 0012 0A1B5A5D 		.ascii	"\012\033Z]\262\032\012Z\335Z\202lt)\033\224\002!k\376"
  36      B21A0A5A 
  36      DD5A826C 
  36      74291B94 
  36      02216BFE 
  37 0026 FDCC4230 		.ascii	"\375\314B0\250\0263\203x?\212\320\2624\203\006\247\304"
  37      A8163383 
  37      783F8AD0 
  37      B2348306 
  37      A7C4
  38 0038 ADA5A0C6 		.ascii	"\255\245\240\306\246\"\032\262 h+\324\356iD\203\035"
  38      A6221AB2 
  38      20682BD4 
  38      EE694483 
  38      1D
  39 0049 1CEFDEDD 		.ascii	"\034\357\336\335\207\273\357\235\22542A4BD.v\010\202"
  39      87BBEF9D 
  39      95343241 
  39      3442442E 
  39      760882
  40 005c B6754D14 		.ascii	"\266uM\024uh\200\012\014\007H\327\240cS\244\004*\361"
  40      7568800A 
  40      0C0748D7 
  40      A06353A4 
  40      042AF1
  41 006f E792E6CE 		.ascii	"\347\222\346\316\030l\345\324{\237\221-C\012\2424\273"
  41      186CE5D4 
  41      7B9F912D 
  41      430AA234 
  41      BB
  42 0080 3264E026 		.ascii	"2d\340&\306\036\213\365d\227\315\322\312#\013\033\217"
  42      C61E8BF5 
  42      6497CDD2 
  42      CA230B1B 
  42      8F
  43 0091 A0C22DCA 		.ascii	"\240\302-\312F\275\0217\312O\373\270\233\260\023%\270"
  43      46BD1137 
  43      CA4FFBB8 
  43      9BB01325 
  43      B8
  44 00a2 AC66AC0B 		.ascii	"\254f\254\013M\275\242\212\230\371\345R\274jR*\275\336"
  44      4DBDA28A 
  44      98F9E552 
  44      BC6A522A 
  44      BDDE
  45 00b4 DBF59AE1 		.ascii	"\333\365\232\341\220\002i\301\035p\004\235$\263U\254"
  45      900269C1 
ARM GAS  C:\Users\user\AppData\Local\Temp\cciMxblQ.s 			page 3


  45      1D70049D 
  45      24B355AC 
  46 00c4 9A879D6D 		.ascii	"\232\207\235m8\221\346*\341\2309.l\257Un\354\033B\012"
  46      3891E62A 
  46      E198392E 
  46      6CAF556E 
  46      EC1B420A 
  47 00d8 0BD437F6 		.ascii	"\013\3247\366y\371\341d\256\227\023\007J\030\347\256"
  47      79F9E164 
  47      AE971307 
  47      4A18E7AE 
  48 00e8 7673F312 		.ascii	"vs\363\022{\321n)\2548\341-s\350o\026\032/\347\371\016"
  48      7BD16E29 
  48      AC38E12D 
  48      73E86F16 
  48      1A2FE7F9 
  49 00fd 86770C63 		.ascii	"\206w\014c@58\205Ds \362\320\245\260\221\322z\341l\257"
  49      40353885 
  49      447320F2 
  49      D0A5B091 
  49      D27AE16C 
  50 0112 959BA3F0 		.ascii	"\225\233\243\360\2535f>\364\264\347,\314\235\375\341"
  50      AB35663E 
  50      F4B4E72C 
  50      CC9DFDE1 
  51 0122 6AFF7056 		.ascii	"j\377pV\346\212?\334\033V\314L\262\245EY\202/\303\267"
  51      E68A3FDC 
  51      1B56CC4C 
  51      B2A54559 
  51      822FC3B7 
  52 0136 E3B587BC 		.ascii	"\343\265\207\274\343\376\251\351I\237\337\033\014\315"
  52      E3FEA9E9 
  52      499FDF1B 
  52      0CCD
  53 0144 867C4BCB 		.ascii	"\206|K\313s\241\260?\240\342pdxl\324\023\216x\2023\013"
  53      73A1B03F 
  53      A0E27064 
  53      786CD413 
  53      8E788233 
  54 0159 9EC86240 		.ascii	"\236\310b@\275\203\001\372\006C\202\231\263"
  54      BD8301FA 
  54      06438299 
  54      B3
  55              		.text
  56              		.section	.gnu.lto_.symbol_nodes.824f035,"",%progbits
  57 0000 789C55C9 		.ascii	"x\234U\311\261\021\3020\020D\321\257\225D\035.\005*"
  57      B111C230 
  57      1044D1AF 
  57      95441D2E 
  57      052A
  58 0012 3B051440 		.ascii	";\005\024@\002X\220\252\012\307\216]\203\231\241\016"
  58      025890AA 
  58      0AC78E5D 
  58      8399A10E 
  59 0022 864311DA 		.ascii	"\206C\021\332\344\315\374\315\210\212OW\031\\6p\226"
  59      E4CDFCCD 
  59      888A4F57 
ARM GAS  C:\Users\user\AppData\Local\Temp\cciMxblQ.s 			page 4


  59      195C3670 
  59      96
  60 0033 72823C8B 		.ascii	"r\202<\213\311\237\360\224\205\376@)G\017\017\231\206"
  60      C99FF094 
  60      85FE4029 
  60      470F0F99 
  60      86
  61 0044 50657108 		.ascii	"Peq\010wY\032\302M\226\377C\344@\333?!\222Y\273\211"
  61      77591AC2 
  61      4D96FF43 
  61      E440DB3F 
  61      219259BB 
  62 0059 7737727E 		.ascii	"w7r~\375\024\315\345\013vF%n"
  62      FD14CDE5 
  62      0B764625 
  62      6E
  63              		.text
  64              		.section	.gnu.lto_.refs.824f035,"",%progbits
  65 0000 789C6365 		.ascii	"x\234ce`b`c```d`bdb\000\000\000\275\000\024"
  65      60626063 
  65      60606064 
  65      60626462 
  65      000000BD 
  66              		.text
  67              		.section	.gnu.lto_.decls.824f035,"",%progbits
  68 0000 789CAD56 		.ascii	"x\234\255VkLTG\024\276\347\316\262\260+\026\253\246"
  68      6B4C5447 
  68      14BEE7CE 
  68      B2B02B16 
  68      ABA6
  69 0012 F5876988 		.ascii	"\365\207i\210\301H\032\005A\243\306&\255\026\237\225"
  69      C1481A05 
  69      41A3C626 
  69      AD169F95 
  70 0022 2AF1F56B 		.ascii	"*\361\365k\223\355\302\256\262)\260t\357\322h\372\347"
  70      93EDC2AE 
  70      B229B074 
  70      EFD268FA 
  70      E7
  71 0033 22F8400B 		.ascii	"\"\370@\013\212V-V\021\305((*\202\"\342k\305\027\362"
  71      8A562D56 
  71      11C52828 
  71      2A8222E2 
  71      6BC517F2 
  72 0047 50D48AA2 		.ascii	"P\324\212\242\370B\305\027\002\342\003hUzf\346\256w"
  72      F842C517 
  72      02E20368 
  72      557A66E6 
  72      AE77
  73 0059 59B1D1A6 		.ascii	"Y\261\321\2467{\356\3343\363\315w\2769s\346\336\365"
  73      377BEEDC 
  73      33F3CD77 
  73      BE3973E6 
  73      DEF5
  74 006b 1244A151 		.ascii	"\022D\241Q/\010_\022AX/\010B'^\"\266;\321\000\255^\340"
  74      2F085F12 
  74      41582F08 
ARM GAS  C:\Users\user\AppData\Local\Temp\cciMxblQ.s 			page 5


  74      42275E22 
  74      B63BD100 
  75 0082 9716ED21 		.ascii	"\227\026\355!\332c\264'h\315h\317\320^(\2706\241\353"
  75      DA63B427 
  75      68CD68CF 
  75      D05E28B8 
  75      36A1EB
  76 0095 75113BBD 		.ascii	"u\021;\275\261\235\215\326\216\366\000\255C\341\273"
  76      B19D8DD6 
  76      8EF600AD 
  76      43E1BB
  77 00a4 8DD6EAC1 		.ascii	"\215\326\352\301\373B\341kV\370\037\277\207w-\201\363"
  77      FB42E16B 
  77      56F81FBF 
  77      87772D81 
  77      F3
  78 00b5 C9F9EB49 		.ascii	"\311\371\353I\032\201\336z\320\240\373\264j\335\235"
  78      1A81DE7A 
  78      D0A0FBB4 
  78      6ADD9D
  79 00c4 4FD0EDAB 		.ascii	"O\320\355\253\007\177t\363\252N\327)\243K\000\375\342"
  79      077F74F3 
  79      AA4ED729 
  79      A34B00FD 
  79      E2
  80 00d5 C34F42B9 		.ascii	"\303OB\271\333\037\275\222\353O\235=8\370\026\035\355"
  80      DB1FBD92 
  80      EB4F9D3D 
  80      38F8161D 
  80      ED
  81 00e6 7C589BAD 		.ascii	"|X\233\255\343\303-\224{\351\276U\331~D\004\372\334"
  81      E3C32D94 
  81      7BE9BE55 
  81      D97E4404 
  81      FADC
  82 00f8 947CEF56 		.ascii	"\224|\357V\017>\326\017\335\013-\225\033\024\267\027"
  82      0F3ED60F 
  82      DD0B2D95 
  82      1B14B717 
  83 0108 BA75298B 		.ascii	"\272u)\2132\265D\307\220\327\313rw\320\230\203\364@"
  83      32B544C7 
  83      90D7CB72 
  83      77D09883 
  83      F440
  84 011a F3E7875D 		.ascii	"\363\347\207]\273\033\017t\364\344]\024q\263#gBP\236"
  84      BB1B0F74 
  84      F4E45D14 
  84      71B32367 
  84      42509E
  85 012d CC2F9F2F 		.ascii	"\314/\237/\324\305\\X\336\272\305\233|NAbF\371\345R"
  85      D4C55C58 
  85      DEBAC59B 
  85      7C4E4162 
  85      46F9E552 
  86 0141 0D04EAB7 		.ascii	"\015\004\352\267R\220\363\362\363A\351\213eY\204\"\320"
  86      5290F3F2 
  86      F341E98B 
ARM GAS  C:\Users\user\AppData\Local\Temp\cciMxblQ.s 			page 6


  86      65598422 
  86      D0
  87 0152 C35E2050 		.ascii	"\303^ P\010A4)\203p\267\204%\262\274@^\221$\353&\011"
  87      08413429 
  87      8370B784 
  87      25B2BC40 
  87      5E9124EB 
  88 0168 9003FD61 		.ascii	"\220\003\375a\033\364\027`\037\004\322x\024\007\005"
  88      1BF41760 
  88      1F04D278 
  88      140705
  89 0177 D8B9073B 		.ascii	"\330\271\007;1D\356\226\364\315Z\222\006,\306\251#\327"
  89      3144EE96 
  89      F4CD5A92 
  89      062CC6A9 
  89      23D7
  90 0189 AE68401F 		.ascii	"\256h@\037\330-\301\201n\010\270\230\316\355\003N-\244"
  90      D82DC181 
  90      6E08B898 
  90      CEED034E 
  90      2DA4
  91 019b 628A51CC 		.ascii	"b\212Q\314~U\014j\343\353\250/\251K\024I;\013\002\353"
  91      7E550C6A 
  91      E3EBA82F 
  91      A94B1449 
  91      3B0B02EB 
  92 01af 0E3E2FF7 		.ascii	"\016>/\367\342\251\362A\267y\325\311*\221\274\342c\015"
  92      E2A9F241 
  92      B779D5C9 
  92      2A91BCE2 
  92      630D
  93 01c1 579232B4 		.ascii	"W\2222\264d\001O\361\212\327\265\262\226,\345Njs\373"
  93      64014FF1 
  93      8AD7B5B2 
  93      962CE54E 
  93      6A73FB
  94 01d4 260D49E7 		.ascii	"&\015I\347NmR[MO\262\2269\272E\273\213\367\372B\000"
  94      4E6D525B 
  94      4D4FB296 
  94      39BA45BB 
  94      8BF7FA42 
  95 01e9 BDFA0404 		.ascii	"\275\372\004\004\004n\246\332\235\367+\006\227\265\336"
  95      046EA6DA 
  95      9DF72B06 
  95      97B5DE
  96 01f8 95E595BE 		.ascii	"\225\345\225\276L\224\023E\235\202>\352bv\341M\200\020"
  96      4C941345 
  96      9D823EEA 
  96      6276E14D 
  96      8010
  97 020a BC097CC2 		.ascii	"\274\011|\302__g\310\316d\302\320G=\321\301\036\340"
  97      5F5F67C8 
  97      CE64C2D0 
  97      473DD1C1 
  97      1EE0
  98 021c 47DFA8E0 		.ascii	"G\337\250\340C\236\340\203\214:\007\334\270\335\340"
  98      439EE083 
ARM GAS  C:\Users\user\AppData\Local\Temp\cciMxblQ.s 			page 7


  98      8C3A07DC 
  98      B8DDE0
  99 022b 259EF0DD 		.ascii	"%\236\360\335\236J\256\272\241\017wO\316\320\3514\367"
  99      9E4AAEBA 
  99      A10F774F 
  99      CED0E934 
  99      F7
 100 023c 2B64798C 		.ascii	"+dy\214F\200\0358\276\235\015Q4\246\037\316\340n\225"
 100      46801D38 
 100      BE9D0D51 
 100      34A61FCE 
 100      E06E95
 101 024f 42009C46 		.ascii	"B\000\234F;\211v\034\355\004Z\031\3321\010`\025\306"
 101      3B89761C 
 101      ED045A19 
 101      DA310860 
 101      15C6
 102 0261 E395BBC5 		.ascii	"\343\225\273\305;\322\355\312\335\327R>IE\347w\277\026"
 102      3BD2EDCA 
 102      DDD7523E 
 102      4945E777 
 102      BF16
 103 0273 0EE7A5D1 		.ascii	"\016\347\245\321t\244w\242,\003\205\011JY(\265}\364"
 103      74A477A2 
 103      2C038509 
 103      4A5928B5 
 103      7DF4
 104 0285 4D72B596 		.ascii	"Mr\265\226<`{(nYZY\344\003}\002\273[\023T\342R>fY<r"
 104      3C607B28 
 104      6E595A59 
 104      E4037D02 
 104      BB5B1354 
 105 02a0 4399160F 		.ascii	"C\231\026\017\023T\340\304r\265$\251\016\026\376b\303"
 105      1354E0C4 
 105      72B524A9 
 105      0E16FE62 
 105      C3
 106 02b1 A6645F5E 		.ascii	"\246d_^\205\325\324O[^\270GO\376\346\365\225\323\260"
 106      85D5D44F 
 106      5B5EB847 
 106      4FFEE6F5 
 106      95D3B0
 107 02c4 3E4D191C 		.ascii	">M\031\034\205\356\276\252\342\033^d\001acu\2555\213"
 107      85EEBEAA 
 107      E21B5E64 
 107      01616375 
 107      AD358B
 108 02d7 7B9014EE 		.ascii	"{\220\024\356\354~\365\3336-Y\301\235g9\005\231>|V\016"
 108      EC7EF5DB 
 108      362D59C1 
 108      9D673905 
 108      993E7C56 
 109 02ec 7D7D6C58 		.ascii	"}}lX\354\334\253\274N\234z\364\227-\\\236\342M\3262"
 109      ECDCABBC 
 109      4E9C7AF4 
 109      972D5C9E 
 109      E24DD632 
ARM GAS  C:\Users\user\AppData\Local\Temp\cciMxblQ.s 			page 8


 110 0300 B0CFA3B3 		.ascii	"\260\317\243\263[3D\3405\313\212\026%\237*\357\275J"
 110      5B3344E0 
 110      35CB8A16 
 110      259F2AEF 
 110      BD4A
 111 0312 96CB8632 		.ascii	"\226\313\2062\321\027Pt-\266o\323\320\245\010\021]\377"
 111      D1175074 
 111      2DB66FD3 
 111      D0A50811 
 111      5DFF
 112 0324 7D22DB09 		.ascii	"}\"\333\011\012\276\344\011\316\355Z\204\010/\015W\341"
 112      0ABEE409 
 112      CEED5A84 
 112      082F0D57 
 112      E1
 113 0335 3B3DE179 		.ascii	";=\341y\335\227\325\2378~\221\015\325*\371\277\216\371"
 113      DD97D59F 
 113      387E910D 
 113      D52AF9BF 
 113      8EF9
 114 0347 AFC15C5F 		.ascii	"\257\301\\_C\253C\273\212v\005\355\262ZRT\332\0245\326"
 114      43AB43BB 
 114      8A7605ED 
 114      B25A5254 
 114      DA1435D6 
 115 035b 59CF5855 		.ascii	"Y\317XU\357H\253\377N\205\237\367\204\357zw%n\354\325"
 115      EF48ABFF 
 115      4E859FF7 
 115      84EF7A77 
 115      256EECD5 
 116 036f 9EF073EA 		.ascii	"\236\360s\352J\224\012<\303+\260\366\235\012<\326\321"
 116      4A940A3C 
 116      C32BB0F6 
 116      9D0A3CD6 
 116      D1
 117 0380 B8D08F64 		.ascii	"\270\320\217d\262\375\020\267\256)=\251\363\250@\327"
 117      B2FD10B7 
 117      AE293DA9 
 117      F3A840D7 
 118 0390 F2F16B10 		.ascii	"\362\361k\020\370\301\031\340Qk\316\261\352\273\211"
 118      F8C119E0 
 118      516BCEB1 
 118      EABB89
 119 039f 936EA8D5 		.ascii	"\223n\250\325W\353\252\276\216\035G\337\370\364Qb-y"
 119      57EBAABE 
 119      8E1D47DF 
 119      F8F45162 
 119      2D79
 120 03b1 5F2CE15F 		.ascii	"_,\341_\003\321\227\342\343\375)z\337\245o\337\326p"
 120      03D197E2 
 120      E3FD297A 
 120      DFA56FDF 
 120      D670
 121 03c3 DBED340A 		.ascii	"\333\3554\012P\017\276\024H[\004\027\245\2368,\336@"
 121      500FBE14 
 121      485B0417 
 121      A59E382C 
ARM GAS  C:\Users\user\AppData\Local\Temp\cciMxblQ.s 			page 9


 121      DE40
 122 03d5 2AFC8243 		.ascii	"*\374\202C/F\001\300\357\300\214\271\235\256\013\200"
 122      2F4601C0 
 122      EFC08CB9 
 122      9DAE0B80 
 123 03e5 F563AFC8 		.ascii	"\365c\257\310\356\034\310\272\3005C\361E\305\025\025"
 123      EE1CC8BA 
 123      C03543F1 
 123      45C51515 
 124 03f5 4AF65326 		.ascii	"J\366S&\203\033#\037\346\221\\\027\377\222\363\0076"
 124      831B231F 
 124      E6915C17 
 124      FF92F307 
 124      36
 125 0406 CD351B44 		.ascii	"\3155\033D5\000\200\373\0047B.[\031\177\253OP\027\007"
 125      350080FB 
 125      0437422E 
 125      5B197FAB 
 125      4F501707 
 126 041a AE543DCD 		.ascii	"\256T=\315\250l\320\337\304\335\303\236\2541\300\372"
 126      A86CD0DF 
 126      C4DDC39E 
 126      AC31C0FA 
 127 042a 5A0AE57A 		.ascii	"Z\012\345z=\311\341\247\367dg\233\323\217\237^\321\355"
 127      3DC9E1A7 
 127      F764679B 
 127      D38F9F5E 
 127      D1ED
 128 043c 83DE977F 		.ascii	"\203\336\227\177\320\333\023/\035\323\367[\303\276\320"
 128      D0DB132F 
 128      1DD3F75B 
 128      C3BED0
 129 044b 49722F11 		.ascii	"Ir/\021f\177\006\3671\321\015,\321\017\240\037\336#"
 129      667F06F7 
 129      31D10D2C 
 129      D10FA01F 
 129      DE23
 130 045d 354A5D55 		.ascii	"5J]U\247\036\324\017\310\222\263n\311\316\323M\376\367"
 130      A71ED40F 
 130      C892B36E 
 130      C9CED34D 
 130      FEF7
 131 046f 0B6419BF 		.ascii	"\013d\031\277\216\262\206\302\340\236Z\015\370\210\367"
 131      8EB286C2 
 131      E09E5A0D 
 131      F888F7
 132 047e BB582470 		.ascii	"\273X$p\007\253D\200\2070\000\247/.h\272\351EnsU\351"
 132      07AB4480 
 132      873000A7 
 132      2F2E68BA 
 132      E9456E73 
 133 0494 05D5F504 		.ascii	"\005\325\365\004\271naM\235~=j]\376]y\211\236\005\204"
 133      B96E614D 
 133      9D7E3D6A 
 133      5DFE5D79 
 133      899E0584 
 134 04a8 472AD323 		.ascii	"G*\323#\312D\037\0363\206\312\206\353\277\220,\015#"
ARM GAS  C:\Users\user\AppData\Local\Temp\cciMxblQ.s 			page 10


 134      CA441F1E 
 134      3386CA86 
 134      EBBF902C 
 134      0D23
 135 04ba D8B5FA5C 		.ascii	"\330\265\372\\\263\267Bp1\225l\274\246\0224\252\004"
 135      B3B74270 
 135      31956CBC 
 135      A61234AA 
 135      04
 136 04cb 8D2E8227 		.ascii	"\215.\202'\214\340\\y\366\253\236\344\031gXs\350X\205"
 136      8CE05C79 
 136      F6AB9EE4 
 136      19675873 
 136      E85885
 137 04de CEC5B091 		.ascii	"\316\305\260\221\344\346.rFp\202&\225\240\311E\320\314"
 137      E4E62E72 
 137      46708226 
 137      95A0C945 
 137      D0CC
 138 04f0 08B6E765 		.ascii	"\010\266\347e\334\323\221\"/F\320\226\266\354S\215\310"
 138      DCD39122 
 138      2F46D096 
 138      B6EC538D 
 138      C8
 139 0501 EB902609 		.ascii	"\353\220&\011\273\266\335-\334\354\375\336t\266\262"
 139      BBB6DD2D 
 139      DCECFDDE 
 139      74B6B2
 140 0510 743E0525 		.ascii	"t>\005%\237\245\253\213;5\212\200;\025\203\177\315f"
 140      9FA5AB8B 
 140      3B358A80 
 140      3B15837F 
 140      CD66
 141 0522 0210042D 		.ascii	"\002\020\004-\252\200\026\227\200gL@F\346\362|BNp\001"
 141      AA801697 
 141      80674C40 
 141      46E6F27C 
 141      424E7001 
 142 0536 2BD7BD3A 		.ascii	"+\327\275:+*\004\025%$\247S\315\301s\225\341\271\213"
 142      2B2A0415 
 142      2524A753 
 142      CDC17395 
 142      E1B98B
 143 0549 E1056328 		.ascii	"\341\005c(;\276\353e\017\362\273\2261T\375QR\34570["
 143      3BBEEB65 
 143      0FF2BB96 
 143      3154FD51 
 143      52E53730 
 144 055e 6E91E95F 		.ascii	"n\221\351_\213Q\313\222\316\312\362&\221\035\267\227"
 144      8B51CB92 
 144      CECAF226 
 144      911DB797 
 145 056e 9CC1ED5D 		.ascii	"\234\301\355]\371\222\355k\033\014\244\177\355\332/"
 145      F992ED6B 
 145      1B0CA47F 
 145      EDDA2F
 146 057d DFF0753F 		.ascii	"\337\360u?\2414\250zB\3331#J\370vvHS\016\347\346\373"
ARM GAS  C:\Users\user\AppData\Local\Temp\cciMxblQ.s 			page 11


 146      A134A87A 
 146      42DB3123 
 146      4AF87676 
 146      48530EE7 
 147 0593 B9E35BBB 		.ascii	"\271\343[\273\340;\224\023M[m\304\370q&\207Ic\232c\217"
 147      E03B9413 
 147      4D5B6DC4 
 147      F8712687 
 147      49639A63 
 148 05a8 F1993875 		.ascii	"\361\2318u\226\177XH\210\2407\032\023\254q\216a\241"
 148      967F5848 
 148      88A0371A 
 148      13AC718E 
 148      61A1
 149 05ba 46C78F51 		.ascii	"F\307\217Q\243\015v\207M2DE[#\255\222#\301l\265\031"
 149      A30D7687 
 149      4D324445 
 149      5B23AD92 
 149      23C16CB5 
 150 05cf 1C365B8C 		.ascii	"\0346[\214d\230\033\227\340\317\236\374M\366X\177Kl"
 150      64981B97 
 150      E0CF9EFC 
 150      4DF6587F 
 150      4B6C
 151 05e1 A4C56CB6 		.ascii	"\244\305l\266\230\015#\202\206\371\207\016\015\031\371"
 151      980D2382 
 151      86F9870E 
 151      0D19F9
 152 05f0 538801FB 		.ascii	"S\210\001\373\207\304\331\342,C,\246H\253\301\032\027"
 152      87C4D9E2 
 152      2C432CA6 
 152      48ABC11A 
 152      17
 153 0601 159360B6 		.ascii	"\025\223`\266\030bM\310\025g1\030\315\2269\246\204\030"
 153      18624DC8 
 153      15673118 
 153      CD9639A6 
 153      8418
 154 0613 87D1313F 		.ascii	"\207\3211?\336\"\005E\013>\256\240?\374\377A\245\371"
 154      DE220545 
 154      0B3EAEA0 
 154      3FFCFF41 
 154      A5F9
 155 0625 92C12839 		.ascii	"\222\301(9\314\030\001#\021\233\331\356\025\237\020"
 155      CC180123 
 155      119BD9EE 
 155      159F10
 156 0634 6FB67BDB 		.ascii	"o\266{\333\244x\213\305l\327\332\250\012\273W\254\315"
 156      A4788BC5 
 156      6CD7DAA8 
 156      0ABB57AC 
 156      CD
 157 0645 6CB1D36C 		.ascii	"l\261\323lDO\011\033m\230>s\332\014C\030\0251\203\213"
 157      444F091B 
 157      6D983E73 
 157      DA0C4318 
 157      1531838B 
ARM GAS  C:\Users\user\AppData\Local\Temp\cciMxblQ.s 			page 12


 158 0659 60826C52 		.ascii	"`\202lR\310\310\021\3016)8\332\024\023\034o\263;\244"
 158      C8C811C1 
 158      362938DA 
 158      14131C6F 
 158      B33BA4
 159 066c E01933BF 		.ascii	"\340\0313\277\037\026\032\034\036>.xb\304\344i?\207"
 159      1F161A1C 
 159      1E3E2E78 
 159      62C4E469 
 159      3F87
 160 067e D221633C 		.ascii	"\322!c<ZL\214\031\343\365\226\034\261\270\260\271\361"
 160      5A4C8C19 
 160      E3F5961C 
 160      B1B8B0B9 
 160      F1
 161 068f 569B51B2 		.ascii	"V\233Q\2628\022\342\215\016m\3048\232xmD\030o\276\345"
 161      3812E28D 
 161      0E6DC438 
 161      9A786D44 
 161      186FBEE5 
 162 06a3 CD58DE4C 		.ascii	"\315X\336L\242\215.blx\230-n\216u\2567\322M\216\263"
 162      A28D2E62 
 162      6C78982D 
 162      6E8E75AE 
 162      37D24D8E 
 163 06b8 3A867E98 		.ascii	":\206~\230&\311\036E\333\240(A+9\350\274\221\0376OI"
 163      26C91E45 
 163      DBA02841 
 163      2B39E8BC 
 163      911F364F 
 164 06cd 16132FD1 		.ascii	"\026\023/\321<\351\"m&\273\2312L\3720\006\206\247\351"
 164      3CE9226D 
 164      26BB9932 
 164      4CFA3006 
 164      86A7E9
 165 06e0 304E9D15 		.ascii	"0N\235\025\026>~\332\210\341\306\011\303\207\206L\037"
 165      163E7EDA 
 165      88E1C609 
 165      C387864C 
 165      1F
 166 06f1 CF479052 		.ascii	"\317G\220R+1\276\257\376\203\"\213\335\212\213\212\026"
 166      2B31BEAF 
 166      FE83228B 
 166      DD8A8B8A 
 166      16
 167 0702 7ABA326B 		.ascii	"z\2722k\264\"\223o\264\2333\341\3437\215\335'\014\237"
 167      B422936F 
 167      B49B33E1 
 167      E3378DDD 
 167      270C9F
 168 0715 372F385A 		.ascii	"7/8Z\335/\032\300U\236Ql\013\376\001\274\27066"
 168      DD2F1AC0 
 168      559E516C 
 168      0BFE01BC 
 168      B83636
 169              		.text
 170              		.section	.gnu.lto_.symtab.824f035,"",%progbits
ARM GAS  C:\Users\user\AppData\Local\Temp\cciMxblQ.s 			page 13


 171 0000 68616C49 		.ascii	"halInit\000"
 171      6E697400 
 172 0008 00       		.ascii	"\000"
 173 0009 00       		.ascii	"\000"
 174 000a 00       		.ascii	"\000"
 175 000b 00000000 		.ascii	"\000\000\000\000\000\000\000\000"
 175      00000000 
 176 0013 E9000000 		.ascii	"\351\000\000\000"
 177 0017 70616C5F 		.ascii	"pal_default_config\000"
 177      64656661 
 177      756C745F 
 177      636F6E66 
 177      696700
 178 002a 00       		.ascii	"\000"
 179 002b 02       		.ascii	"\002"
 180 002c 00       		.ascii	"\000"
 181 002d 00000000 		.ascii	"\000\000\000\000\000\000\000\000"
 181      00000000 
 182 0035 F7000000 		.ascii	"\367\000\000\000"
 183 0039 7374496E 		.ascii	"stInit\000"
 183      697400
 184 0040 00       		.ascii	"\000"
 185 0041 02       		.ascii	"\002"
 186 0042 00       		.ascii	"\000"
 187 0043 00000000 		.ascii	"\000\000\000\000\000\000\000\000"
 187      00000000 
 188 004b EB000000 		.ascii	"\353\000\000\000"
 189 004f 626F6172 		.ascii	"boardInit\000"
 189      64496E69 
 189      7400
 190 0059 00       		.ascii	"\000"
 191 005a 02       		.ascii	"\002"
 192 005b 00       		.ascii	"\000"
 193 005c 00000000 		.ascii	"\000\000\000\000\000\000\000\000"
 193      00000000 
 194 0064 ED000000 		.ascii	"\355\000\000\000"
 195 0068 7364496E 		.ascii	"sdInit\000"
 195      697400
 196 006f 00       		.ascii	"\000"
 197 0070 02       		.ascii	"\002"
 198 0071 00       		.ascii	"\000"
 199 0072 00000000 		.ascii	"\000\000\000\000\000\000\000\000"
 199      00000000 
 200 007a EF000000 		.ascii	"\357\000\000\000"
 201 007e 5F70616C 		.ascii	"_pal_lld_init\000"
 201      5F6C6C64 
 201      5F696E69 
 201      7400
 202 008c 00       		.ascii	"\000"
 203 008d 02       		.ascii	"\002"
 204 008e 00       		.ascii	"\000"
 205 008f 00000000 		.ascii	"\000\000\000\000\000\000\000\000"
 205      00000000 
 206 0097 F3000000 		.ascii	"\363\000\000\000"
 207 009b 68616C5F 		.ascii	"hal_lld_init\000"
 207      6C6C645F 
 207      696E6974 
ARM GAS  C:\Users\user\AppData\Local\Temp\cciMxblQ.s 			page 14


 207      00
 208 00a8 00       		.ascii	"\000"
 209 00a9 02       		.ascii	"\002"
 210 00aa 00       		.ascii	"\000"
 211 00ab 00000000 		.ascii	"\000\000\000\000\000\000\000\000"
 211      00000000 
 212 00b3 F5000000 		.ascii	"\365\000\000\000"
 213              		.text
 214              		.section	.gnu.lto_.opts,"",%progbits
 215 0000 272D666D 		.ascii	"'-fmath-errno' '-fsigned-zeros' '-ftrapping-math' '"
 215      6174682D 
 215      6572726E 
 215      6F272027 
 215      2D667369 
 216 0033 2D666E6F 		.ascii	"-fno-trapv' '-fno-openmp' '-fno-openacc' '-mcpu=cor"
 216      2D747261 
 216      70762720 
 216      272D666E 
 216      6F2D6F70 
 217 0066 7465782D 		.ascii	"tex-m4' '-mno-thumb-interwork' '-mthumb' '-ggdb' '-"
 217      6D342720 
 217      272D6D6E 
 217      6F2D7468 
 217      756D622D 
 218 0099 4F322720 		.ascii	"O2' '-fomit-frame-pointer' '-falign-functions=16' '"
 218      272D666F 
 218      6D69742D 
 218      6672616D 
 218      652D706F 
 219 00cc 2D666675 		.ascii	"-ffunction-sections' '-fdata-sections' '-fno-common"
 219      6E637469 
 219      6F6E2D73 
 219      65637469 
 219      6F6E7327 
 220 00ff 2720272D 		.ascii	"' '-flto'\000"
 220      666C746F 
 220      2700
 221              		.text
 222              		.comm	__gnu_lto_v1,1,1
 223              		.comm	__gnu_lto_slim,1,1
 224              		.ident	"GCC: (GNU Tools for ARM Embedded Processors 6-2017-q1-update) 6.3.1 20170215 (release) [AR
ARM GAS  C:\Users\user\AppData\Local\Temp\cciMxblQ.s 			page 15


DEFINED SYMBOLS
                            *ABS*:00000000 hal.c
                            *COM*:00000001 __gnu_lto_v1
                            *COM*:00000001 __gnu_lto_slim

NO UNDEFINED SYMBOLS
