ARM GAS  C:\Users\user\AppData\Local\Temp\ccA3Z1wg.s 			page 1


   1              		.cpu cortex-m4
   2              		.eabi_attribute 20, 1
   3              		.eabi_attribute 21, 1
   4              		.eabi_attribute 23, 3
   5              		.eabi_attribute 24, 1
   6              		.eabi_attribute 25, 1
   7              		.eabi_attribute 26, 1
   8              		.eabi_attribute 30, 2
   9              		.eabi_attribute 34, 1
  10              		.eabi_attribute 18, 4
  11              		.file	"hal_pal.c"
  12              		.text
  13              	.Ltext0:
  14              		.section	.gnu.lto_.profile.824f08c,"",%progbits
  15 0000 789C6365 		.ascii	"x\234ce`b`a```d\320\220\001\000\000\354\000Q"
  15      60626061 
  15      60606064 
  15      D0900100 
  15      00EC0051 
  16              		.text
  17              		.section	.gnu.lto_.icf.824f08c,"",%progbits
  18 0000 789C6365 		.ascii	"x\234ce`b\020a@\000f\206\343\227n\235fc\334\276\377"
  18      60621061 
  18      40006686 
  18      E3976E9D 
  18      6663DCBE 
  19 0015 D00F76A6 		.ascii	"\320\017v\246u;\036\256\342e\000\000hQ\011\233"
  19      753B1EAE 
  19      E2650000 
  19      6851099B 
  20              		.text
  21              		.section	.gnu.lto_.jmpfuncs.824f08c,"",%progbits
  22 0000 789C6365 		.ascii	"x\234ce`bPb@\000f\006FF\306zF&FF\346\372z&0\305\310"
  22      60625062 
  22      40006606 
  22      4646C67A 
  22      46264646 
  23 001b 069162AA 		.ascii	"\006\221b\252d\004Q\0009\324\002\300"
  23      64045100 
  23      39D402C0 
  24              		.text
  25              		.section	.gnu.lto_.inline.824f08c,"",%progbits
  26 0000 789C6365 		.ascii	"x\234ce`b\370\316\200\000\314\014\014\234\034\214\314"
  26      6062F8CE 
  26      8000CC0C 
  26      0C9C1C8C 
  26      CC
  27 0011 0C0A8C20 		.ascii	"\014\012\214 &\210t\000\223\012\034l\037\364\030\330"
  27      26887400 
  27      930A1C6C 
  27      1FF418D8 
  28 0021 16C83331 		.ascii	"\026\310310\276`g\201\220 \202\003\314\344\000\021\002"
  28      30BE6067 
  28      81902082 
  28      03CCE400 
  28      1102
  29 0033 60A600C8 		.ascii	"`\246\000\310\030F\006>^F\026\210)\214@\022b\224\002"
ARM GAS  C:\Users\user\AppData\Local\Temp\ccA3Z1wg.s 			page 2


  29      1846063E 
  29      5E461688 
  29      298C4012 
  29      629402
  30 0046 C4406EA6 		.ascii	"\304@n\246\013\374\030F\001\305P\014aY /\001b)010\357"
  30      0BFC1846 
  30      01C5500C 
  30      6159202F 
  30      01622930 
  31 005d 10576000 		.ascii	"\020W`\000Zo\0012\231\211\201[\030\305}PC9\201r\304"
  31      5A6F0132 
  31      9989815B 
  31      18C57D50 
  31      43398172 
  32 0072 390F6893 		.ascii	"9\017h\223\004\310$\026^\240w'\370\201 \003\000\006"
  32      04C82416 
  32      5EA07727 
  32      F8812003 
  32      0006
  33 0084 0820CB   		.ascii	"\010 \313"
  34              		.text
  35              		.section	.gnu.lto_.pureconst.824f08c,"",%progbits
  36 0000 789C6365 		.ascii	"x\234ce`b`g```f\220b\224b\222\004\000\001\307\000b"
  36      60626067 
  36      60606066 
  36      90629462 
  36      92040001 
  37              		.text
  38              		.section	.gnu.lto_palReadBus.824f08c,"",%progbits
  39 0000 789C9591 		.ascii	"x\234\225\221\277k\024Q\020\307\347\373fowO\243\377"
  39      BF6B1451 
  39      10C7E7FB 
  39      666F774F 
  39      A3FF
  40 0012 8029AE08 		.ascii	"\200)\256\010\2044.\202\030H\033\260\025\214\345\201"
  40      84342E82 
  40      18481BB0 
  40      158CE581 
  41 0022 24679183 		.ascii	"$g\221\203\300\211k\352\274[\223\250\021\177 \211\227"
  41      C0896BEA 
  41      BC5B93A8 
  41      117F2089 
  41      97
  42 0033 A8972D34 		.ascii	"\250\227-4\304\250\371\351\217\"\325\221\010\202\340"
  42      C4A8F9E9 
  42      8F22D591 
  42      0882E0
  43 0042 8FA4B112 		.ascii	"\217\244\261\022Em\016\264\360\032\033\211\316\274K"
  43      456D0EB4 
  43      F01A1B89 
  43      CEBC4B
  44 0051 E00A9B14 		.ascii	"\340\012\233\024;o\346\315\314g\346\273/C\206bC\324"
  44      3B6FE6CD 
  44      CC67E6BB 
  44      2F438662 
  44      43D4
  45 0063 434447E4 		.ascii	"CDG\344\003\023\314\255wD\345\320\000\352\330\0204b"
ARM GAS  C:\Users\user\AppData\Local\Temp\ccA3Z1wg.s 			page 3


  45      0313CCAD 
  45      7744E5D0 
  45      00EAD810 
  45      3462
  46 0075 30829B5C 		.ascii	"0\202\233\\al\215\256\334\347\033\234J\231'\341\257"
  46      616C8DAE 
  46      DCE71B9C 
  46      4A9927E1 
  46      AF
  47 0086 B777BF1D 		.ascii	"\267w\277\035\326\020\310Ix\317n_\015\272\346\255Ml"
  47      D610C849 
  47      78CF6E5F 
  47      0DBAE6AD 
  47      4D6C
  48 0098 AD72DB9F 		.ascii	"\255r\333\237]\373`\263)\033\232\221\362Gh\307<\332"
  48      5DFB60B3 
  48      291B9A91 
  48      F24768C7 
  48      3CDA
  49 00aa 75C602BA 		.ascii	"u\306\002\272\244xl\2532\316\334\015\022\377\323\347"
  49      A4786CAB 
  49      32CEDC0D 
  49      12FFD3E7 
  50 00ba 2F0B61E7 		.ascii	"/\013a\347\234k|5\311\266#e\306cpk\243\\\021\236\240"
  50      9C6B7C35 
  50      C9B62365 
  50      C663706B 
  50      A35C119E 
  51 00cf 53EBBFAE 		.ascii	"S\353\277\256\356L\035\362\275\007L\312\026\344S\370"
  51      EE4C1DF2 
  51      BD074CCA 
  51      16E453F8 
  52 00df 9073791B 		.ascii	"\220sy\0335\273\363\367\262\255\375x\210\352\311\254"
  52      35BBF3F7 
  52      B2ADFD78 
  52      88EAC9AC 
  53 00ef 68900E96 		.ascii	"h\220\016\226^\317\023\223\311\210\361}\365\0025!\351"
  53      5ECF1393 
  53      C988F17D 
  53      F5023521 
  53      E9
  54 0100 76342108 		.ascii	"v4!\010\225zM\0029\271\216d\275~}\323Wj\225U\366\235"
  54      957A4D02 
  54      39B98E64 
  54      BD7E7DD3 
  54      576A9555 
  55 0116 B18DF781 		.ascii	"\261\215\367\201\352d\267\356\357\327o\256\264\245\250"
  55      EA64B7EE 
  55      EFD76FAE 
  55      B4A5A8
  56 0125 96ADB5B9 		.ascii	"\226\255\265\271\224\203*\033,\2526\311\315}O\226\202"
  56      94832A1B 
  56      2CAA36C9 
  56      CD7D4F96 
  56      82
  57 0136 68D13653 		.ascii	"h\3216S!\226\220bZw$,#\242:6\326\263M\260\327\012\016"
  57      21969062 
ARM GAS  C:\Users\user\AppData\Local\Temp\ccA3Z1wg.s 			page 4


  57      5A77242C 
  57      23A23A36 
  57      D6B34DB0 
  58 014d FF07CECA 		.ascii	"\377\007\316\312t\254\354\202?6\032\233m\002\036-k\352"
  58      74ACEC82 
  58      3F361A9B 
  58      6D021E2D 
  58      6BEA
  59 015f 00561D58 		.ascii	"\000V\035XUc\315\201\223=pf_+\036\3043G2Jz\356H\227"
  59      5563CD81 
  59      933D7066 
  59      5F2B1EC4 
  59      3347324A 
  60 0177 1AE368A2 		.ascii	"\032\343h\242tM\001\266\322\203}\321\015^8\272{\245"
  60      744D01B6 
  60      D2837DD1 
  60      0D5E38BA 
  60      7BA5
  61 0189 974DFA9F 		.ascii	"\227M\372\237=z\350\006\004\364\023In\367F\177\324\204"
  61      3D7AE806 
  61      04F41349 
  61      6EF7467F 
  61      D484
  62 019b A8927790 		.ascii	"\250\222w\220\205\216\367\366\344O\2379\325\227\357"
  62      858EF7F6 
  62      E44F9F39 
  62      D597EF
  63 01aa 1D2C0E14 		.ascii	"\035,\016\024\373.\016\237+\226\362\005\365K\361\261"
  63      FB2E0E9F 
  63      2B96F205 
  63      F54BF1B1 
  64 01ba EE135129 		.ascii	"\356\023Q)\216\006\373\207\242\370BA\317\263\347\373"
  64      8E06FB87 
  64      A2F84241 
  64      CFB3E7FB 
  65 01ca 878E1688 		.ascii	"\207\216\026\210\007\206\343\177\307\214\321s"
  65      0786E37F 
  65      C78CD173 
  66              		.text
  67              		.section	.gnu.lto_palWriteBus.824f08c,"",%progbits
  68 0000 789C9553 		.ascii	"x\234\225SKh\023Q\024}g\336d>\311D]\012v\321\205\020"
  68      4B681351 
  68      147D67DE 
  68      643EC944 
  68      5D0A76D1 
  69 0016 BA7110C4 		.ascii	"\272q\020\304\202.\\\024\\*X\227\001i\342\242\201B\304"
  69      822E5C14 
  69      5C2A5897 
  69      0169E2A2 
  69      8142C4
  70 0029 B4EB4E62 		.ascii	"\264\353Nb\223J\213\037\220&U\032F\224Z\243\366\347"
  70      934A8B1F 
  70      9026551A 
  70      46945AA3 
  70      F6E7
  71 003b 3F5D4888 		.ascii	"?]H\210\213\202T\245]\350FQ\264\012]\010\265\010\272"
  71      8B8254A5 
ARM GAS  C:\Users\user\AppData\Local\Temp\ccA3Z1wg.s 			page 5


  71      5DE84651 
  71      B40A5D08 
  71      B508BA
  72 004e 90D47BDF 		.ascii	"\220\324{\3374Z\305M\037\274\373\336\375\235w\357\271"
  72      345AC54D 
  72      1FBCFBDE 
  72      FD9D77EF 
  72      B9
  73 005f 3321A189 		.ascii	"3!\241\211#R\210CB\210]\264!\005\264\213/\204\310Z\032"
  73      23528843 
  73      42885DB4 
  73      2105B48B 
  73      2F84C85A 
  74 0074 C017CF82 		.ascii	"\300\027\317\202\350\327\320\217\013\262$Q\037\374\\"
  74      E8D7D08F 
  74      0BB22451 
  74      1FFC5C
  75 0083 D5DA263C 		.ascii	"\325\332&<Z\265\3227\243\340\345w\372\224~\2316/L\240"
  75      5AB5D237 
  75      A3E0E577 
  75      FA947E99 
  75      362F4CA0 
  76 0097 8DA21607 		.ascii	"\215\242\026\007f\306\344y\351K@'\365\353\363+\037\267"
  76      66C6E479 
  76      E94B4027 
  76      F5EBF32B 
  76      1FB7
  77 00a9 B1AAA195 		.ascii	"\261\252\241\225\324\374b\251 e;\004\335\337\276{_\261"
  77      D4FC62A9 
  77      20653B04 
  77      DDDFBE7B 
  77      5FB1
  78 00bb 62E39E97 		.ascii	"b\343\236\227\363j\013\227\244\267\333\227\022\267 "
  78      F36A0B97 
  78      A4B7DB97 
  78      12B720
  79 00ca 091015B4 		.ascii	"\011\020\025\264\340&Z\004\231\004n#F\341\345\306\265"
  79      E0265A04 
  79      99046E23 
  79      46E1E5C6 
  79      B5
  80 00db F9883CA8 		.ascii	"\371\210<\250R\253\376X\305\330H}3\242Ru\334\3717U\027"
  80      52ABFE58 
  80      C5D8487D 
  80      33A25275 
  80      DCF93755 
  81 00f0 98448CE3 		.ascii	"\230D\214\343?\3146F\242\206~\275Y.\246`\200\316\351"
  81      3FCC3646 
  81      A2867EBD 
  81      592EA660 
  81      80CEE9
  82 0103 25D4BCC6 		.ascii	"%\324\274\306\372 \025p\003\353\207\267S\337\364\230"
  82      FA201570 
  82      03EB87B7 
  82      53DFF498 
  83 0113 A4DC900E 		.ascii	"\244\334\220\016N\016\321\3250X\230,,\022\246\315\""
  83      4E0ED1D5 
ARM GAS  C:\Users\user\AppData\Local\Temp\ccA3Z1wg.s 			page 6


  83      3058982C 
  83      2C12A6CD 
  83      22
  84 0124 CC6A8485 		.ascii	"\314j\204\205\303\"\312B\210!\002g\342\206\245\306\247"
  84      C322CA42 
  84      88210267 
  84      E286A5C6 
  84      A7
  85 0135 5C416E6E 		.ascii	"\\Ann\345I\222\237+K\346\260\230\257\2774\231\016\251"
  85      E549929F 
  85      2B4BE6B0 
  85      98AFBF34 
  85      990EA9
  86 0148 FAF83EFF 		.ascii	"\372\370>\377\354\254\343\243\234%N[}i\225\211\246i"
  86      ECACE3A3 
  86      9C254E5B 
  86      7D699589 
  86      A669
  87 015a AA9D7DE3 		.ascii	"\252\235}\343\313\271)\323\235\364\002\227\215\031\370"
  87      CBB929D3 
  87      9DF40297 
  87      8D19F8
  88 0169 18555C63 		.ascii	"\030U\\c\026\256 \350F\001\001r\250L\275\362[v\240\033"
  88      16AE20E8 
  88      46010172 
  88      A84CBDF2 
  88      5B76A01B 
  89 017d 5B82D671 		.ascii	"[\202\326qWA3!\270\247\240\317\374lB\233\012\335\330"
  89      57413321 
  89      B8A7A0CF 
  89      FC6C429B 
  89      0ADDD8
  90 0190 8C6E6D09 		.ascii	"\214nm\011=\214\373\012]c\364\007\001z\261\211n\007"
  90      3D8CFB0A 
  90      5D63F407 
  90      017AB189 
  90      6E07
  91 01a2 684BAB0B 		.ascii	"hK\253\013\345\010\263bb\007\036\022\014\305\2546c\302"
  91      E508B362 
  91      62071E12 
  91      0CC5AC36 
  91      63C2
  92 01b4 AA08FBAF 		.ascii	"\252\010\373\257\252\"\324pP\325\2378G\231-\266\375"
  92      AA22D470 
  92      50D59F38 
  92      47992DB6 
  92      FD
  93 01c5 68DAA22A 		.ascii	"h\332\242*\335![\275\250\252\337<\002\373\177# \010"
  93      DD215BBD 
  93      A8AADF3C 
  93      02FB7F23 
  93      2008
  94 01d7 89471B9D 		.ascii	"\211G\033\235\274^[{\352P'\003Yv9x\254:\341\031\220"
  94      BC5E5B7B 
  94      EA502703 
  94      59763978 
  94      AC3AE119 
ARM GAS  C:\Users\user\AppData\Local\Temp\ccA3Z1wg.s 			page 7


  95 01ec 7378F9D3 		.ascii	"sx\371\323\253\320og\024U\270\2434\006\352r\016.=-\276"
  95      ABD06F67 
  95      1455B8A3 
  95      3406EA72 
  95      0E2E3D2D 
  96 0201 207775FD 		.ascii	" wu\375\234\252D\375 C\3040}\024D\304\276\216\003\361"
  96      9CAA44FD 
  96      2043C430 
  96      7D1444C4 
  96      BE8E03F1 
  97 0215 63C78F76 		.ascii	"c\307\217v\306;\272S\211Tgo\337\311T:\236\344{:\263"
  97      C63BBA53 
  97      8954676F 
  97      DFC9543A 
  97      9EE47B3A 
  98 022a B77DBF9B 		.ascii	"\267}\277\233\316\270\335]=n\346t\222\317\023\247\272"
  98      CEB8DD5D 
  98      3D6EE674 
  98      92CF13A7 
  98      BA
  99 023b 7AF62485 		.ascii	"z\366$\205L\364e\364D\2527\363\013{\024\021\307"
  99      4CF465F4 
  99      44AA37F3 
  99      0B7B1411 
  99      C7
 100              		.text
 101              		.section	.gnu.lto_palSetBusMode.824f08c,"",%progbits
 102 0000 789C9592 		.ascii	"x\234\225\222OhSA\020\306\347\333y\311{\261\255g\301"
 102      4F685341 
 102      10C6E7DB 
 102      79C97BB1 
 102      AD67C1
 103 0013 1E721042 		.ascii	"\036r\020B/>\004\261\240\007\017=x\024\254\007\017\001"
 103      2F3E04B1 
 103      A0070F3D 
 103      7814AC07 
 103      0F01
 104 0025 6913A181 		.ascii	"i\023\241\201J\304\330s\266\321\244R\241\025J\215\025"
 104      4AC4D873 
 104      B6D1A452 
 104      A1154A8D 
 104      15
 105 0036 C31324D4 		.ascii	"\303\023$\324\252\375gU\210\"\204^\004\377\322^\265"
 105      AAFD6755 
 105      8822845E 
 105      04FFD25E 
 105      B5
 106 0047 282A42D1 		.ascii	"(*B\321\202\342\301\213Vg6z\320[\027vwvw\276\337\316"
 106      82E2C18B 
 106      5667367A 
 106      D05B1776 
 106      777677BE 
 107 005d 7E6C8C0C 		.ascii	"~l\214\014e\015\321A\"\332)\035L0\027_\020\015\007\006"
 107      650DD141 
 107      22DA291D 
 107      4C30175F 
 107      100D0706 
ARM GAS  C:\Users\user\AppData\Local\Temp\ccA3Z1wg.s 			page 8


 108 0071 D0C006A0 		.ascii	"\320\300\006\240\242A\021\343\\e,\217|l\230\256i+\255"
 108      A24111E3 
 108      5C652C8F 
 108      7C6C98AE 
 108      692BAD
 109 0084 595DF52B 		.ascii	"Y]\365+\266\274#b\242)\351\3320\215.\311Z9\267p\225"
 109      B6BC2362 
 109      A229E9DA 
 109      308D2EC9 
 109      5A39B770 
 110 0099 C73862C0 		.ascii	"\3078b\300\223\345\327\347W\336o\327\245AR\226\345\225"
 110      93E5D7E7 
 110      57DE6FD7 
 110      A5415296 
 110      E595
 111 00ab 6A85B91B 		.ascii	"j\205\271\033$\361\332\233\2673A\252nm\3116_O\260\335"
 111      24F1DA9B 
 111      B73341AA 
 111      6E6DC936 
 111      5F4FB0DD 
 112 00bf 1531E326 		.ascii	"\0251\343&X\200\230A'n\240\223d\213p\013)I\377\266T"
 112      58809841 
 112      276EA093 
 112      648B700B 
 112      2949FFB6 
 113 00d4 9F68E303 		.ascii	"\237h\343\003N\372t\354\321\261?\312g\223N\351\341\366"
 113      4EFA74EC 
 113      D1B13FCA 
 113      67934EE9 
 113      E1F6
 114 00e6 FF4A8F30 		.ascii	"\377J\2170\213\224\246\277[\334\234\354\210{\327\377"
 114      8B94A6BF 
 114      5BDC9CEC 
 114      887BD7FF 
 115 00f6 568B39C4 		.ascii	"V\2139\304!\363\374*\232v\363\327\210m\376\250c\355"
 115      21F3FC2A 
 115      9A76F3D7 
 115      886DFEA8 
 115      63ED
 116 0108 50429E2D 		.ascii	"PB\236-w\261hc\236\014\361\230\014~\\#\037\216E\243"
 116      77B16863 
 116      9E0CF198 
 116      0C7E5C23 
 116      1F8E45A3 
 117 011c 2257672E 		.ascii	"\"Wg.\260\321\231\327Qz\260\276\221Q`\215\325\244K\345"
 117      B0D199D7 
 117      517AB0BE 
 117      9151608D 
 117      D5A44BE5 
 118 0130 E597BEBE 		.ascii	"\345\227\276\276\227]\241\337\037?9\337\036\2416,\246"
 118      975DA1DF 
 118      1F3F39DF 
 118      1EA1362C 
 118      A6
 119 0141 25230E6A 		.ascii	"%#\016j\342\303\274T\247g\365\017\2459?\234\265\255"
 119      E2C3BC54 
 119      A767F50F 
ARM GAS  C:\Users\user\AppData\Local\Temp\ccA3Z1wg.s 			page 9


 119      A5393F9C 
 119      B5AD
 120 0153 A3041610 		.ascii	"\243\004\026\020\341\2623\023\213\010I\321\211\026\330"
 120      E1B23313 
 120      8B0849D1 
 120      8916D8
 121 0162 DB12691B 		.ascii	"\333\022i\033\3568\222\276\020K\377\222b[\"\265\341"
 121      EE3892BE 
 121      104BFF92 
 121      625B22B5 
 121      E1
 122 0173 AE231925 		.ascii	"\256#\031%\335s\244\263_*h\241\264.\001\322'T\222\272"
 122      DD73A4B3 
 122      5F2A68A1 
 122      B42E01D2 
 122      275492BA 
 123 0187 A3F246E3 		.ascii	"\243\362F\343\363+\277\370\323\006\021\267Oi\001\270"
 123      F32BBFF8 
 123      D30611B7 
 123      4F6901B8 
 124 0197 8F228933 		.ascii	"\217\"\2113.\335\217\270\2036P\272\366p\3341\334\267"
 124      2EDD8FB8 
 124      833650BA 
 124      F670DC31 
 124      DCB7
 125 01a9 19953471 		.ascii	"\031\2254qR\256\330\333\263?}\344\350\341\336t\317@"
 125      52AED8DB 
 125      B33F7DE4 
 125      E8E1DE74 
 125      CF40
 126 01bb AE3FD77B 		.ascii	"\256?\327{f(\233\313\2473\032\347\013{\272\367\205\371"
 126      66289BCB 
 126      A7331AE7 
 126      0B7BBAF7 
 126      85F9
 127 01cd 4238D037 		.ascii	"B8\3207\030\026Ngt>~\252opw\206\270\177\250\340\235"
 127      18164E67 
 127      743E7EAA 
 127      6F707786 
 127      B87FA8E0 
 128 01e2 CC674FFC 		.ascii	"\314gO\374\006\323I\3179"
 128      06D349CF 
 128      39
 129              		.text
 130              		.section	.gnu.lto_.symbol_nodes.824f08c,"",%progbits
 131 0000 789C6365 		.ascii	"x\234ce`b\010d\000\002\246\251L\365\014\014\023\316"
 131      60620864 
 131      0002A6A9 
 131      4CF50C0C 
 131      13CE
 132 0012 313000A9 		.ascii	"10\000\251]\015\216@\221iL\365\214\250\"\323\231\352"
 132      5D0D8E40 
 132      91694CF5 
 132      8CA822D3 
 132      99EA
 133 0024 99504418 		.ascii	"\231PD\030g1\3253\203E\030\030\032\032\034\030\030\230"
 133      6731D533 
ARM GAS  C:\Users\user\AppData\Local\Temp\ccA3Z1wg.s 			page 10


 133      83451818 
 133      1A1A1C18 
 133      1898
 134 0036 99981996 		.ascii	"\231\230\031\226<\374\307\310\000\000;c\023\370"
 134      3CFCC7C8 
 134      00003B63 
 134      13F8
 135              		.text
 136              		.section	.gnu.lto_.refs.824f08c,"",%progbits
 137 0000 789C6365 		.ascii	"x\234ce`b`d\000\002\000\000I\000\011"
 137      60626064 
 137      00020000 
 137      490009
 138              		.text
 139              		.section	.gnu.lto_.decls.824f08c,"",%progbits
 140 0000 789CB558 		.ascii	"x\234\265X{P\024G\032\237oz\027\226aA\013\274\234U1"
 140      7B501447 
 140      1A9F6F7A 
 140      17966141 
 140      0BBC9C55 
 141 0015 292E85BA 		.ascii	").\205\272wu\021\301+M\345Q\345E\315\243b\016k5\311"
 141      777511C1 
 141      2B4DE551 
 141      E545CDA3 
 141      620E6B35 
 142 002a 5D1D557B 		.ascii	"]\035U{\010\253RA\326c\227\253\312_7<\214o]\324\020"
 142      08AB5241 
 142      D66397AB 
 142      CA5F373C 
 142      8C6F5DD4 
 143 003f C4471015 		.ascii	"\304G\020\025AT\210\361E\000C\000EA\304\027\362\020"
 143      415488F1 
 143      45004300 
 143      4541C417 
 143      F210
 144 0051 04DFCF20 		.ascii	"\004\337\317 \256D\221 \336\327\335\263;\343f7\225\252"
 144      AE449120 
 144      DED7DDB3 
 144      3BE36637 
 144      95AA
 145 0063 BB9BA2A7 		.ascii	"\273\233\242\247\247{~\337\367\375\276G\367\364\242"
 145      A77B7EDF 
 145      F7FDBE47 
 145      F7F4A2
 146 0072 1744410A 		.ascii	"\027DA\012\027\204\261D\020d\020\204gx\351\004A\330"
 146      1784B144 
 146      10641084 
 146      6778E904 
 146      41D8
 147 0084 23A8171D 		.ascii	"#\250\027\035\007\343\273\221\330Fc{\031\204\237]\277"
 147      07E3BB91 
 147      D846637B 
 147      19849F5D 
 147      BF
 148 0095 1505C188 		.ascii	"\025\005\301\210}\030\266Q\330\312\261\031\020\327\217"
 148      7D18B651 
 148      D8CAB119 
ARM GAS  C:\Users\user\AppData\Local\Temp\ccA3Z1wg.s 			page 11


 148      10D78F
 149 00a4 FD786CB1 		.ascii	"\375xl\261\330\002q\374\030{\027\266#\330\206\025\335"
 149      D80271FC 
 149      187B17B6 
 149      23D88615 
 149      DD
 150 00b5 80F377A9 		.ascii	"\200\363w\251\022\354E`\035\263G\373W\275l\375\016\355"
 150      12EC4560 
 150      1DB347FB 
 150      57BD6CFD 
 150      0EED
 151 00c7 8462FFB1 		.ascii	"\204b\377\261\306\026\265C\355\371\2625\254\330kWl\352"
 151      C616B543 
 151      EDF9B235 
 151      ACD86B57 
 151      6CEA
 152 00d9 157BD40E 		.ascii	"\025{\324\0165\320\213]\033\177d\376\321>\306\313f\264"
 152      35D08B5D 
 152      1B7F64FE 
 152      D13EC6CB 
 152      66B4
 153 00eb 1F9BE17E 		.ascii	"\037\233\341~\374+W\354N\302\361K\330\210\227MT\347"
 153      FC2B57EC 
 153      4EC2F14B 
 153      D888974D 
 153      54E7
 154 00fd 89239D7A 		.ascii	"\211#\235z\303\313\336\227\004\016\256\252\253\022/"
 154      C3CBDE97 
 154      040EAEAA 
 154      AB122F
 155 010c 41272016 		.ascii	"A' \026F\262Y\000~\007\326\330\360\231\373\002`\363"
 155      46B25900 
 155      7E07D6D8 
 155      F099FB02 
 155      60F3
 156 011e 382B0A8A 		.ascii	"8+\012\212R\367\024\270%\224\261\250\014EE%\373S\204"
 156      52F714B8 
 156      2594B1A8 
 156      0C454525 
 156      FB5384
 157 0131 41A391BF 		.ascii	"A\243\221\277\346\226\334\027\247\317\037\230\230[\032"
 157      E696DC17 
 157      A7CF1F98 
 157      985B1A
 158 0140 44D50080 		.ascii	"D\325\000\200V@\243\220\323V\336{\370\011\252s\340\366"
 158      5640A390 
 158      D356DE7B 
 158      F809AA73 
 158      E0F6
 159 0152 FEC18693 		.ascii	"\376\301\206\2237\244n\350\242\263\371S\201\315]>[\371"
 159      37A46EE8 
 159      A2B3F953 
 159      81CD5D3E 
 159      5BF9
 160 0164 D4403084 		.ascii	"\324@0\204\370\334\375\244\350\235\011\273e~\031^R\303"
 160      F8DCFDA4 
 160      E89D09BB 
ARM GAS  C:\Users\user\AppData\Local\Temp\ccA3Z1wg.s 			page 12


 160      657E195E 
 160      52C3
 161 0176 7626AB6C 		.ascii	"v&\253l\023YM L\002\035\325\323\224w5\024\207\243$\210"
 161      13594D20 
 161      4C021DD5 
 161      D3947735 
 161      1487A324 
 162 018b C0615E45 		.ascii	"\300a^E\177\203\236\2775\340\360Ya\3312\003y\201i\354"
 162      7F839EBF 
 162      35E0F059 
 162      61D93203 
 162      798169EC 
 163 019f 3A5E5C42 		.ascii	":^\\B\005\307K@\311\216\300\251\322{\345OB\370\024E"
 163      05C74B40 
 163      C98EC0A9 
 163      D27BE54F 
 163      42F81445 
 164 01b3 9C5DE3DA 		.ascii	"\234]\343\332\036H^\244\317\342\206\206\326\032\035"
 164      1E485EA4 
 164      CFE28686 
 164      D61A1D
 165 01c2 98A4426A 		.ascii	"\230\244Bj\277\372q\377\370\354%\262,\3027 \301\327"
 165      BFFA71FF 
 165      F8EC25B2 
 165      2CC23720 
 165      C1D7
 166 01d4 4060174C 		.ascii	"@`\027L\240\336\214\227\360\276T\2263dg\246\034\364"
 166      A0DE8C97 
 166      F0BE5496 
 166      336467A6 
 166      1CF4
 167 01e6 9E00BB61 		.ascii	"\236\000\273a\014\224\300\030\001\366\201\211\252\245"
 167      0C94C018 
 167      01F68189 
 167      AAA5
 168 01f4 3828C3C9 		.ascii	"8(\303\311R\234D\023\305\333\263\013\002\310Z`6\216"
 168      529C4413 
 168      C5DBB30B 
 168      02C85A60 
 168      368E
 169 0206 1DB9D8A6 		.ascii	"\035\271\330\246\003\311\344S\301A\037\0128\231\356"
 169      03C9E453 
 169      C1411F0A 
 169      3899EE
 170 0215 92578E2D 		.ascii	"\222W\216-\246d\016 \231\375*\031\344\306C\224U\367"
 170      A6640E20 
 170      99FD2A19 
 170      E4C64394 
 170      55F7
 171 0227 283B840C 		.ascii	"(;\204\014q#\253\217\326?\321{\034i>\361f\363yY\216"
 171      7123AB8F 
 171      D63FD17B 
 171      1C693EF1 
 171      66F37959 
 172 023c 8072943D 		.ascii	"\200r\224=\244\312\036\000\277\236\034\366\355I\313"
 172      A4CA1E00 
 172      BF9E1CF6 
ARM GAS  C:\Users\user\AppData\Local\Temp\ccA3Z1wg.s 			page 13


 172      ED49CB
 173 024b 03574E28 		.ascii	"\003WN(i\341\331\332\370\260\353v\020\017\273I\223\224"
 173      69E1D9DA 
 173      F8B0EB76 
 173      100FBB49 
 173      9394
 174 025d 309E9481 		.ascii	"0\236\224\201\255\327\326\212\244\223C\227\356^]K$\264"
 174      ADD7D68A 
 174      A4934397 
 174      EE5E5D4B 
 174      24B4
 175 026f 94F9AB5C 		.ascii	"\224\371\253\\F\211\262g\353{B\310e.\336\233u\275'\230"
 175      4689B267 
 175      EB7B42C8 
 175      652EDE9B 
 175      75BD2798 
 176 0283 AB1E8DC3 		.ascii	"\253\036\215\303=\003\335\007\365\344\006\177\267j}"
 176      3D03DD07 
 176      F5E4067F 
 176      B76A7D
 177 0292 4D8D8EDC 		.ascii	"M\215\216\334\345\203m\033\262\227\350I\037\037\024"
 177      E5836D1B 
 177      B297E849 
 177      1F1F14
 178 02a1 AF759649 		.ascii	"\257u\226I\304\305\007g\373Nn\016\346%3\022\207G\237"
 178      C4C50767 
 178      FB4E6E0E 
 178      E6253312 
 178      87479F
 179 02b4 3DAE1EC1 		.ascii	"=\256\036\3015\2128\314\335\325:\030D\3729t\307\340"
 179      358A38CC 
 179      DDD53A18 
 179      44FA3974 
 179      C7E0
 180 02c6 4F7DB466 		.ascii	"O}\264f\306\321\232!\232\212\031\307+\346\273\306\023"
 180      C6D19A21 
 180      9A8A19C7 
 180      2BE6BBC6 
 180      13
 181 02d7 854632C8 		.ascii	"\205F2\310\300\242sk\311\212 w:\321=\275I\200\243\350"
 181      C0A2736B 
 181      C98A2077 
 181      3AD13DBD 
 181      4980A3E8 
 182 02eb C631EADB 		.ascii	"\3061\352\333I\364m\234\342\333\011\234<\356I\347\343"
 182      49F46D9C 
 182      E2DB099C 
 182      3CEE49E7 
 182      E3
 183 02fc FD2F97CB 		.ascii	"\375/\227\313\362Hh\304\2144\250\031\031\247$\363H\366"
 183      F24868C4 
 183      8C34A819 
 183      19A724F3 
 183      48F6
 184 030e C51B1259 		.ascii	"\305\033\022YL\230\211\241\314\234\373jUv\227\304\324"
 184      4C9889A1 
 184      CC9CFB6A 
ARM GAS  C:\Users\user\AppData\Local\Temp\ccA3Z1wg.s 			page 14


 184      557697C4 
 184      D4
 185 031f B1426846 		.ascii	"\261BhF\321&U\264QM\2467\215S>h\240\221\214\201\202"
 185      D12655B4 
 185      514DA637 
 185      8D533E68 
 185      A0918C81 
 186 0334 4A037514 		.ascii	"J\003u\024\007\272\207\217VvH\020\036\031i\312\246f"
 186      07BA878F 
 186      56764810 
 186      1E1969CA 
 186      A666
 187 0346 9CB23C55 		.ascii	"\234\262<UT\263$\300\031\010\247\012\340<\352:\007\221"
 187      54B324C0 
 187      1908A70A 
 187      E03CEA3A 
 187      0791
 188 0358 701622D9 		.ascii	"p\026\"\331\342,\240\006\261\302\"\253\\=\262\274\334"
 188      E22CA006 
 188      B1C222AB 
 188      5C3DB2BC 
 188      DC
 189 0369 C868D523 		.ascii	"\310h\325#-*\340a\020EU\034\245\212\024\201\232\267"
 189      2D2AE061 
 189      1045551C 
 189      A58A1481 
 189      9AB7
 190 037b 72E5EA0C 		.ascii	"r\345\352\014\302\320\247}\242\243)\230\273<\\)\341"
 190      C2D0A77D 
 190      A2A32998 
 190      BB3C5C29 
 190      E1
 191 038c 76403182 		.ascii	"v@1\202\342-\337\026t\347/\365\342\252\212\034e\212"
 191      E22DDF16 
 191      74E72FF5 
 191      E2AA8A1C 
 191      658A
 192 039e 2C60C00B 		.ascii	",`\300\013U\241\351L-UW\207j/\300(\265\322T\265k\231"
 192      55A1E94C 
 192      2D555787 
 192      6A2FC028 
 192      B5D254B5 
 193 03b4 8B99F254 		.ascii	"\213\231\362T\235\326E\012\246.\266\242\213m\350b\213"
 193      9DD6450A 
 193      A62EB6A2 
 193      8B6DE862 
 193      8B
 194 03c5 E22227D1 		.ascii	"\342\"'\321[9:]\226\201\242\264,\270;\217*\303\326e"
 194      5B393A5D 
 194      9681A2B4 
 194      2CB83B8F 
 194      2AC3D665 
 195 03d9 CAC727B2 		.ascii	"\312\307'\262\325Y\353\3370F\335U\331xR\034\205\014"
 195      D559EBDF 
 195      3046DD55 
 195      D978521C 
 195      850C
ARM GAS  C:\Users\user\AppData\Local\Temp\ccA3Z1wg.s 			page 15


 196 03eb D2FD3210 		.ascii	"\322\3752\020\2363\257)\3360^\274Y\265-\007\214d-K\034"
 196      9E33AF29 
 196      DE305EBC 
 196      59B52D07 
 196      8C642D4B 
 197 0400 5C6F2CCD 		.ascii	"\\o,\3150\220\034>\330\322\264\267QO\362\370\240\242"
 197      30901C3E 
 197      D8D2B4B7 
 197      514FF2F8 
 197      A0A2
 198 0412 64EF5991 		.ascii	"d\357Y\221\344\363\301\356\362\276\025@\212\370\340"
 198      E4F3C1EE 
 198      F2BE1540 
 198      8AF8E0
 199 0421 C1925207 		.ascii	"\301\222R\007)\345\317Y\233\235\315\"\327\375G\034\346"
 199      29E5CF59 
 199      9B9DCD22 
 199      D7FD471C 
 199      E6
 200 0432 2CDBD4A3 		.ascii	",\333\324\243\343\353\244\207\256\214}\027\212*\014"
 200      E3EBA487 
 200      AE8C7D17 
 200      8A2A0C
 201 0441 E400C386 		.ascii	"\344\000\303\2068\213\235\207$\210\304+<\222_\246\002"
 201      388B9D87 
 201      2488C42B 
 201      3C925FA6 
 201      02
 202 0452 392B13D3 		.ascii	"9+\023\323\371\346\006\271:\013\353\026\335\357F\367"
 202      F9E606B9 
 202      3A0BEB16 
 202      DDEF46F7 
 203 0462 6F61FC9F 		.ascii	"oa\374\237w\177\267\222|\212\036|KE_\365FW\200'Z\034"
 203      777FB792 
 203      7C8A1E7C 
 203      4B455FF5 
 203      46578027 
 204 0478 7D4783FE 		.ascii	"}G\203\376\316\033]\351\215vi\320U\276\321\234\212\247"
 204      CE1B5DE9 
 204      8D7669D0 
 204      55BED19C 
 204      8AA7
 205 048a CC310357 		.ascii	"\3141\003W\020p\231\275\273\245\224y\037\326\300=L\302"
 205      107099BD 
 205      BBA59479 
 205      1FD6C03D 
 205      4CC2
 206 049c 356CB7B1 		.ascii	"5l\267\261\375\200\355.\266\373\330z\261\335\301v\003"
 206      FD80ED2E 
 206      B6FBD87A 
 206      B1DDC176 
 206      03
 207 04ad DB4D6CD7 		.ascii	"\333Ml\327=K\201\022h\320\204\342\2227\201=\336t\257"
 207      3D4B8112 
 207      68D084E2 
 207      9237813D 
 207      DE74AF
ARM GAS  C:\Users\user\AppData\Local\Temp\ccA3Z1wg.s 			page 16


 208 04c0 68E87EEF 		.ascii	"h\350~\357\215\256\006\357\310uh\224wz\303;\274\225"
 208      8DAE06EF 
 208      C8756894 
 208      777AC33B 
 208      BC95
 209 04d2 0FBEA1A2 		.ascii	"\017\276\241\242{|fE\003>\253Q\335\345\233\267\207\011"
 209      7B7C6645 
 209      033EAB51 
 209      DDE59BB7 
 209      8709
 210 04e4 2EB24B55 		.ascii	".\262KU\022\307\267c\315\326\370f\256\321~\303\275@"
 210      12C7B763 
 210      CDD6F866 
 210      AED17EC3 
 210      BD40
 211 04f6 A8FA8BBE 		.ascii	"\250\372\213\276\231s\365\312j\253\010c\253\355\226"
 211      9973F5CA 
 211      6AAB0863 
 211      ABED96
 212 0505 F79A87EA 		.ascii	"\367\232\207\352\246\201\375zR\316\267\306\333\033o"
 212      A681FD7A 
 212      52CEB7C6 
 212      DB1B6F
 213 0514 950442B8 		.ascii	"\225\004B\270\311W2\341!\346\360\277\311'gr\354H\000"
 213      C95732E1 
 213      21E6F0BF 
 213      C9276772 
 213      EC4800
 214 0527 DD7C5CA8 		.ascii	"\335|\\\250\350\201\272\333R^\214\316\362\206\2165\241"
 214      E881BADB 
 214      525E8CCE 
 214      F2868E35 
 214      A1
 215 0538 C6E59E6F 		.ascii	"\306\345\236o(\003\252+\272\037\214\212\010b\017-\313"
 215      2803AA2B 
 215      BA1F8C8A 
 215      08620F2D 
 215      CB
 216 0549 BD19428E 		.ascii	"\275\031B\216q\352-\247\036\224\207\202\311\310\255"
 216      71EA2DA7 
 216      1E948782 
 216      C9C8AD
 217 0558 9CEA1899 		.ascii	"\234\352\030\231I\375}\214\370\037U3(\216\235\037\355"
 217      49FD7D8C 
 217      F81F5533 
 217      288E9D1F 
 217      ED
 218 0569 F0089D7A 		.ascii	"\360\010\235z\316\300O\267\326\267\003_\313F\272\301"
 218      CEC04FB7 
 218      D6B7035F 
 218      CB46BAC1 
 219 0579 57B4678F 		.ascii	"W\264g\217P\3262}\335\277\256\243;\224\234!\317\235"
 219      50D6327D 
 219      DDBFAEA3 
 219      3B949C21 
 219      CF9D
 220 058b 8C627F7E 		.ascii	"\214b\177~2\212\345\337\271{\247\233\317\001i\343t\353"
ARM GAS  C:\Users\user\AppData\Local\Temp\ccA3Z1wg.s 			page 17


 220      328AE5DF 
 220      B97BA79B 
 220      CF0169E3 
 220      74EB
 221 059d B65CDD17 		.ascii	"\266\\\335\027\340\357\330\362\014\211\304*\037\230"
 221      E0EFD8F2 
 221      0C89C42A 
 221      1F98
 222 05ab 219CFCC9 		.ascii	"!\234\374\311\363\235\273?\024\363\210\235\241\2061"
 222      F39DBB3F 
 222      14F3889D 
 222      A18631
 223 05ba EF4F55C7 		.ascii	"\357OU\307b\371\207N\177\276\252!WOw\224p\223\362%\311"
 223      62F9874E 
 223      7FBEAA21 
 223      574F7794 
 223      7093F225 
 224 05cf 2587779C 		.ascii	"%\207w\234Z)\347\327\000\223\031D\231L\321\337\022\242"
 224      5A29E7D7 
 224      00931944 
 224      994CD1DF 
 224      12A2
 225 05e1 12AEDFF3 		.ascii	"\022\256\337\363B\244\241\373\326\033\035\345\005\276"
 225      42A4A1FB 
 225      D61B1DE5 
 225      05BE
 226 05ef F2070EA6 		.ascii	"\362\007\016\246'\241\275>\301?\337\035\236\340\373"
 226      27A1BD3E 
 226      C13FDF1D 
 226      9EE0FB
 227 05fe 016695A2 		.ascii	"\001f\225\242i5e\211&H\027#!\003\233,j\253\345B1\257"
 227      69356589 
 227      26481723 
 227      21039B2C 
 227      6AABE542 
 228 0614 5B447AD5 		.ascii	"[Dz\325\355\223\342\207\375\204\014\352\370\371\254"
 228      ED93E287 
 228      FD840CEA 
 228      F8F9AC
 229 0623 7720CF00 		.ascii	"w \317\000\246p%\371%\254\304\226\240\366\305\242'D"
 229      A67025F9 
 229      25ACC496 
 229      A0F6C5A2 
 229      2744
 230 0635 54856F22 		.ascii	"T\205o\"\3609\332\377%.h\356\202suQ\260\266.\227\210"
 230      F039DAFF 
 230      252E68EE 
 230      82737551 
 230      B0B62E97 
 231 064a DABA5C2A 		.ascii	"\332\272\\*\032\025\340\267mw\257\211:\221\317\301\\"
 231      1A15E0B7 
 231      6D77AF89 
 231      3A91CFC1 
 231      5C
 232 065b 1D9D5BB1 		.ascii	"\035\235[\261\246j{\320\350\034v\014\317\224G\212,\\"
 232      A66A7BD0 
 232      E81C760C 
ARM GAS  C:\Users\user\AppData\Local\Temp\ccA3Z1wg.s 			page 18


 232      CF94478A 
 232      2C5C
 233 066d EECFB300 		.ascii	"\356\317\263\000\313\305\321x_&\352\270\206\245\235"
 233      CBC5D178 
 233      5F26EAB8 
 233      86A59D
 234 067c 87EBE195 		.ascii	"\207\353\341\225|9\277G\256\256/\"\313j\3531}0\225\302"
 234      7C39BF47 
 234      AEAE2F22 
 234      CB6AEB31 
 234      7D3095C2 
 235 0690 A0584D39 		.ascii	"\240XM9>\342\275\010\277\017\260\023wF\001V\210\257"
 235      3EE2BD08 
 235      BF0FB013 
 235      77460156 
 235      88AF
 236 06a2 A0F4CEDC 		.ascii	"\240\364\316\334\314\306`r@\317J.\257\253\363\232\304"
 236      CCC66072 
 236      40CF4A2E 
 236      AFABF39A 
 236      C4
 237 06b3 C8508B9C 		.ascii	"\310P\213\234\314\231\256\223't\036\202\253D6y\256b"
 237      CC99AE93 
 237      27741E82 
 237      AB443679 
 237      AE62
 238 06c5 67B541CB 		.ascii	"g\265A\313\360\343\0274\004\3270\202\253\335\004[2\032"
 238      F0E31734 
 238      04D73082 
 238      ABDD045B 
 238      321A
 239 06d7 CB8942F0 		.ascii	"\313\211B\360\302F#V\000\236\221\260&\021\006+\325\200"
 239      C2462356 
 239      009E91B0 
 239      2611062B 
 239      D580
 240 06e9 E3E3F304 		.ascii	"\343\343\363\004\235\214\340\323KW]\"\371\236\023\334"
 240      9D8CE0D3 
 240      4B575D22 
 240      F99E13DC 
 241 06f9 D5543CA4 		.ascii	"\325T<\244#\315l \256\252\331t\317\350oM\254\027\375"
 241      23CD6C20 
 241      AEAAD974 
 241      CFE86F4D 
 241      AC17FD
 242 070c 1DE59B4F 		.ascii	"\035\345\233OLlc\307\361u\242\004kE\257\3438M\311\232"
 242      4C6C63C7 
 242      F175A204 
 242      6B45AFE3 
 242      384DC99A 
 243 0720 1D038479 		.ascii	"\035\003\204yL\021<\012\335\262\353\036\361D\341\013"
 243      4C113C0A 
 243      DDB2EB1E 
 243      F144E10B 
 244 0730 1E85EBF7 		.ascii	"\036\205\353\367\007\277\014\364\033\205/Y\024r\334"
 244      07BF0CF4 
 244      1B852F59 
ARM GAS  C:\Users\user\AppData\Local\Temp\ccA3Z1wg.s 			page 19


 244      1472DC
 245 073f 5138BCB1 		.ascii	"Q8\274\261sK\240\232\246\333\265\327eY\322Q\024d\253"
 245      734BA09A 
 245      A6DBB5D7 
 245      6559D251 
 245      1464AB
 246 0752 24B2BD83 		.ascii	"$\262\275\203\220\313\202\360\303\216\314u#H\033\017"
 246      90CB82F0 
 246      C38ECC75 
 246      23481B0F 
 247 0762 822F7E3F 		.ascii	"\202/~?.\271~\012<\231\313\343\374\266\266]\335\034"
 247      2EB97E0A 
 247      3C99CBE3 
 247      FCB6B65D 
 247      DD1C
 248 0774 CA26E9E2 		.ascii	"\312&\351\342\334\310'O\345\354h ~Iof\2447\271I?8so"
 248      DCC8274F 
 248      E5EC6820 
 248      7E496F66 
 248      A437B949 
 249 078c 4F0092EE 		.ascii	"O\000\222\356\341q[\231yl\245\274\025\030\0146\250\254"
 249      E1715B99 
 249      796CA5BC 
 249      15180C36 
 249      A8AC
 250 079e 3750D6F4 		.ascii	"7P\326\364a\013c{\347Va\241Dz9\333\326\366\254reS\014"
 250      610B637B 
 250      E75661A1 
 250      447A39DB 
 250      D6F6AC72 
 251 07b5 A69BF0E5 		.ascii	"\246\233\360\345/\276\013\342\233b\033\343\330\3640"
 251      2FBE0BE2 
 251      9B621BE3 
 251      D8F430
 252 07c4 4722431C 		.ascii	"G\"C\034\373\264\357\364S#\307J"
 252      FBB4EFF4 
 252      5323C74A 
 253 07d0 D4D18CB2 		.ascii	"\324\321\214\262n=\375\331\"+\213\010\347\3255\264]"
 253      6E3DFDD9 
 253      222B8B08 
 253      E7D535B4 
 253      5D
 254 07e1 C47CE1A6 		.ascii	"\304|\341\246\001\333D\376\343h\240j\320H\026\007\260"
 254      01DB44FE 
 254      E368A06A 
 254      D0481607 
 254      B0
 255 07f2 F374CF36 		.ascii	"\363t\3176\327\335\0000\215\001\220\260\025\272\177"
 255      D7DD0030 
 255      8D0190B0 
 255      15BA7F
 256 0801 D3626831 		.ascii	"\323bh1d;\024\272x\345\311\250\276\357\337t\232\037"
 256      643B14BA 
 256      78E5C9A8 
 256      BEEFDF74 
 256      9A1F
 257 0813 DEFB0A64 		.ascii	"\336\373\012d2Z\200Ic`\"VQ!VQ\021\263S,\216\201\235"
ARM GAS  C:\Users\user\AppData\Local\Temp\ccA3Z1wg.s 			page 20


 257      325A8049 
 257      63602256 
 257      51215651 
 257      11B3532C 
 258 082a 68280F77 		.ascii	"h(\017w\012:\203\006\333W?\352\324\2059\225\035\"\002"
 258      0A3A8306 
 258      DB573FEA 
 258      D4853995 
 258      1D2202
 259 083d 98EEAD88 		.ascii	"\230\356\255\210\313\027)\277]b\230\233%E;\233\266n"
 259      CB1729BF 
 259      5D62989B 
 259      25453B9B 
 259      B66E
 260 084f 0C92141B 		.ascii	"\014\222\024\033K\177\321\006\242k\333\373+C\264\272"
 260      4B7FD106 
 260      A26BDBFB 
 260      2B43B4BA 
 261 085f 4B7E49F7 		.ascii	"K~I\367Pu\353\033c\267\311\247\253Yi\255\270\232%\247"
 261      5075EB1B 
 261      63B7C9A7 
 261      AB5969AD 
 261      B89A25A7 
 262 0873 7F8EBBE0 		.ascii	"\177\216\273\340n1\014\0120K\270\3225\262_\341\314\034"
 262      6E310C0A 
 262      304BB8D2 
 262      35B25FE1 
 262      CC1C
 263 0885 FC71B147 		.ascii	"\374q\261G\034K\327\177\375\235\036B\226\263\250\201"
 263      1C4BD77F 
 263      FD9D1E42 
 263      96B3A881 
 264 0895 B3B1FBAF 		.ascii	"\263\261\373\257~\343]\352\216w>\247\230\376p\333\335"
 264      7EE35DEA 
 264      8E773EA7 
 264      98FE70DB 
 264      DD
 265 08a6 106FF7D5 		.ascii	"\020o\367\325\315\272\214Q,uSl\315\277Yg\364v\310/z"
 265      CDBA8C51 
 265      2C75536C 
 265      CDBF5967 
 265      F476C82F 
 266 08bb 57C6914D 		.ascii	"W\306\221M\006\305\243+/\246\347W\247G\300\327\2127"
 266      06C5A32B 
 266      2FA6E757 
 266      A747C0D7 
 266      8A37
 267 08cd B82D6804 		.ascii	"\270-h\004\367*\336\354c\336\034\257\257i!\332m\227"
 267      F72ADEEC 
 267      63DE1CAF 
 267      AF6921DA 
 267      6D97
 268 08df 16AAEAC2 		.ascii	"\026\252\352\3027|\333\245=\202\207\207/\255\010&\271"
 268      377CDBA5 
 268      3D828787 
 268      2FAD0826 
 268      B9
ARM GAS  C:\Users\user\AppData\Local\Temp\ccA3Z1wg.s 			page 21


 269 08f0 DCF5A79D 		.ascii	"\334\365\247\235\351\303\3129<\224\376\023\343v\373"
 269      E9C3CA39 
 269      3C94FE13 
 269      E376FB
 270 08ff 36A54CFB 		.ascii	"6\245L\373\330/\333;\345\265\312\3778B\250h]_k\210\337"
 270      D82FDB3B 
 270      E5B5CAFF 
 270      3842A868 
 270      5D5F6B88 
 271 0914 481D7647 		.ascii	"H\035vG\352\020\217\324\232\326\256\214 \357H\035\304"
 271      EA108FD4 
 271      9AD6AE8C 
 271      20EF481D 
 271      C4
 272 0925 841C6009 		.ascii	"\204\034`\011)g\276\037v\373^w>\353\"\361\216\224_\364"
 272      2967BE1F 
 272      76FB5E77 
 272      3EEB22F1 
 272      8E945FF4 
 273 0939 4AA7EB46 		.ascii	"J\247\353F\240\022\251\216\227y\244\276U\"\205{\207"
 273      A012A98E 
 273      9779A4BE 
 273      5522857B 
 273      87
 274 094a 4670BF12 		.ascii	"Fp\277\022\251\012q\254 -\212O6[\343\023\337N\263\033"
 274      A90A71AC 
 274      202D8A4F 
 274      365BE313 
 274      DF4EB31B 
 275 095e DEFDCB47 		.ascii	"\336\375\313G\021\323\242\243\005\335\302x\373\247\222"
 275      11D3A2A3 
 275      05DDC278 
 275      FBA792
 276 096d C5929694 		.ascii	"\305\222\226\224\342\230\024cq|\232\360z\\\252\303f"
 276      E2981463 
 276      717C9AF0 
 276      7A5CAAC3 
 276      66
 277 097e 8F4B5890 		.ascii	"\217KX\22047\311\356HKL\262\3059l\266d{\334\374\224"
 277      3437C9EE 
 277      484B4CB2 
 277      C5396CB6 
 277      647BDCFC 
 278 0993 B408F614 		.ascii	"\264\010\366\024\021\237\2720\302\272p\25651\321\232"
 278      119FBA30 
 278      C2BA70AE 
 278      3531D19A 
 279 09a3 183779C2 		.ascii	"\0307y\302\244\210\230\211\321S\376\031\035\207\363"
 279      A4889889 
 279      D153FE19 
 279      1D87F3
 280 09b2 AFA6D852 		.ascii	"\257\246\330R\254\257Z\343\347&\305%\245$$\247%Z\343"
 280      ACAF5AE3 
 280      E726C525 
 280      A52424A7 
 280      255AE3
 281 09c5 16C6A3AE 		.ascii	"\026\306\243\256\024k\234%\321:/>-\331aq|\266\310j\237"
ARM GAS  C:\Users\user\AppData\Local\Temp\ccA3Z1wg.s 			page 22


 281      146B9C25 
 281      D13A2F3E 
 281      2DD96171 
 281      7CB6C86A 
 282 09da B04030B8 		.ascii	"\260@0\270\215\376\343\177o\324\376\231=\316bw$\242"
 282      8DFEE37F 
 282      6FD4FE99 
 282      3DCE6277 
 282      24A2
 283 09ec 05B4644C 		.ascii	"\005\264dL\262-\262\245:\250\257\026\307\007\323^\217"
 283      B22DB2A5 
 283      3AA8AF16 
 283      C707D35E 
 283      8F
 284 09fd 33CF899D 		.ascii	"3\317\211\235\0357\215Z\233\315\2551\3136{\364\224\311"
 284      1D378D5A 
 284      9BCDAD31 
 284      CB367BF4 
 284      94C9
 285 0a0f 51367BD4 		.ascii	"Q6{\324\202\370\344(*`\217\232=\347\303I1Q3gN\217zw"
 285      82F8E428 
 285      2A608F9A 
 285      3DE7C349 
 285      31513367 
 286 0a27 D6FBB1FF 		.ascii	"\326\373\261\377\212\241\257,\030GKrr\"*\016\240\250"
 286      8AA1AF2C 
 286      18474B72 
 286      72222A0E 
 286      A0A8
 287 0a39 A444DD9F 		.ascii	"\244D\335\237\3371\277Go3u3\247}`\326\275=\333l\206"
 287      DF31BF47 
 287      6F337533 
 287      A77D60D6 
 287      BD3DDB6C 
 288 0a4e 4FE03D7D 		.ascii	"O\340=}B\2625>U\011o\364d\213\303\340~ v\253\203\304"
 288      42B2353E 
 288      55096FF4 
 288      648BC3E0 
 288      7E2076AB 
 289 0a64 4E3793F7 		.ascii	"N7\223\367\247\233\365\263>\2325\335\034\030;{\326\214"
 289      A79BF5B3 
 289      3E9A35DD 
 289      1C183B7B 
 289      D68C
 290 0a76 19D3CD01 		.ascii	"\031\323\315\001\261s\3766k\206Y\377a\354\364\031f\362"
 290      B173FE36 
 290      6B8659FF 
 290      61ECF419 
 290      66F2
 291 0a88 B6D96CB4 		.ascii	"\266\331l\264;\026b\224\346/J\262Y\034\022\367$)\321"
 291      3B166294 
 291      E62F4AB2 
 291      591C12F7 
 291      2429D1
 292 0a9b E208B0CD 		.ascii	"\342\010\260\315\233\207Z\214T\245e^\274\335\361\232"
 292      9B875A8C 
 292      54A5655E 
ARM GAS  C:\Users\user\AppData\Local\Temp\ccA3Z1wg.s 			page 23


 292      BCDDF19A 
 293 0aab C5F1F7FF 		.ascii	"\305\361\367\377C$\335A|\355\327\305M\221s\007\012\005"
 293      4324DD41 
 293      7CEDD7C5 
 293      4D917307 
 293      0A05
 294 0abd F5EFC762 		.ascii	"\365\357\307b\311\375\351\327\211\333S\023<\242\011"
 294      C9FDE9D7 
 294      89DB5313 
 294      3CA209
 295 0acc 4230769F 		.ascii	"B0v\237\244&9\254\250 \004\237g[\035\370\364\241-\321"
 295      A42639AC 
 295      A820049F 
 295      675B1DF8 
 295      F4A12DD1 
 296 0ae0 6A48B22D 		.ascii	"jH\262-\304\316\342\370\215;\035\026\014\306\374T[\332"
 296      C4CEE2F8 
 296      8D3B1D16 
 296      0CC6FC54 
 296      5BDA
 297 0af2 223A1F62 		.ascii	"\":\037b\261\314KKI\260X&L\231\030\035cp\217t\011\013"
 297      B1CC4B4B 
 297      49B05826 
 297      4C99181D 
 297      63708F74 
 298 0b08 E2539F7B 		.ascii	"\342S\237{7E;\212\211\371\017D5j\300"
 298      37453B8A 
 298      89F90F44 
 298      356AC0
 299              		.text
 300              		.section	.gnu.lto_.symtab.824f08c,"",%progbits
 301 0000 70616C52 		.ascii	"palReadBus\000"
 301      65616442 
 301      757300
 302 000b 00       		.ascii	"\000"
 303 000c 00       		.ascii	"\000"
 304 000d 00       		.ascii	"\000"
 305 000e 00000000 		.ascii	"\000\000\000\000\000\000\000\000"
 305      00000000 
 306 0016 0B010000 		.ascii	"\013\001\000\000"
 307 001a 70616C57 		.ascii	"palWriteBus\000"
 307      72697465 
 307      42757300 
 308 0026 00       		.ascii	"\000"
 309 0027 00       		.ascii	"\000"
 310 0028 00       		.ascii	"\000"
 311 0029 00000000 		.ascii	"\000\000\000\000\000\000\000\000"
 311      00000000 
 312 0031 10010000 		.ascii	"\020\001\000\000"
 313 0035 70616C53 		.ascii	"palSetBusMode\000"
 313      65744275 
 313      734D6F64 
 313      6500
 314 0043 00       		.ascii	"\000"
 315 0044 00       		.ascii	"\000"
 316 0045 00       		.ascii	"\000"
 317 0046 00000000 		.ascii	"\000\000\000\000\000\000\000\000"
ARM GAS  C:\Users\user\AppData\Local\Temp\ccA3Z1wg.s 			page 24


 317      00000000 
 318 004e 18010000 		.ascii	"\030\001\000\000"
 319 0052 5F70616C 		.ascii	"_pal_lld_setgroupmode\000"
 319      5F6C6C64 
 319      5F736574 
 319      67726F75 
 319      706D6F64 
 320 0068 00       		.ascii	"\000"
 321 0069 02       		.ascii	"\002"
 322 006a 00       		.ascii	"\000"
 323 006b 00000000 		.ascii	"\000\000\000\000\000\000\000\000"
 323      00000000 
 324 0073 1E010000 		.ascii	"\036\001\000\000"
 325              		.text
 326              		.section	.gnu.lto_.opts,"",%progbits
 327 0000 272D666D 		.ascii	"'-fmath-errno' '-fsigned-zeros' '-ftrapping-math' '"
 327      6174682D 
 327      6572726E 
 327      6F272027 
 327      2D667369 
 328 0033 2D666E6F 		.ascii	"-fno-trapv' '-fno-openmp' '-fno-openacc' '-mcpu=cor"
 328      2D747261 
 328      70762720 
 328      272D666E 
 328      6F2D6F70 
 329 0066 7465782D 		.ascii	"tex-m4' '-mno-thumb-interwork' '-mthumb' '-ggdb' '-"
 329      6D342720 
 329      272D6D6E 
 329      6F2D7468 
 329      756D622D 
 330 0099 4F322720 		.ascii	"O2' '-fomit-frame-pointer' '-falign-functions=16' '"
 330      272D666F 
 330      6D69742D 
 330      6672616D 
 330      652D706F 
 331 00cc 2D666675 		.ascii	"-ffunction-sections' '-fdata-sections' '-fno-common"
 331      6E637469 
 331      6F6E2D73 
 331      65637469 
 331      6F6E7327 
 332 00ff 2720272D 		.ascii	"' '-flto'\000"
 332      666C746F 
 332      2700
 333              		.text
 334              		.comm	__gnu_lto_v1,1,1
 335              		.comm	__gnu_lto_slim,1,1
 336              		.ident	"GCC: (GNU Tools for ARM Embedded Processors 6-2017-q1-update) 6.3.1 20170215 (release) [AR
ARM GAS  C:\Users\user\AppData\Local\Temp\ccA3Z1wg.s 			page 25


DEFINED SYMBOLS
                            *ABS*:00000000 hal_pal.c
                            *COM*:00000001 __gnu_lto_v1
                            *COM*:00000001 __gnu_lto_slim

NO UNDEFINED SYMBOLS
