ARM GAS  C:\Users\user\AppData\Local\Temp\ccieCr3P.s 			page 1


   1              		.cpu cortex-m4
   2              		.eabi_attribute 20, 1
   3              		.eabi_attribute 21, 1
   4              		.eabi_attribute 23, 3
   5              		.eabi_attribute 24, 1
   6              		.eabi_attribute 25, 1
   7              		.eabi_attribute 26, 1
   8              		.eabi_attribute 30, 2
   9              		.eabi_attribute 34, 1
  10              		.eabi_attribute 18, 4
  11              		.file	"hal_st.c"
  12              		.text
  13              	.Ltext0:
  14              		.section	.gnu.lto_.profile.824f136,"",%progbits
  15 0000 789C6365 		.ascii	"x\234ce`b`a```d\220\342\001\000\000\300\0003"
  15      60626061 
  15      60606064 
  15      90E20100 
  15      00C00033 
  16              		.text
  17              		.section	.gnu.lto_.icf.824f136,"",%progbits
  18 0000 789C6365 		.ascii	"x\234ce`bP`@\000V\206\205??\354\345a\274\366\357\375"
  18      60625060 
  18      40005686 
  18      853F3FEC 
  18      E561BCF6 
  19 0016 136EA67D 		.ascii	"\023n\246}\027\036\254ga\276\263\265\373\0203\313\261"
  19      171EAC67 
  19      61BEB3B5 
  19      FB1033CB 
  19      B1
  20 0027 BFE7B7B3 		.ascii	"\277\347\267\2631\000\000\032\271\020\215"
  20      3100001A 
  20      B9108D
  21              		.text
  22              		.section	.gnu.lto_.jmpfuncs.824f136,"",%progbits
  23 0000 789C6365 		.ascii	"x\234ce`b\020c@\000V\020\301\010\004\365L\014\014\314"
  23      60621063 
  23      40005610 
  23      C10804F5 
  23      4C0C0CCC 
  24 0014 209A0528 		.ascii	" \232\005(\000\000\016\012\0011"
  24      00000E0A 
  24      0131
  25              		.text
  26              		.section	.gnu.lto_.inline.824f136,"",%progbits
  27 0000 789C6365 		.ascii	"x\234ce`bHe@\000V\006\006\026\036F\240 \003\003\333"
  27      60624865 
  27      40005606 
  27      06161E46 
  27      A0200303 
  28 0015 027910C5 		.ascii	"\002y\020\305\300\310\005\"\030\330X\201\302l\037\364"
  28      C0C80522 
  28      18D85881 
  28      C26C1FF4 
  29 0025 E0E24C0C 		.ascii	"\340\342L\014,\314@!\246\013\374p!fL!\026L!\006\000"
  29      2CCC4021 
ARM GAS  C:\Users\user\AppData\Local\Temp\ccieCr3P.s 			page 2


  29      A60BFC70 
  29      21664C21 
  29      164C2106 
  30 003a 9CEB0870 		.ascii	"\234\353\010p"
  31              		.text
  32              		.section	.gnu.lto_.pureconst.824f136,"",%progbits
  33 0000 789C6365 		.ascii	"x\234ce`b\340f```e\220`\224b\222b\226b\221\002\000\004"
  33      6062E066 
  33      60606065 
  33      90609462 
  33      92629662 
  34 0018 1000A2   		.ascii	"\020\000\242"
  35              		.text
  36              		.section	.gnu.lto_stInit.824f136,"",%progbits
  37 0000 789C6365 		.ascii	"x\234ce`bX\314\300\300`\012\304\322@\314\310\314\300"
  37      606258CC 
  37      C0C0600A 
  37      C4D240CC 
  37      C8CCC0
  38 0013 C834E11C 		.ascii	"\3104\341\034\003C#\007\023##\210\321\300\301\310P\317"
  38      03432307 
  38      13232388 
  38      D1C0C1C8 
  38      50CF
  39 0025 C458CFD8 		.ascii	"\304X\317\330\317<\235\231\361P\373\263\235L\232\313"
  39      CF3C9D99 
  39      F150FBB3 
  39      9D4C9ACB 
  40 0035 1B80E0C0 		.ascii	"\033\200\340\300\364\037\222\015+\0160\316gf`\230\011"
  40      F41F920D 
  40      2B0E30CE 
  40      67666098 
  40      09
  41 0046 C420C0B8 		.ascii	"\304 \300\270\234Q\223\001\250\354\321\306\177Sy\331"
  41      9C519301 
  41      A8ECD1C6 
  41      7F5379D9 
  42 0056 5820E28C 		.ascii	"X \342\214+\030\331\030\201\364\372K\214\007\032\376"
  42      2B18D918 
  42      81F4FA4B 
  42      8C071AFE 
  43 0066 FD6F6F38 		.ascii	"\375oo8pg\021\343\177V\240T\027\020\203\354\350ff\002"
  43      706711E3 
  43      7F56A054 
  43      171083EC 
  43      E8666602 
  44 007a D1CCAF19 		.ascii	"\321\314\257\031\233\027\374\226\006\251\007\031\262"
  44      9B17FC96 
  44      06A90719 
  44      B2
  45 0087 73E79BDB 		.ascii	"s\347\233\333\354\365\177\0338\34633\316d\006\232\300"
  45      ECF57F1B 
  45      38E63333 
  45      CE64069A 
  45      C0
  46 0098 B892B19E 		.ascii	"\270\222\261\236a>P\355[\306\246\005\377\271\301\352"
  46      613E50ED 
ARM GAS  C:\Users\user\AppData\Local\Temp\ccieCr3P.s 			page 3


  46      5BC6A605 
  46      FFB9C1EA 
  47 00a8 40A00B28 		.ascii	"@\240\013(\011\324\316\304\300`\354l\025\023\024\342"
  47      09D4CEC4 
  47      C060EC6C 
  47      151314E2 
  48 00b8 1F1CE39C 		.ascii	"\037\034\343\234\221\231\224\031\\R\232\222\231\037"
  48      91999419 
  48      5C529A92 
  48      991F
  49 00c6 930C62E7 		.ascii	"\223\014b\347\027\033\232\233\351\347\027\353g$\346"
  49      171B9A9B 
  49      E9E717EB 
  49      6724E6
  50 00d5 E8171725 		.ascii	"\350\027\027%\203\350\370\342\022\275d\006\000\225\273"
  50      83E8F8E2 
  50      12BD6406 
  50      0095BB
  51 00e4 49AE     		.ascii	"I\256"
  52              		.text
  53              		.section	.gnu.lto_stStartAlarm.824f136,"",%progbits
  54 0000 789C9D92 		.ascii	"x\234\235\222_HSQ\034\307\317\367\236y\357\030eo\021"
  54      5F485351 
  54      1CC7CFF7 
  54      9E79EF18 
  54      656F11
  55 0013 B4071F12 		.ascii	"\264\007\037\022\261\007/K0\350\301\027#\020\224\240"
  55      B1072F4B 
  55      30E8C117 
  55      231094A0 
  56 0023 ED71203A 		.ascii	"\355q :\203\015\026\013\357\3521\257cK\332\326\037\212"
  56      830D160B 
  56      EFEA31AF 
  56      634BDAD6 
  56      1F8A
  57 0035 B4497207 		.ascii	"\264Ir\007+\246\263\271\315\312\324\214\206\005=ie\257"
  57      2BA6B3B9 
  57      CDCAD48C 
  57      86053D69 
  57      65AF
  58 0047 09A3500C 		.ascii	"\011\243P\014\014\212F\021\201\366;w\267\2607\351\300"
  58      0C8A4611 
  58      81F63B77 
  58      B7B037E9 
  58      C0
  59 0058 B9E7FC7E 		.ascii	"\271\347\374~\367w>\277\357\357wN\035\223\330\202\304"
  59      F7773EBF 
  59      EFEF774E 
  59      1D93D882 
  59      C4
  60 0069 58923176 		.ascii	"X\2221v\230&8\203tc\205\261!\273\004\210\215n\007\033"
  60      98263883 
  60      746385B1 
  60      21BB0488 
  60      8D6E071B 
  61 007d 943088EB 		.ascii	"\2240\210\353|\224cixc^j\316\3524\312\243s\362e=v\310"
  61      7C946369 
ARM GAS  C:\Users\user\AppData\Local\Temp\ccieCr3P.s 			page 4


  61      78635E6A 
  61      CEEA34CA 
  61      A373F265 
  62 0094 E08CA568 		.ascii	"\340\214\245h\212\201,\232)\352m\264x\227_\343\006\007"
  62      8A812C9A 
  62      29EA6DB4 
  62      78975FE3 
  62      0607
  63 00a6 6C647E5D 		.ascii	"ld~]\036\373X/L\011\015d\376\312\025\337\037\340m`\264"
  63      1EFB582F 
  63      4C090D64 
  63      FECA15DF 
  63      1FE06D60 
  64 00bb DF7C5EB9 		.ascii	"\337|^\271\211\246\373\272\036\321\313[\267\270~\304"
  64      89A6FBBA 
  64      1ED1CB5B 
  64      B7B87EC4 
  65 00cb E01C3970 		.ascii	"\340\0349p\002b\022NL\300\311\310\3050\205&\021\377"
  65      0262124E 
  65      4CC0C9C8 
  65      C5308526 
  65      11FF
  66 00dd A1B47D7B 		.ascii	"\241\264}{\277l\313\374\311\211\007\220Aka\025e}{gX"
  66      BF6CCBFC 
  66      C9890790 
  66      416B6115 
  66      657D7B67 
  67 00f2 2F57EFE1 		.ascii	"/W\357\341\335)\231\304\213\023,NA\242\212\004\227\304"
  67      DD2999C4 
  67      8B132C4E 
  67      41A28A04 
  67      97C4
  68 0104 CAD72109 		.ascii	"\312\327!\011\314\225r\374\245\203\267\233\022\214\334"
  68      CC9572FC 
  68      A583B79B 
  68      128CDC
  69 0113 EC161A33 		.ascii	"\354\026\0323\246\204\215\324\276\224^\2166\010\025"
  69      A6848DD4 
  69      BE945E8E 
  69      360815
  70 0122 F97F5598 		.ascii	"\371\177U\230\345M\243q\234H\237\2604\3663\361b-\242"
  70      E54DA371 
  70      9C489FB0 
  70      34F633F1 
  70      622DA2
  71 0135 FC9514AD 		.ascii	"\374\225\024\255\265\344\215\314E\220\251+\305\261K"
  71      B5E48DCC 
  71      4590A92B 
  71      C5B14B
  72 0144 32430132 		.ascii	"2C\0012!\212\220\3119\022[z\255\210\226\330\314\230"
  72      218A90C9 
  72      39125B7A 
  72      AD8896D8 
  72      CC98
  73 0156 95FC8F2F 		.ascii	"\225\374\217/\216\232)8\242i\231\351\357\257\354\006"
  73      8E9A2938 
  73      A26999E9 
ARM GAS  C:\Users\user\AppData\Local\Temp\ccieCr3P.s 			page 5


  73      EFAFEC06 
  74 0166 C661F03A 		.ascii	"\306a\360:\314\220\210\222\020A?r\313\325o\212\232\327"
  74      CC908892 
  74      10413F72 
  74      CBD56F8A 
  74      9AD7
  75 0178 A3437AA5 		.ascii	"\243Cz\245\220<8\325np\031\017a\340\016\325j&\241\240"
  75      903C38D5 
  75      6E70190F 
  75      61E00ED5 
  75      6A26A1A0 
  76 018c 9D91D29A 		.ascii	"\235\221\322\232\354*\210\240\364\014!\024<\202\212"
  76      EC2A88A0 
  76      F40C2114 
  76      3C828A
  77 019b A34E2B02 		.ascii	"\243N+\002\217\341\262\012\251n.\306\352-U{\311\231"
  77      8FE1B20A 
  77      A96E2EC6 
  77      EA2D557B 
  77      C999
  78 01ad BE2468B3 		.ascii	"\276$h\263f>X\264'Pw\327\244\220\177\216N\232\364g\377"
  78      663E58B4 
  78      275077D7 
  78      A4907F8E 
  78      4E9AF467 
  79 01c2 419F37E9 		.ascii	"A\2377\351\222E_0\351\213Fr\322Q\243KxJ'\327\021\251"
  79      92455F30 
  79      E98B4672 
  79      D251A34B 
  79      784A27D7 
  80 01d8 24267CE6 		.ascii	"$&|\346\013\020-g\237\021Ig\257B8\314\333\212\223>\272"
  80      0B102D67 
  80      9F114967 
  80      AF4238CC 
  80      DB8A933E 
  81 01ed 737ADDAD 		.ascii	"sz\335\255\035'\274g<\247\335\336\016\177\240/\340\016"
  81      1D27BC67 
  81      3CA7DDDE 
  81      0E7FA02F 
  81      E00E
  82 01ff 5FE80F84 		.ascii	"_\350\017\204\274>\261\017i\256\343mjHS\375\275AU\033"
  82      BC3EB10F 
  82      69AEE36D 
  82      6A4853FD 
  82      BD41551B 
  83 0213 F089B547 		.ascii	"\360\211\265G\013\267\370\230\322\333\247\205\003\347"
  83      0BB7F898 
  83      D2DBA785 
  83      03E7
  84 0221 CEDAC4A7 		.ascii	"\316\332\304\247so\200\363\241\201\260\246\272=\335"
  84      736F80F3 
  84      A181B0A6 
  84      BA3DDD
  85 0230 ADC7D4AE 		.ascii	"\255\307\324\256\256\223\252\247\263\373\242\313B\366"
  85      AE93AAA7 
  85      B3FBA2CB 
  85      42F6
ARM GAS  C:\Users\user\AppData\Local\Temp\ccieCr3P.s 			page 6


  86 023e 0483FD2D 		.ascii	"\004\203\375-~\366\033\320\024\021J"
  86      7EF61BD0 
  86      14114A
  87              		.text
  88              		.section	.gnu.lto_stStopAlarm.824f136,"",%progbits
  89 0000 789C8D50 		.ascii	"x\234\215P\277KBQ\024>\337\273\366\224\240\275\310\255"
  89      BF4B4251 
  89      143EDFBB 
  89      F694A0BD 
  89      C8AD
  90 0012 C9E53D4C 		.ascii	"\311\345=L(h5\002\301\010\322Q\220\322AA0|\326\3523"
  90      28683502 
  90      C108D251 
  90      90D24141 
  90      307CD6EA 
  91 0027 3441A15A 		.ascii	"4A\241Z\322\034\342\015\016\226\245\322\030\025\210"
  91      D21CE20D 
  91      0E96A5D2 
  91      181588
  92 0036 044D19F4 		.ascii	"\004M\031\364\027HC\320PDJ\011\201u\257F8v\340p~}\347"
  92      174843D0 
  92      50444A09 
  92      8175AF46 
  92      3876E070 
  93 004d FBCEBD63 		.ascii	"\373\316\275c$\221\002\242\004\021Ms\007#H\373-\242"
  93      249102A2 
  93      04114D73 
  93      072348FB 
  93      2DA2
  94 005f A4450244 		.ascii	"\244E\002D\242[@\011\011\011\354\261\002C3\363t!\331"
  94      A25B4009 
  94      0909ECB1 
  94      024333F3 
  94      7421D9
  95 0072 CA3AB746 		.ascii	"\312:\267F\241+\357\350\351I\203\021\025\271\013C\031"
  95      A12BEFE8 
  95      E9498311 
  95      15B90B43 
  95      19
  96 0083 36E2B0C7 		.ascii	"6\342\260\307\363\376\301\204l\032\366q\014\231KP\375"
  96      F3FEC184 
  96      6C1AF671 
  96      0C994B50 
  96      FD
  97 0094 010DBDFF 		.ascii	"\001\015\275\377\235\321\0337%|-\361Q\226\273\320\310"
  97      9DD11B37 
  97      257C2DF1 
  97      5196BBD0 
  97      C8
  98 00a5 314944F6 		.ascii	"1ID\366\214f\267\367z\225W\376(RC\245\236\314\0064E"
  98      8C66B7F7 
  98      7A9557FE 
  98      285243A5 
  98      9ECC0634 
  99 00ba 86517A9C 		.ascii	"\206Qz\234@\346\374\025\310\274\231O7\357\315\273\314"
  99      40E6FC15 
  99      C8BC994F 
ARM GAS  C:\Users\user\AppData\Local\Temp\ccieCr3P.s 			page 7


  99      37EFCDBB 
  99      CC
 100 00cb 6018605A 		.ascii	"`\030`Z\325\317\267\361a)8L\274U\252}\334Z\014\034\301"
 100      D5CFB7F1 
 100      6129384C 
 100      BC55AA7D 
 100      DC5A0C1C 
 101 00e0 6012CE60 		.ascii	"`\022\316`\305)\254$\260\225\273n\307\254V\365TRo_v"
 101      C529AC24 
 101      B095BB6E 
 101      C7AC56F5 
 101      54526F5F 
 102 00f5 A6DEF916 		.ascii	"\246\336\371\026C\025\006\016\371\201\003\021\324\240"
 102      4315060E 
 102      F9810311 
 102      D4A0
 103 0103 8E6AF03B 		.ascii	"\216j\360;P\347\333/\330n\347\256g\304m\203\017\310"
 103      50E7DB2F 
 103      D86EE7AE 
 103      67C46D83 
 103      0FC8
 104 0115 F2017F89 		.ascii	"\362\001\177\211D\344p.\370V\275+\036\2373\024^\017"
 104      44E4702E 
 104      F856BD2B 
 104      1E9F3314 
 104      5E0F
 105 0127 7BE29BC1 		.ascii	"{\342\233\301p\324\027\020yT\263\317\317\251QM\015\255"
 105      70D41710 
 105      7954B3CF 
 105      CFA9514D 
 105      0DAD
 106 0139 45542D16 		.ascii	"ET-\026\020\321\257\305\225\000\271\376\267\263\021"
 106      10D1AFC5 
 106      9500B9FE 
 106      B7B311
 107 0148 8DC535D5 		.ascii	"\215\3055\325\343]v\314\252n\367\242\352u-o\331\177"
 107      E35D76CC 
 107      AA6EF7A2 
 107      EA752D6F 
 107      D97F
 108 015a 59FC9148 		.ascii	"Y\374\221HP\011\321\017H|\222C"
 108      5009D10F 
 108      487C9243 
 109              		.text
 110              		.section	.gnu.lto_stSetAlarm.824f136,"",%progbits
 111 0000 789C8D90 		.ascii	"x\234\215\220Kh\023Q\024\206\317?7\235\011\305\307N"
 111      4B681351 
 111      1486CF3F 
 111      379D09C5 
 111      C74E
 112 0012 0A66D185 		.ascii	"\012f\321\205\245\324E\207X\250\340\242\233\012Rh\021"
 112      A5D44587 
 112      58A8E0A2 
 112      9B0A5268 
 112      11
 113 0023 4C9681D2 		.ascii	"L\226\201\322\246B\002\221H'\272\355mH[LJ\025\305\326"
 113      A6420291 
ARM GAS  C:\Users\user\AppData\Local\Temp\ccieCr3P.s 			page 8


 113      4827BAED 
 113      6D485B4C 
 113      4A15C5D6 
 114 0037 14C314A2 		.ascii	"\024\303\024\242T\243y\325\007\212\013\207(\272jE\327"
 114      54A379D5 
 114      078A0B87 
 114      28BA6A45 
 114      D7
 115 0048 11825A51 		.ascii	"\021\202ZQPP|\024\021R\317\235V\321\235\027\356\334"
 115      50507C14 
 115      1152CF9D 
 115      56D19D17 
 115      EEDC
 116 005a 73CEFDE7 		.ascii	"s\316\375\347\277\3379-\244Q\023D\263D\264\2277\004"
 116      BFDF392D 
 116      A4511344 
 116      B344B497 
 116      3704
 117 006c 413BB746 		.ascii	"A;\267F4\351\325\000\025H/hB\303\004\316\212\005\201"
 117      34E9D500 
 117      15482F68 
 117      42C304CE 
 117      8A0581
 118 007f DACCDBFB 		.ascii	"\332\314\333\373Z\327\262\344\345,T\214i9\325f\013\242"
 118      5AD7B2E4 
 118      E52C548C 
 118      6939D566 
 118      0BA2
 119 0091 2C6FB5B0 		.ascii	",o\265\260\214.V=OU.\2139a\013\300\303\351\347\325\305"
 119      8C2E563D 
 119      4F552E8B 
 119      39610BC0 
 119      C3E9E7D5 
 120 00a6 D7BB54AA 		.ascii	"\327\273T\252\241\235\323\237\205J}\267\350\005q\374"
 120      A19DD39F 
 120      854A7DB7 
 120      E80571FC 
 121 00b6 EE61E33C 		.ascii	"\356a\343<:\257J\231\224N\375\202\220\373l!P\200`C\\"
 121      3AAF4A99 
 121      944EFD82 
 121      90FB6C21 
 121      50806043 
 122 00cb 870FD7E0 		.ascii	"\207\017\327\340#.\021n\240S\351_U\233\027w\352\236"
 122      232E116E 
 122      A053E95F 
 122      559B1777 
 122      EA9E
 123 00dd FCEF3771 		.ascii	"\374\3577q\023:\343S\371\005\034\331\334\234\221\316"
 123      133AE353 
 123      F9051CD9 
 123      DC9C91CE 
 124 00ed 9B2B7870 		.ascii	"\233+xp\304\303\360\352\017J\263Hu\221\021\232:\305"
 124      C4C3F0EA 
 124      0F4AB348 
 124      7591119A 
 124      3AC5
 125 00ff 3A346573 		.ascii	":4es\306I?n\025}.\202]\270\373\001\035y\027\341InGV"
ARM GAS  C:\Users\user\AppData\Local\Temp\ccieCr3P.s 			page 9


 125      C6493F6E 
 125      157D2E82 
 125      5DB8FB01 
 125      1D7917E1 
 126 0117 3AA97645 		.ascii	":\251vEQ\374\227\302m\257\204\216\034;\275Gm\361G\346"
 126      51FC97C2 
 126      6DAF848E 
 126      1C3BBD47 
 126      6DF147E6 
 127 012b D1B7A4F1 		.ascii	"\321\267\244\361\007)\2655\222{\206P\"\227++\360\027"
 127      0729B535 
 127      927B8650 
 127      22972B2B 
 127      F017
 128 013d 32A10C9D 		.ascii	"2\241\014\235-*\320\2718?U{f\250\221x\\\315Zq\343S\353"
 128      2D2AD0B9 
 128      383F557B 
 128      66A89178 
 128      5CCD5A71 
 129 0154 56AA7CD4 		.ascii	"V\252|\324\320\362\245\357O\2756r\260E\013V\030\242"
 129      D0F2A5EF 
 129      4FBD3672 
 129      B0450B56 
 129      18A2
 130 0166 AA20F8A2 		.ascii	"\252 \370\242\260\372\365\213a\026ejR6\312\263{J}\266"
 130      B0FAF58B 
 130      6116656A 
 130      5236CAB3 
 130      7B4A7DB6 
 131 017a D0710B36 		.ascii	"\320q\0136.q\257\356#,\332\234\257\276\324\375e%ZZa"
 131      2E71AFEE 
 131      232CDA9C 
 131      AFBED4FD 
 131      65255A5A 
 132 018f 0B03B761 		.ascii	"\013\003\267ab\277o[\201;\360\253F\326\221ld\352aw\212"
 132      62BF6F5B 
 132      813BF0AB 
 132      46D6916C 
 132      64EA6177 
 133 01a4 0A9B3E22 		.ascii	"\012\233>\"\271\2641\007Up;Ns\017<7\215\250\247\377"
 133      B9B43107 
 133      55703B4E 
 133      730F3C37 
 133      8DA8A7FF 
 134 01b8 50E858F0 		.ascii	"P\350X\360h \324\037\211\216F\003\211Sc\321x(\254\342"
 134      6820D41F 
 134      898E4603 
 134      895363D1 
 134      7828ACE2 
 135 01cc B8E53FD8 		.ascii	"\270\345?\330k\306-32\0223\255\361\260:\207\255Dw\230"
 135      6BC62D33 
 135      321233AD 
 135      F1B03A87 
 135      AD447798 
 136 01e0 8C91512B 		.ascii	"\214\221Q+\021=q\334\243>\003\377gp2>\236\260\314@p"
 136      113D71DC 
 136      A33E03FF 
ARM GAS  C:\Users\user\AppData\Local\Temp\ccieCr3P.s 			page 10


 136      6770323E 
 136      9EB0CC40 
 137 01f5 A8E78039 		.ascii	"\250\347\20098x\330\014\016\014\235\366o[\016\307bc"
 137      3878D80C 
 137      0E0C9DF6 
 137      6F5B0EC7 
 137      6263
 138 0207 DD11FA05 		.ascii	"\335\021\372\005\\}\324\373"
 138      5C7DD4FB 
 139              		.text
 140              		.section	.gnu.lto_stGetAlarm.824f136,"",%progbits
 141 0000 789C8D4F 		.ascii	"x\234\215OMK\033Q\024\275g^2\223\026\354\017\260\001"
 141      4D4B1B51 
 141      14BD675E 
 141      329316EC 
 141      0FB001
 142 0013 BBB50B87 		.ascii	"\273\265\013\207\030\260\340\326B\021\024\241\3112 "
 142      18B0E0D6 
 142      421114A1 
 142      C93220
 143 0022 6DB24820 		.ascii	"m\262H 0\342D\267y\221H\321\200\025E\243\2652B\026Z"
 143      30E244B7 
 143      799148D1 
 143      801545A3 
 143      B5324216 
 144 0037 DB24A64B 		.ascii	"\333$\246K\205\022t\341\312\257\354\205\240\335t\241"
 144      851274E1 
 144      CAAFEC85 
 144      A0DD74A1 
 145 0047 44143F50 		.ascii	"D\024?P\324\373\242H\227>\270\274\373q\356\271\347\270"
 145      D4FBA248 
 145      973EB8BC 
 145      FB71EEB9 
 145      E7B8
 146 0059 49230B44 		.ascii	"I#\013DI\"z\315\001A\320\306\267\211R\036\015P\211\364"
 146      49227ACD 
 146      0141D0C6 
 146      B789521E 
 146      0D5089F4 
 147 006d 80921A92 		.ascii	"\200\222\032\222\370*\262\002{\351\225\357bL8\014sq"
 147      F82AB202 
 147      7BE995EF 
 147      624C380C 
 147      7371
 148 007f 79B2F5ED 		.ascii	"y\262\365\355\360\225*\2017\\\316\311\312\210\321\274"
 148      F0952A81 
 148      375CCEC9 
 148      CA88D1BC 
 149 008f 28E5902C 		.ascii	"(\345\220,gk\306\334\357]\371\302\021\032\3152|\011"
 149      676BC6DC 
 149      EF5DF9C2 
 149      111ACD32 
 149      7C09
 150 00a1 5E2CC2AB 		.ascii	"^,\302\253n\374@31\372\240t;\325\240\273r\202\024\200"
 150      6EFC4033 
 150      31FAA074 
 150      3BD5A0BB 
ARM GAS  C:\Users\user\AppData\Local\Temp\ccieCr3P.s 			page 11


 150      72821480 
 151 00b5 FBCBD059 		.ascii	"\373\313\320Y\012\025+(\313\333\273/\262\3747\207\353"
 151      0A152B28 
 151      CBDBBB2F 
 151      B2FC3787 
 151      EB
 152 00c6 0FBCEF08 		.ascii	"\017\274\357\010\236\217r(A\031n\360/\376a\375\317\325"
 152      9E8F7228 
 152      41196EF0 
 152      2FFE61FD 
 152      CFD5
 153 00d8 F14DB6F1 		.ascii	"\361M\266\361\211*-\371\225'/\215:\325\254\300\177W"
 153      892A2DF9 
 153      95272F8D 
 153      3AD5ACC0 
 153      7F57
 154 00ea 083FA1F3 		.ascii	"\010?\241\363\215_\320\347\205\306\375\351\341\365\035"
 154      8D5FD0E7 
 154      85C6FDE9 
 154      E1F51D
 155 00f9 434977D5 		.ascii	"CIw\325a\333\371\213\332\313\207R\261(s\271\302\371"
 155      61DBF98B 
 155      DACB8752 
 155      B12873B9 
 155      C2F9
 156 010b A6C7C13C 		.ascii	"\246\307\301<\034\341F\201\345\347\225|\036,o\235\235"
 156      1CE14681 
 156      E5E7957C 
 156      1E2C6F9D 
 156      9D
 157 011c 1A665EA6 		.ascii	"\032f^\246S\262\272v\3324\301\036u\024\341`\206%\326"
 157      53B2BA76 
 157      DA34C11E 
 157      7514E160 
 157      8625D6
 158 012f EF30E86E 		.ascii	"\3570\350n\272\264\257\373\212\012\264\260\2529\302"
 158      BAB4AFFB 
 158      8A0AB4B0 
 158      AA39C2
 159 013e C00A4CBC 		.ascii	"\300\012L\274\365>\"P\202\217\2160T\315\334l\350J.\253"
 159      F53E2250 
 159      828F8E30 
 159      54CDDC6C 
 159      E84A2EAB 
 160 0152 62EFEC12 		.ascii	"b\357\354\022\312\035\347\376\216\366\320\307`O \324"
 160      CA1DE7FE 
 160      8EF6D0C7 
 160      604F20D4 
 161 0162 118D7D8E 		.ascii	"\021\215}\216\005\022\003\221\230\025\012\253\334\262"
 161      05120391 
 161      98150AAB 
 161      DCB2
 162 0170 7DEFDA4C 		.ascii	"}\357\332L\3136\243\237\342\246\335\037V\177\257\235"
 162      CB36A39F 
 162      E2A6DD1F 
 162      567FAF9D 
 163 0180 680953E7 		.ascii	"h\011S\347\363v\372\254\376\204m\006\202\335\376V\263"
ARM GAS  C:\Users\user\AppData\Local\Temp\ccieCr3P.s 			page 12


 163      F376FAAC 
 163      FE846D06 
 163      82DDFE56 
 163      B3
 164 0191 ABEBBD19 		.ascii	"\253\353\275\031\354\354\036\364=\262\364\306\343\221"
 164      ECEC1EF4 
 164      3DB2F4C6 
 164      E391
 165 019f 9628DD03 		.ascii	"\226(\335\003\034\204\246\347"
 165      1C84A6E7 
 166              		.text
 167              		.section	.gnu.lto_.symbol_nodes.824f136,"",%progbits
 168 0000 789C55C8 		.ascii	"x\234U\310\271\015\200@\014\005\321\361_\266/(\212\330"
 168      B90D8040 
 168      0C05D1F1 
 168      5FB62F28 
 168      8AD8
 169 0012 5B020967 		.ascii	"[\002\011gL\025\024A\015T\202\260\310<\311H\257\"F\""
 169      4C151441 
 169      0D5482B0 
 169      C83CC948 
 169      AF224622 
 170 0026 CD72986E 		.ascii	"\315r\230n\210]m\010Y\344\226e\225+\313&/Yvy\227\304"
 170      885D6D08 
 170      59E49665 
 170      952BCB26 
 170      2F597679 
 171 003c 0E79FD05 		.ascii	"\016y\375\005Z\353\241P9\237\327\370\000\311\311\035"
 171      5AEBA150 
 171      399FD7F8 
 171      00C9C91D 
 172 004c 0B       		.ascii	"\013"
 173              		.text
 174              		.section	.gnu.lto_.refs.824f136,"",%progbits
 175 0000 789C6365 		.ascii	"x\234ce`b`d\000\002\000\000I\000\011"
 175      60626064 
 175      00020000 
 175      490009
 176              		.text
 177              		.section	.gnu.lto_.decls.824f136,"",%progbits
 178 0000 789CB557 		.ascii	"x\234\265WkPTG\026\276\347\366\2000\200\230\321\262"
 178      6B505447 
 178      16BEE7F6 
 178      80308098 
 178      D1B2
 179 0012 DC5A374B 		.ascii	"\334Z7KYXP[\006\004w\265\312\037\226f4\306\252\230l"
 179      5958505B 
 179      060477B5 
 179      CA1F9666 
 179      34C6AA98 
 180 0027 0D6E6A7F 		.ascii	"\015nj\177\220\232E \221Z\036.3nU~\345\012\250\004\025"
 180      909A4520 
 180      915A1E2E 
 180      336E557E 
 180      E50AA804 
 181 003c 41450535 		.ascii	"AE\0055\200(b\000y\372@| (\"\242\"F\021_\340\373\031"
 181      80286200 
ARM GAS  C:\Users\user\AppData\Local\Temp\ccieCr3P.s 			page 13


 181      79FA407C 
 181      202822A2 
 181      2246115F 
 182 0053 457C8018 		.ascii	"E|\200\030eO?.\367z\035L\252v\367\326\364\355>\335\337"
 182      654F3F2E 
 182      F77A1D4C 
 182      AA76F7D6 
 182      F4ED3EDD 
 183 0068 F9CEE973 		.ascii	"\371\316\351s\272o\367\270I\262T\363\201$}H$i+H\322"
 183      BA6FF7B8 
 183      49B254F3 
 183      81247D48 
 183      24692B48 
 184 007d 003EEE92 		.ascii	"\000>\356\222$\225J\332C\345\235X\016a9\214\245\001"
 184      24954ADA 
 184      43E59D58 
 184      0E61398C 
 184      A501
 185 008f 4B239626 		.ascii	"K#\226&\351\335\347+\344@*\351K,\307u<\262\340p\245"
 185      E9DDE72B 
 185      E4402AE9 
 185      4B2CC775 
 185      3CB2E070 
 186 00a4 F31DEA78 		.ascii	"\363\035\352x\010\035\013\226QXj\261\370`\2777\226+"
 186      081D0B96 
 186      51586AB1 
 186      F860BF37 
 186      962B
 187 00b6 D83E2D71 		.ascii	"\330>-q^O\224\373\261~-8\251O\276\330\207?\351Cx\233"
 187      5E4F94FB 
 187      B17E2D38 
 187      A94FBED8 
 187      873FE943 
 188 00cc 37196593 		.ascii	"7\031e\223\340U\271(\017\350\364\351|\374\014z\364Y"
 188      E055B928 
 188      0FE8F4E9 
 188      7CFC0C7A 
 188      F459
 189 00de F61B7D02 		.ascii	"\366\033}\002\341\223,\3422N\370\362'\003\347J\301\247"
 189      E1932CE2 
 189      324EF8F2 
 189      2703E74A 
 189      C1A7
 190 00f0 E70AF815 		.ascii	"\347\012\370\025>\032\343\011\202/\310\300\267\236\300"
 190      3E1AE309 
 190      822FC8C0 
 190      B79EC0
 191 00ff EE95470E 		.ascii	"\356\225G\016\310W\3412 \026F\260^\000\376\006V\230"
 191      C857E132 
 191      201646B0 
 191      5E00FE06 
 191      5698
 192 0111 38A03E00 		.ascii	"8\240>\000\254\037{eI\220\252]\240j\010Y\026\242,(\331"
 192      AC1F7B65 
 192      4990AA5D 
 192      A06A0859 
 192      16A22C28 
ARM GAS  C:\Users\user\AppData\Local\Temp\ccieCr3P.s 			page 14


 193 0126 4F28838E 		.ascii	"O(\203\216\221\017sK\352\303\347\300\033LM\325\006Y"
 193      910F734B 
 193      EAC3E7C0 
 193      1B4C4DD5 
 193      0659
 194 0138 3300A057 		.ascii	"3\000\240W\320\021r\267\305\370\240\177\22269Pg\377"
 194      D01172B7 
 194      C5F8A07F 
 194      92363950 
 194      67FF
 195 014a 24BBE5B6 		.ascii	"$\273\345\266\271\023\256\320\336\274\351\300\372\226"
 195      B913AED0 
 195      DEBCE9C0 
 195      FA96
 196 0158 553EEA74 		.ascii	"U>\352t#2\320v\347\313\242O\202J\024\376x\374N\013\333"
 196      2332D076 
 196      E7CBA24F 
 196      824A14FE 
 196      78FC4E0B 
 197 016d D181DE3A 		.ascii	"\321\201\336:\337t\002\0263\310(\266u\267l\366Bq\224"
 197      DF740216 
 197      33C828B6 
 197      75B76CF6 
 197      427194
 198 0180 1946A0D8 		.ascii	"\031F\240\330\267\370\334a\363\230uL+Y\031!\303\227"
 198      B7F8DC61 
 198      F398754C 
 198      2B591921 
 198      C397
 199 0192 A3A104C6 		.ascii	"\243\241\004\306B1\214E\343\2450\006\337\363M\234\251"
 199      42318C45 
 199      E3A53006 
 199      DFF34D9C 
 199      A9
 200 01a3 2E694DE9 		.ascii	".iM\351\260qyJ^\227R\327\236\364\307u\311J\021j\371"
 200      B071794A 
 200      5E9752D7 
 200      9EF4C775 
 200      C94A116A 
 201 01b8 5114EC00 		.ascii	"Q\024\354\000\002?B\020\365\030\233\370.\202N\200\355"
 201      023F4210 
 201      F5189BF8 
 201      2E824E80 
 201      ED
 202 01c9 7015E7B3 		.ascii	"p\025\347\263\023\306\241vr\311\30547\362\011s\366J"
 202      13C6A176 
 202      72C9C534 
 202      37F20973 
 202      F64A
 203 01db D38E6282 		.ascii	"\323\216b\202N\004\230\201\306\301\027\273\312\036\326"
 203      4E049881 
 203      C6C117BB 
 203      CA1ED6
 204 01ea BCF4E15D 		.ascii	"\274\364\341]\024\321\266\252g\3530\022\306\332gR\312"
 204      14D1B6AA 
 204      67EB3012 
 204      C6DA6752 
ARM GAS  C:\Users\user\AppData\Local\Temp\ccieCr3P.s 			page 15


 204      CA
 205 01fb 37113E03 		.ascii	"7\021>\003\023\215\304\311\234\033\303\371\014\374\326"
 205      138DC4C9 
 205      9C1BC3F9 
 205      0CFCD6
 206 020a 1339BBB9 		.ascii	"\0239\273\271\275\336\004\201\346B:\205\272\336\215"
 206      BDDE0481 
 206      E6423A85 
 206      BADE8D
 207 0219 D3B27BA8 		.ascii	"\323\262{\250S\273\301\014\225\232S\001f|\247*J\222"
 207      53BBC10C 
 207      959A5301 
 207      667CA72A 
 207      4A92
 208 022b 9291AC78 		.ascii	"\222\221\254x~*A5N\262\012'\011\273 \220\032\2458\250"
 208      7E2A4135 
 208      4EB20A27 
 208      09BB2090 
 208      1AA538A8 
 209 023f C0CE72EC 		.ascii	"\300\316r\354D+;\266fnq'\315@=\220\033\017^\272`\002"
 209      442B3BB6 
 209      666E7127 
 209      CD403D90 
 209      1B0F5EBA 
 210 0255 73A04B82 		.ascii	"s\240K\202\032\027\004\334\231\316}\343\032\227(\212"
 210      1A1704DC 
 210      99CE7DE3 
 210      1A97288A 
 211 0265 0C7BD199 		.ascii	"\014{\321\231=\2323\350\033\217\350\252]\227~\361%\325"
 211      3D9A33E8 
 211      1B8FE8AA 
 211      5D977EF1 
 211      25D5
 212 0277 2C83724E 		.ascii	",\203rNY\376S2\224\221\375C\032\351==\241\220\031\251"
 212      59FE5332 
 212      9491FD43 
 212      1AE93D3D 
 212      A19019A9 
 213 028b 4523FB34 		.ascii	"E#\3734#{U#\007s\373\252e\023\3354\024\201\311\304\276"
 213      237B5523 
 213      0773FBAA 
 213      6513DD34 
 213      1481C9C4 
 214 02a0 A69AFE9B 		.ascii	"\246\232\376\233d\310\264\037di?\000\"\357\031\371\225"
 214      64C8B41F 
 214      64693F00 
 214      22EF19F9 
 214      95
 215 02b1 8A8C79EF 		.ascii	"\212\214y\357by\017\270V\251(hP1Q\034\224i\026\313\214"
 215      62790FB8 
 215      56A92868 
 215      5031511C 
 215      946916CB 
 216 02c6 893FC412 		.ascii	"\211?\304\022\177\374U\345p\362\222\257\322\003\305"
 216      7FFC55E5 
 216      70F292AF 
 216      D203C5
ARM GAS  C:\Users\user\AppData\Local\Temp\ccieCr3P.s 			page 16


 217 02d5 A7BF124C 		.ascii	"\247\277\022Lm\277\317V\352\222\024\3529]@u\032O\235"
 217      6DBFCF56 
 217      EA9214EA 
 217      395D4075 
 217      1A4F9D
 218 02e8 91E730E3 		.ascii	"\221\3470\343Y]\325\233\353F\226\020F\324\262\347n\273"
 218      595DD59B 
 218      EB469610 
 218      46D4B2E7 
 218      6EBB
 219 02fa BB60AAFF 		.ascii	"\273`\252\377\303 \023\365\250^c\2527250\246\222g\255"
 219      C32013F5 
 219      A85E63AA 
 219      37323530 
 219      A69267AD 
 220 030e 953E2483 		.ascii	"\225>$\2033\335(?uG\326\207\202FI\213\305\321\267\266"
 220      33DD283F 
 220      7547D687 
 220      8246498B 
 220      C5D1B7B6 
 221 0322 4059C5B6 		.ascii	"@Y\305\266)\302jc\356\350Lu\007 \010\216hf\217\030\315"
 221      29C26A63 
 221      EEE84C75 
 221      0720088E 
 221      68668F18 
 222 0337 3632B34F 		.ascii	"62\263OV<\316\363%\033\271\331\334\252\364U>\224\012"
 222      563CCEF3 
 222      251BB9D9 
 222      DCAAF455 
 222      3E940A
 223 034a 5338F070 		.ascii	"S8\360pBn\371M%\325\314v\034\034\323\230\216Q&\332h"
 223      426EF94D 
 223      25D5CC76 
 223      1C1CD398 
 223      8E5126DA 
 224 035f 620C9D7D 		.ascii	"b\014\235}\355W\275\275\323\006\027\010\203\253kD\202"
 224      ED57BDBD 
 224      D3061708 
 224      83AB6B44 
 224      82
 225 0370 E3E0AD2A 		.ascii	"\343\340\255*b\023\361{\256e\035\362\344;\347\0025\232"
 225      6213F17B 
 225      AE651DF2 
 225      E43BE702 
 225      359A
 226 0382 53FBACD9 		.ascii	"S\373\254\331\215\313\036t\370Q\361\036\037\276\223"
 226      8DCB1E74 
 226      F851F11E 
 226      1FBE93
 227 0391 EAE8F0D9 		.ascii	"\352\350\360\331\333\371)\336|\270\225\312\015\347\217"
 227      DBF929DE 
 227      7CB895CA 
 227      0DE78F
 228 03a0 759BC813 		.ascii	"u\233\310\023\356pjIz\0031\247\322 \375\226\035@s\324"
 228      EE706A49 
 228      7A0331A7 
 228      D220FD96 
ARM GAS  C:\Users\user\AppData\Local\Temp\ccieCr3P.s 			page 17


 228      1D4073D4 
 229 03b4 F2EAA41B 		.ascii	"\362\352\244\033\351\345\352\313\217\356j\024\233\270"
 229      E9E5EACB 
 229      8FEE6A14 
 229      9BB8
 230 03c2 89CA6BF7 		.ascii	"\211\312k\3675\324z\221~\221\203\264\353\015\356d\200"
 230      35D47A91 
 230      7E9183B4 
 230      EB0DEE64 
 230      80
 231 03d3 0BAA5716 		.ascii	"\013\252W\026\341U\356\245\347\315@\222Ml\260v\317\376"
 231      E155EEA5 
 231      E7CD4092 
 231      4D6CB076 
 231      CFFE
 232 03e5 46318389 		.ascii	"F1\203\211\272\257\231\205\177\315v\337>\336h\346\023"
 232      BAAF9985 
 232      7FCD76DF 
 232      3EDE68E6 
 232      13
 233 03f6 52802EB7 		.ascii	"R\200.\267\266\313\323I*\327\254\357)\337.&G\350t\262"
 233      B6CBD349 
 233      2AD7ACEF 
 233      29DF2E26 
 233      47E874B2 
 234 040a 7B5A7DE9 		.ascii	"{Z}\351t\024\021J\354\327\"y\211n\036\010\036\013\027"
 234      7414114A 
 234      ECD72279 
 234      896E1E08 
 234      1E0B17
 235 041d F9543AFA 		.ascii	"\371T:\372\216^t\263d04&\334\304v\364\005\204\2673\370"
 235      8E5E74B3 
 235      64303426 
 235      DCC476F4 
 235      0584B733 
 236 0432 65B0A84A 		.ascii	"e\260\250J\354\223\233\365h\270\036|\372}\340\235\005"
 236      EC939BF5 
 236      68B81E7C 
 236      FA7DE09D 
 236      05
 237 0443 DBD69BC9 		.ascii	"\333\326\233\311\012\356\344\306\247W\356\211\204\005"
 237      0AEEE4C6 
 237      A757EE89 
 237      8405
 238 0451 A258F8A2 		.ascii	"\242X\370\2426\331\203d\360\2615\0077\237\034F\326r"
 238      36D98364 
 238      F0B13507 
 238      379F1C46 
 238      D672
 239 0463 41FD085A 		.ascii	"A\375\010Z\330G\020\222\332?&\033\370\310\241\314\325"
 239      D8471092 
 239      DA3F261B 
 239      F8C8A1CC 
 239      D5
 240 0474 57806CE2 		.ascii	"W\200l\342\302\243\224[]\">cP\314:\361 \200\344\363"
 240      C2A3945B 
 240      5D223E63 
ARM GAS  C:\Users\user\AppData\Local\Temp\ccieCr3P.s 			page 18


 240      50CC3AF1 
 240      2080E4F3 
 241 0488 A1374D0D 		.ascii	"\2417M\015\001d;o7\356.\332\016\244\224\013=9\215\017"
 241      01643B6F 
 241      37EE2EDA 
 241      0EA4940B 
 241      3D398D0F 
 242 049c CCA4820B 		.ascii	"\314\244\202\013ym\233\366z\220j.\024\366\255+\364&"
 242      796D9BF6 
 242      7A906A2E 
 242      14F6AD2B 
 242      F426
 243 04ae 355CF8A9 		.ascii	"5\\\370\251\346\\\252\0279\310\205\324\212\212\015^"
 243      E65CAA17 
 243      39C885D4 
 243      8A8A0D5E 
 244 04be A49E0B49 		.ascii	"\244\236\013I\265\035\231\342\304\351\242\362\315m7"
 244      B51D99E2 
 244      C4E9A2F2 
 244      CD6D37
 245 04cd F33C4556 		.ascii	"\363<EV\334QNkk\351\005\322\310\301i\273\317^5\015\231"
 245      DC514E6B 
 245      6BE905D2 
 245      C8C169BB 
 245      CF5E350D 
 246 04e2 87276A1E 		.ascii	"\207'j\036&\2624d\035\310\3325\334\230\206\026D\237"
 246      26B23464 
 246      1DC8DA35 
 246      DC988616 
 246      449F
 247 04f4 60E81E16 		.ascii	"`\350\036\026\331'jd[o\025l3\031\3630\024z\364\343\264"
 247      D9276A64 
 247      5B6F156C 
 247      3319F330 
 247      147AF4E3 
 248 0509 C3CF7DC0 		.ascii	"\303\317}\300\337\337\177\244\277\356\011d\357-JJ2~"
 248      DFDF7FA4 
 248      BFEE0964 
 248      EF2D4A4A 
 248      327E
 249 051b CEB3C9DD 		.ascii	"\316\263\311\335\322S+\224\274z`T\347p\237\366\302H"
 249      D2532B94 
 249      BC7A6054 
 249      E7709FF6 
 249      C248
 250 052d 6D1FFCC4 		.ascii	"m\037\374\304x\253\351[\342*\327\343\361\323\224B\030"
 250      78ABE95B 
 250      E22AD7E3 
 250      F1D39442 
 250      18
 251 053e FC94117E 		.ascii	"\374\224\021~\362\035x\263\016~\326\010?\303\340!\024"
 251      F21D78B3 
 251      0E7ED608 
 251      3FC3E021 
 251      14
 252 054f 9D29E634 		.ascii	"\235)\3464\335$\301c\034\177\304\206(\032\367 \244\310"
 252      DD24C163 
ARM GAS  C:\Users\user\AppData\Local\Temp\ccieCr3P.s 			page 19


 252      1C7FC486 
 252      281AF720 
 252      A4C8
 253 0561 81F012FC 		.ascii	"\201\360\022\374\241\017\213\"\373\303k\254\373\261"
 253      A10F8B22 
 253      FBC36BAC 
 253      FBB1
 254 056f A462FB17 		.ascii	"\244b\373\027\254\223\261~\203\365b\254\227`Y\212e\000"
 254      AC93B17E 
 254      83F562AC 
 254      9760598A 
 254      6500
 255 0581 E5EFB17E 		.ascii	"\345\357\261~\206\365\013,I\330~\205\365s,\313d\177"
 255      86F50B2C 
 255      49D87E85 
 255      F5732CCB 
 255      647F
 256 0593 F611E23E 		.ascii	"\366\021\342>^\214\325||h\3641\3308\2436\035\372g\227"
 256      5E8CD57C 
 256      7C68F431 
 256      D838A336 
 256      1DFA6797 
 257 05a7 E8100DDC 		.ascii	"\350\020\015\334\243\003\3373\202\333\301\200\276\250"
 257      A303DF33 
 257      82DBC180 
 257      BEA8
 258 05b5 0B56ABEB 		.ascii	"\013V\253\353\330\352\320\365q\032\372\216\021}\313"
 258      D8EAD0F5 
 258      711AFA8E 
 258      117DCB
 259 05c4 88BEAFF3 		.ascii	"\210\276\257\363\344\276\021}\342\235\274\265\351\310"
 259      E4BE117D 
 259      E29DBCB5 
 259      E9C8
 260 05d2 6F1AE1D7 		.ascii	"o\032\341\327\215\344=:\364U#\372\274\021}]\347\312"
 260      8DE43D3A 
 260      F45523FA 
 260      BC117D5D 
 260      E7CA
 261 05e4 03D7AEE8 		.ascii	"\003\327\256\350\203\242\343\276\341\332\223\267\034"
 261      83A2E3BE 
 261      E1DA93B7 
 261      1C
 262 05f1 D7C5B0CD 		.ascii	"\327\305\260\315\365\202{k}\352\330o\273\016\"\207\363"
 262      F5827B6B 
 262      7DEAD86F 
 262      BB0E2287 
 262      F3
 263 0602 ABC9A987 		.ascii	"\253\311\251\207\226\305\212\002\024&\211\203I[G\267"
 263      96C58A02 
 263      14268983 
 263      495B47B7 
 264 0612 7FB6AC49 		.ascii	"\177\266\254IV\232&2\262kF\262\316w2\2423\335\345\032"
 264      569A2632 
 264      B26B46B2 
 264      CE7732A2 
 264      33DDE51A 
ARM GAS  C:\Users\user\AppData\Local\Temp\ccieCr3P.s 			page 20


 265 0626 3DE8E962 		.ascii	"=\350\351b\204\307/f\360\247`\201n\001W\267>4\033\311"
 265      84C72F66 
 265      F0A76081 
 265      6E0157B7 
 265      3E341BC9 
 266 063a FB7531BE 		.ascii	"\373u1\276\353z\341\351\311\373\3438\371\025$\357\020"
 266      EB7AE1E9 
 266      C9FBE338 
 266      F91524EF 
 266      10
 267 064b 70F5FB2E 		.ascii	"p\365\373.\022\310\341\364\252\333r\276h8Y\353\306\256"
 267      12C8E1F4 
 267      AADB72BE 
 267      683859EB 
 267      C6AE
 268 065d 78F53FEC 		.ascii	"x\365?\354\317\306\273\352H\036\236\027\217\334\361"
 268      CFC6BBEA 
 268      481E9E17 
 268      8FDCF1
 269 066c AA0E2BE4 		.ascii	"\252\016+\344\221\220&\017\036\3714X\256w8,\307\215"
 269      9190260F 
 269      1EF93458 
 269      AE77382C 
 269      C78D
 270 067e FDFFDEE4 		.ascii	"\375\377\336\344\364d\270\267\352\232\254\277eP\017"
 270      F464B8B7 
 270      EA9AACBF 
 270      65500F
 271 068d B56FF24A 		.ascii	"\265o\362J\331\233]I\260Fp~\325\263\034\037\222\307"
 271      D99B5D49 
 271      B046707E 
 271      D5B31C1F 
 271      92C7
 272 069f E6079567 		.ascii	"\346\007\225g\216\245\017\307KM]\027\275\324\370\027"
 272      8EA50FC7 
 272      4B4D5D17 
 272      BDD4F817 
 273 06af 5FB8A928 		.ascii	"_\270\251(\310\223\002\374\256\230\256\315\022\233o"
 273      C89302FC 
 273      AE98AECD 
 273      129B6F
 274 06be 5F9156C9 		.ascii	"_\221V\311\364\202S\327\335\224\353A\2528[\301\375\232"
 274      F48253D7 
 274      DD94EB41 
 274      AA385BC1 
 274      FD9A
 275 06d0 0671D6FB 		.ascii	"\006q\326\373\240xy\313\332m&~\214\334\245\303\371'"
 275      A07879CB 
 275      DA6D267E 
 275      8CDCA5C3 
 275      F927
 276 06e2 9FAE3393 		.ascii	"\237\2563\223\303\034\373\352\356\332\016\340X\352U"
 276      C31CFBEA 
 276      EEDA0EE0 
 276      58EA55
 277 06f1 C3C3EADE 		.ascii	"\303\303\352\336\241O\367,Y\234*kev\254\234\353;\320"
 277      A14FF72C 
ARM GAS  C:\Users\user\AppData\Local\Temp\ccieCr3P.s 			page 21


 277      599C2A6B 
 277      6576AC9C 
 277      EB3BD0
 278 0704 EF4D9A19 		.ascii	"\357M\232\031\223\251\253\240\347\201;\004\216\0050"
 278      93A9ABA0 
 278      E7813B04 
 278      8E0530
 279 0713 632954FF 		.ascii	"c)T\377QI\220-\233a\235L\324\177\2449\012\322w\177G"
 279      5149902D 
 279      9B619D4C 
 279      D47FA439 
 279      0AD2777F 
 280 0728 BBF91F8B 		.ascii	"\273\371\037\213\356-\012\031#\301$vX\301z\314O6\263"
 280      EE2D0A19 
 280      23C12476 
 280      58C17ACC 
 280      4F36B3
 281 073b 93238F85 		.ascii	"\223#\217\205\015h(\007sM{\320\340\336\326\232\215^"
 281      0D682807 
 281      734D7BD0 
 281      E0DED69A 
 281      8D5E
 282 074d DAC9048C 		.ascii	"\332\311\004\214{5\3422e\352\337F\331\242z\311\356\337"
 282      7B35E232 
 282      65EADF46 
 282      D9A27AC9 
 282      EEDF
 283 075f 27F3377A 		.ascii	"'\3637z\232\205\215\324\367\332@tU\307\322\015\236z"
 283      9A858DD4 
 283      F7DA4074 
 283      55C7D20D 
 283      9E7A
 284 0771 EE4DEFE3 		.ascii	"\356M\357\343\336\272\242\253\036\306\027(\255ux\267"
 284      DEBAA2AB 
 284      1EC61728 
 284      AD7578B7 
 285 0781 AF0FA848 		.ascii	"\257\017\250H\252S\222\247\303f\331\002k0Yx\201\327"
 285      AA5392A7 
 285      C366D902 
 285      6B305978 
 285      81D7
 286 0793 A96660CF 		.ascii	"\251f`\317<\3743\375\203<\0365/\015\324\344\371\220"
 286      3CFC33FD 
 286      833C1E35 
 286      2F0DD4E4 
 286      F990
 287 07a5 D33CFC4B 		.ascii	"\323<\374K\323\222*\334\007\023\377\347\022]\342\351"
 287      D3922ADC 
 287      0713FFE7 
 287      125DE2E9 
 288 07b5 1535574B 		.ascii	"\0255WK|\2561\361y,\361\207\356m\3151\221k\234\255\377"
 288      7CAE31F1 
 288      792CF187 
 288      EE6DCD31 
 288      916B9CAD 
 289 07ca F28AEF7D 		.ascii	"\362\212\357}\005["
 289      055B
ARM GAS  C:\Users\user\AppData\Local\Temp\ccieCr3P.s 			page 22


 290 07d0 7310BFDC 		.ascii	"s\020\277\334\347\363\313}\276\306\224od\332\302\230"
 290      E7F3CB7D 
 290      BEC6946F 
 290      64DAC298 
 291 07e0 DEBCB9BA 		.ascii	"\336\274\271\272\334\213\364p\246\366\216\224\032\261"
 291      DC8BF470 
 291      A6F68E94 
 291      1AB1
 292 07ee 2CBC74F7 		.ascii	",\274t\367\341Q\342>\374\272\273\365\265\270\023\232"
 292      E151E23E 
 292      FCBABBF5 
 292      B5B8139A 
 293 07fe 51DC9754 		.ascii	"Q\334\227T\336\3516\344\252\331\256\256\232B\036\350"
 293      DEE936E4 
 293      AAD9AEAE 
 293      9A421EE8 
 294 080e 8EF41797 		.ascii	"\216\364\027\227M\306$n\303hme\321*b\201\336\256\006"
 294      4DC6246E 
 294      C3686D65 
 294      D12A6281 
 294      DEAE06
 295 0821 BAA1E3D9 		.ascii	"\272\241\343\331~\037cZ\206D+\351i~\203Y\231,\262\262"
 295      7E1F635A 
 295      86442BE9 
 295      697E8359 
 295      992CB2B2 
 296 0835 436405FF 		.ascii	"Cd\005\377\304\3504\013DV~dY\331\275>k\032Q\334\331"
 296      C4E8340B 
 296      44567E64 
 296      59D9BD3E 
 296      6B1A51DC 
 297 084a E433EE64 		.ascii	"\3443\356d\256\363\320\222R\326\243%\205\376a)\326B"
 297      AEF3D092 
 297      52D6A325 
 297      85FE6129 
 297      D642
 298 085c 596C0C65 		.ascii	"Yl\014e\011\013e\377\205Ci^$\223\2635-\355|b\036\364"
 298      090B65FF 
 298      8543695E 
 298      2493B335 
 298      2DED7C62 
 299 0872 699AC1A7 		.ascii	"i\232\301\247\306\267|*\025>\355\224\307K\356\016\347"
 299      C6B77C2A 
 299      153EED94 
 299      C74BEE0E 
 299      E7
 300 0883 9CF818A7 		.ascii	"\234\370\030\247\307\354\317\377\346g\015\011\221&Y"
 300      C7ECCFFF 
 300      E6670D09 
 300      912659
 301 0892 A786DBE6 		.ascii	"\247\206\333\346}\021\026n]\0203?&\314\271(*&!<\222"
 301      7D11166E 
 301      5D10333F 
 301      26CCB928 
 301      2A26213C 
 302 08a7 B6131C21 		.ascii	"\266\023\034!S&\007'8\202\027D\304\006;\022#imw8\203"
 302      53260727 
ARM GAS  C:\Users\user\AppData\Local\Temp\ccieCr3P.s 			page 23


 302      38821744 
 302      C4063B12 
 302      23696D77 
 303 08bd 22256F87 		.ascii	"\"%o\2073\314\031\221\350\234\021\033\221\030g\266\333"
 303      33CC1991 
 303      E89C111B 
 303      911867B6 
 303      DB
 304 08ce 17C5C43B 		.ascii	"\027\305\304;'\205\332\235\377\214\234\032\236\350L"
 304      2785DA9D 
 304      FF8C9C1A 
 304      9EE84C
 305 08dd 70707D07 		.ascii	"pp}\007\347r&$\304:\302\277\211_\344\307Z~\250\342\027"
 305      E7722624 
 305      C43AC2BF 
 305      895FE4C7 
 305      5A7EA8E2 
 306 08f2 1D373F3A 		.ascii	"\0357?:**:*|r\320$\277\320\211!S\376\025\022\216\375"
 306      2A2A3A2A 
 306      7C72D024 
 306      BFD08921 
 306      53FE1512 
 307 0908 1FC527C4 		.ascii	"\037\305'\304G\177\024\0351?&<&>2vQTtx\\\004r\305G\207"
 307      477F141D 
 307      313F263C 
 307      263E3276 
 307      51547478 
 308 0922 DBA3A2BF 		.ascii	"\333\243\242\277\216X\024\353\264;\277]\030\355\010"
 308      8E5814EB 
 308      B43BBF5D 
 308      18ED08
 309 0931 5A2079A8 		.ascii	"Z y\250F\377\361\2777\352\370\326\021\2163\215B\013"
 309      46FFF1BF 
 309      37EAF8D6 
 309      118E338D 
 309      420B
 310 0943 68C91345 		.ascii	"h\311\023EgL\\\264\3359\365\327c\225\350\014\026,\301"
 310      674C5CB4 
 310      DD39F5D7 
 310      6395E80C 
 310      162CC1
 311 0956 910BA8A2 		.ascii	"\221\013\250\242p\327\213\206,a!\217\030\266\243\235"
 311      70D78B86 
 311      2C61218F 
 311      18B6A39D 
 312 0966 6A73B668 		.ascii	"js\266h\"\302\036\033\033e\217\301\354\314\371mIY\230"
 312      22C21E1B 
 312      1B658FC1 
 312      ECCCF96D 
 312      495998
 313 0979 90E87404 		.ascii	"\220\350t\004\207\315\233;)4\370\263\317f\006\317\233"
 313      87CD9B3B 
 313      2934F8B3 
 313      CF6606CF 
 313      9B
 314 098a 33F7DF21 		.ascii	"3\367\337!\"M\224\013\355\272Y\255sm\223\344/l\246\231"
 314      224D940B 
ARM GAS  C:\Users\user\AppData\Local\Temp\ccieCr3P.s 			page 24


 314      EDBA59AD 
 314      736D93E4 
 314      2F6CA699 
 315 099e 7367D8C8 		.ascii	"sg\330\310L\253\315\364\361\314y6b\265\332\210\015\313"
 315      4CABCDF4 
 315      F1CC7936 
 315      62B5DA88 
 315      0DCB
 316 09b0 0C9B8DFC 		.ascii	"\014\233\215\3745\314J\254\237\3173Y\255\263l\014\037"
 316      35CC4AAC 
 316      9FCF3359 
 316      ADB36C0C 
 316      1F
 317 09c1 CADE2164 		.ascii	"\312\336!d\326l\233\034\206\232sf\331Las\021m\265\205"
 317      D66C9B1C 
 317      869A7366 
 317      D94C6173 
 317      116DB585 
 318 09d5 620941E4 		.ascii	"b\011A\344\337m\237\3767>:\234q4w1q<4B\260;-\"\010\016"
 318      DF6D9FFE 
 318      373E3A9C 
 318      71347731 
 318      713C3442 
 319 09ef BABCEC11 		.ascii	"\272\274\354\0214.>v\373\327\213\342#\355\366\240)\023"
 319      342E3E76 
 319      FBD78BE2 
 319      23EDF6A0 
 319      2913
 320 0a01 43FEE2A1 		.ascii	"C\376\342\241J\246\310\005\021\211\037\014\302\023\026"
 320      4AA6C805 
 320      11891F0C 
 320      C21316
 321 0a10 72F408B5 		.ascii	"r\364\010\265'\332\205zh\250:\374\215\313\341\311\377"
 321      27DA857A 
 321      68A83AFC 
 321      8DCBE1C9 
 321      FF
 322 0a21 019EA829 		.ascii	"\001\236\250)\260"
 322      B0
 323              		.text
 324              		.section	.gnu.lto_.symtab.824f136,"",%progbits
 325 0000 7374496E 		.ascii	"stInit\000"
 325      697400
 326 0007 00       		.ascii	"\000"
 327 0008 00       		.ascii	"\000"
 328 0009 00       		.ascii	"\000"
 329 000a 00000000 		.ascii	"\000\000\000\000\000\000\000\000"
 329      00000000 
 330 0012 AE000000 		.ascii	"\256\000\000\000"
 331 0016 73745374 		.ascii	"stStartAlarm\000"
 331      61727441 
 331      6C61726D 
 331      00
 332 0023 00       		.ascii	"\000"
 333 0024 00       		.ascii	"\000"
 334 0025 00       		.ascii	"\000"
 335 0026 00000000 		.ascii	"\000\000\000\000\000\000\000\000"
ARM GAS  C:\Users\user\AppData\Local\Temp\ccieCr3P.s 			page 25


 335      00000000 
 336 002e BF000000 		.ascii	"\277\000\000\000"
 337 0032 73745374 		.ascii	"stStopAlarm\000"
 337      6F70416C 
 337      61726D00 
 338 003e 00       		.ascii	"\000"
 339 003f 00       		.ascii	"\000"
 340 0040 00       		.ascii	"\000"
 341 0041 00000000 		.ascii	"\000\000\000\000\000\000\000\000"
 341      00000000 
 342 0049 C1000000 		.ascii	"\301\000\000\000"
 343 004d 73745365 		.ascii	"stSetAlarm\000"
 343      74416C61 
 343      726D00
 344 0058 00       		.ascii	"\000"
 345 0059 00       		.ascii	"\000"
 346 005a 00       		.ascii	"\000"
 347 005b 00000000 		.ascii	"\000\000\000\000\000\000\000\000"
 347      00000000 
 348 0063 C3000000 		.ascii	"\303\000\000\000"
 349 0067 73744765 		.ascii	"stGetAlarm\000"
 349      74416C61 
 349      726D00
 350 0072 00       		.ascii	"\000"
 351 0073 00       		.ascii	"\000"
 352 0074 00       		.ascii	"\000"
 353 0075 00000000 		.ascii	"\000\000\000\000\000\000\000\000"
 353      00000000 
 354 007d C6000000 		.ascii	"\306\000\000\000"
 355 0081 73745F6C 		.ascii	"st_lld_init\000"
 355      6C645F69 
 355      6E697400 
 356 008d 00       		.ascii	"\000"
 357 008e 02       		.ascii	"\002"
 358 008f 00       		.ascii	"\000"
 359 0090 00000000 		.ascii	"\000\000\000\000\000\000\000\000"
 359      00000000 
 360 0098 C8000000 		.ascii	"\310\000\000\000"
 361              		.text
 362              		.section	.gnu.lto_.opts,"",%progbits
 363 0000 272D666D 		.ascii	"'-fmath-errno' '-fsigned-zeros' '-ftrapping-math' '"
 363      6174682D 
 363      6572726E 
 363      6F272027 
 363      2D667369 
 364 0033 2D666E6F 		.ascii	"-fno-trapv' '-fno-openmp' '-fno-openacc' '-mcpu=cor"
 364      2D747261 
 364      70762720 
 364      272D666E 
 364      6F2D6F70 
 365 0066 7465782D 		.ascii	"tex-m4' '-mno-thumb-interwork' '-mthumb' '-ggdb' '-"
 365      6D342720 
 365      272D6D6E 
 365      6F2D7468 
 365      756D622D 
 366 0099 4F322720 		.ascii	"O2' '-fomit-frame-pointer' '-falign-functions=16' '"
 366      272D666F 
ARM GAS  C:\Users\user\AppData\Local\Temp\ccieCr3P.s 			page 26


 366      6D69742D 
 366      6672616D 
 366      652D706F 
 367 00cc 2D666675 		.ascii	"-ffunction-sections' '-fdata-sections' '-fno-common"
 367      6E637469 
 367      6F6E2D73 
 367      65637469 
 367      6F6E7327 
 368 00ff 2720272D 		.ascii	"' '-flto'\000"
 368      666C746F 
 368      2700
 369              		.text
 370              		.comm	__gnu_lto_v1,1,1
 371              		.comm	__gnu_lto_slim,1,1
 372              		.ident	"GCC: (GNU Tools for ARM Embedded Processors 6-2017-q1-update) 6.3.1 20170215 (release) [AR
ARM GAS  C:\Users\user\AppData\Local\Temp\ccieCr3P.s 			page 27


DEFINED SYMBOLS
                            *ABS*:00000000 hal_st.c
                            *COM*:00000001 __gnu_lto_v1
                            *COM*:00000001 __gnu_lto_slim

NO UNDEFINED SYMBOLS
