ARM GAS  C:\Users\user\AppData\Local\Temp\ccc2goRZ.s 			page 1


   1              		.cpu cortex-m4
   2              		.eabi_attribute 20, 1
   3              		.eabi_attribute 21, 1
   4              		.eabi_attribute 23, 3
   5              		.eabi_attribute 24, 1
   6              		.eabi_attribute 25, 1
   7              		.eabi_attribute 26, 1
   8              		.eabi_attribute 30, 2
   9              		.eabi_attribute 34, 1
  10              		.eabi_attribute 18, 4
  11              		.file	"main.c"
  12              		.text
  13              	.Ltext0:
  14              		.section	.gnu.lto_.profile.824ebe1,"",%progbits
  15 0000 789C6365 		.ascii	"x\234ce`b`a```d\260\344\001\000\000\376\000R"
  15      60626061 
  15      60606064 
  15      B0E40100 
  15      00FE0052 
  16              		.text
  17              		.section	.gnu.lto_.icf.824ebe1,"",%progbits
  18 0000 789C6365 		.ascii	"x\234ce`b\020a@\000f\206\225\375\177\317\3612>=\365"
  18      60621061 
  18      40006686 
  18      95FD7FCF 
  18      F1323E3D 
  19 0015 FA3323D3 		.ascii	"\3723#\323\367\3263W\370\030\000iB\011\352"
  19      F7D63357 
  19      F8180069 
  19      4209EA
  20              		.text
  21              		.section	.gnu.lto_.jmpfuncs.824ebe1,"",%progbits
  22 0000 789C6365 		.ascii	"x\234ce`b\230\303\200\000L\014\214\214@\222q:3\343\205"
  22      606298C3 
  22      80004C0C 
  22      8C8C4092 
  22      713A33E3 
  23 0015 752B67F3 		.ascii	"u+g\363\3651\317gf`\234p\216\201q9\243\014\003\003X"
  23      F531CF67 
  23      66609C70 
  23      8E817139 
  23      A30C0303 
  24 002a 0EC2E402 		.ascii	"\016\302\344\002\251\331\271\363\315m\366\372\277\015"
  24      A9D9B9F3 
  24      CD6DF6FA 
  24      BF0D
  25 0038 1CF39919 		.ascii	"\034\363\231\031\0273\003\3653\256`\254g`\344`\000I"
  25      173303F5 
  25      33AE60AC 
  25      6760E460 
  25      0049
  26 004a CE9FB0AB 		.ascii	"\316\237\260\253\205\027d\000\023\343\011&\306\225`"
  26      85176400 
  26      13E30926 
  26      C69560
  27 0059 FD40E16D 		.ascii	"\375@\341m\317N\036\343\202\230\333\300\310\270\012"
  27      CF4E1EE3 
ARM GAS  C:\Users\user\AppData\Local\Temp\ccc2goRZ.s 			page 2


  27      8298DBC0 
  27      C8B80A
  28 0068 268C6414 		.ascii	"&\214d\024\363L\260Q\253\201F\001\235\243'\0032\020"
  28      F34CB051 
  28      AB814601 
  28      9DA32703 
  28      3210
  29 007a 0800CA33 		.ascii	"\010\000\3123%h"
  29      2568
  30              		.text
  31              		.section	.gnu.lto_.inline.824ebe1,"",%progbits
  32 0000 789C6365 		.ascii	"x\234ce`bpc@\000&\006\006\2263\034\214 \232\201\005"
  32      60627063 
  32      40002606 
  32      0696331C 
  32      8C209A81 
  33 0015 4C323071 		.ascii	"L20q32\200 \317{l\342l\374\014\014\254`\255\214\\0\202"
  33      33328020 
  33      CF7B6CE2 
  33      6CFC0C0C 
  33      AC60AD8C 
  34 002c 01008665 		.ascii	"\001\000\206e\002\214"
  34      028C
  35              		.text
  36              		.section	.gnu.lto_.pureconst.824ebe1,"",%progbits
  37 0000 789C6365 		.ascii	"x\234ce`b`e`\000\222&\214&\000\001m\000x"
  37      60626065 
  37      60009226 
  37      8C260001 
  37      6D0078
  38              		.text
  39              		.section	.gnu.lto_Thread.824ebe1,"",%progbits
  40 0000 789C2D4F 		.ascii	"x\234-O=K\003A\020\235\267\263w\011J\374\005W\330\205"
  40      3D4B0341 
  40      109DB7B3 
  40      77094AFC 
  40      0557D885 
  41 0014 34565676 		.ascii	"4VVvv\376\000\377@\260\020\013-\374\003\267J p\001\265"
  41      76FE00FF 
  41      40B0100B 
  41      2DFC03B7 
  41      4A207001 
  42 0029 91101556 		.ascii	"\221\020\025V\013I\316\217\250\215p\205\260X\245Q4`"
  42      0B49CE8F 
  42      A88D7085 
  42      B058A551 
  42      3460
  43 003b 1A3B059B 		.ascii	"\032;\005\233\010\342\0170:{\347\300\316\314\333y\357"
  43      08E20F30 
  43      3A7BE7C0 
  43      CECCDB79 
  43      EF
  44 004c ED4E408A 		.ascii	"\355N@\212\246AT!\242y9\010\010j\357\221h\253\254\300"
  44      A6415421 
  44      A2793908 
  44      086AEF91 
  44      68ABACC0 
ARM GAS  C:\Users\user\AppData\Local\Temp\ccc2goRZ.s 			page 3


  45 0060 BE0143E7 		.ascii	"\276\001C\347U\027x\021\024+\326\220DE\354r\233q\337"
  45      55177811 
  45      142BD690 
  45      4445EC72 
  45      9B71DF
  46 0073 FCC854AD 		.ascii	"\374\310T\255k$\\;\011M\317\301\012\241\363OB\0275a"
  46      6B245C3B 
  46      094DCFC1 
  46      0AA1F34F 
  46      42173561 
  47 0087 3D37AE8F 		.ascii	"=7\256\217x\207-\003Z\340\367\303\301\373\214\207\012"
  47      78872D03 
  47      5AE0F7C3 
  47      C1FB8C87 
  47      0A
  48 0098 B302C7A6 		.ascii	"\263\002\307\246u\007\236\002I\3772J\227\253\247\306"
  48      75079E02 
  48      49FF324A 
  48      97ABA7C6 
  49 00a8 6C1B37C0 		.ascii	"l\0337\300\222e\306\031X\334\220\"B\017\021\311\025"
  49      9265C619 
  49      58DC9022 
  49      420F11C9 
  49      15
  50 00b9 E11C554F 		.ascii	"\341\034UO~\273\231\354WB]\274\206\013\204\262\021]"
  50      7EBB99EC 
  50      57425DBC 
  50      860B84B2 
  50      115D
  51 00cb 0DE1CCE4 		.ascii	"\015\341\314\344\267i\334\355\011\0264Q\"SHV\262SK\324"
  51      B769DCED 
  51      09163451 
  51      22534856 
  51      B2534BD4 
  52 00df B20DC668 		.ascii	"\262\015\306h\034\177\015\3405\336(\313>_K\361\217)"
  52      1C7F0DE0 
  52      35DE28CB 
  52      3E5F4BF1 
  52      8F29
  53 00f1 5BD61D16 		.ascii	"[\326\035\026\027\\\"\366\203\247~z\230\3774\200\227"
  53      175C22F6 
  53      83A77E7A 
  53      98FF3480 
  53      97
  54 0102 F511590E 		.ascii	"\365\021Y\016\311{\352\334'\361d\211\322z}mcn\205\270"
  54      C97BEADC 
  54      27F16489 
  54      D27A7D6D 
  54      636E85B8 
  55 0116 BEB9FA07 		.ascii	"\276\271\372\007\257\035Y\004"
  55      AF1D5904 
  56              		.text
  57              		.section	.gnu.lto_main.824ebe1,"",%progbits
  58 0000 789C6D51 		.ascii	"x\234mQ\273J\003Q\020\235\263\263\311\306\230X\250X"
  58      BB4A0351 
  58      109DB3B3 
  58      C9C69858 
ARM GAS  C:\Users\user\AppData\Local\Temp\ccc2goRZ.s 			page 4


  58      A858
  59 0012 05B44D63 		.ascii	"\005\264Mci\357\247\210\225\205\376\302\256\030Q\"\250"
  59      69EFA788 
  59      9585FEC2 
  59      AE185122 
  59      A8
  60 0023 4534AE0F 		.ascii	"E4\256\017n\300\302G4\032\037\001-$\210\210\212oL%X"
  60      6EC0C247 
  60      341A1F01 
  60      2D248888 
  60      8A6F4C25 
  61 0038 2858A820 		.ascii	"(X\250 \226*>f\\\024\204\\\330\345\316\2313g\316\314"
  61      962A3E66 
  61      5C14845C 
  61      D8E5CE99 
  61      3367CECC 
  62 004c 0D9145EF 		.ascii	"\015\221E\357 \252!\2426\371\020\"X\243\247D\275\021"
  62      20AA21A2 
  62      36F91022 
  62      58A3A744 
  62      BD11
  63 005e 0B1C5C18 		.ascii	"\013\034\\\030vp\261\003\244\035\344ZlC~\024\234\021"
  63      7670B103 
  63      A41DE45A 
  63      6C437E14 
  63      9C11
  64 0070 CE322E52 		.ascii	"\3162.R\253\323<\314\206\011\266\204/'\223wu\032\002"
  64      ABD33CCC 
  64      8609B684 
  64      2F279377 
  64      751A02
  65 0083 2D125632 		.ascii	"-\022V2\205|,9\347\311)g\257\032\375\371\262m\330\""
  65      857C2C39 
  65      E7C92967 
  65      AF1AFDF9 
  65      B26DD822 
  66 0097 5FD8F348 		.ascii	"_\330\363H`\016\011\355\276\200$\011\371\266\3709\026"
  66      600E09ED 
  66      BE802409 
  66      F9B6F839 
  66      16
  67 00a8 0FDB9A15 		.ascii	"\017\333\232\025p\021aqH+\227({\237_\003^\371\246>\335"
  67      70116171 
  67      482B9728 
  67      7B9F5F03 
  67      5EF9A63E 
  68 00bd E010A525 		.ascii	"\340\020\245%\013\032\022\025\360#\372r\317I\245j\375"
  68      0B1A1215 
  68      F023FA72 
  68      CF49A56A 
  68      FD
  69 00ce D6D6D3B5 		.ascii	"\326\326\323\265\343~x\021\303\354\263\024#\017\227"
  69      E37E7811 
  69      C3ECB314 
  69      230F97
  70 00dd 0CDBA4BC 		.ascii	"\014\333\244\274\027T\347Y\302[\372\343Mx\231\346*\274"
  70      1754E759 
ARM GAS  C:\Users\user\AppData\Local\Temp\ccc2goRZ.s 			page 5


  70      C25BFAE3 
  70      4D7899E6 
  70      2ABC
  71 00ef 90CFDA76 		.ascii	"\220\317\332vYx\222\030\357\337=stHq\370\237\027\236"
  71      59789218 
  71      EFDF3D73 
  71      744871F8 
  71      9F179E
  72 0102 55EF823D 		.ascii	"U\357\202=\034W\366\242\00630\354`\005.\012:\252$ro"
  72      1C57F6A2 
  72      063330EC 
  72      60052E0A 
  72      3AAA2472 
  73 0117 AF959890 		.ascii	"\257\225\230\220\007=/\267\003\225X\205\011\254\241"
  73      073D2FB7 
  73      03955885 
  73      09ACA1
  74 0126 08571866 		.ascii	"\010W\030ft;\025W\365\010\016,\254!!X\351\376p?\252"
  74      743B1557 
  74      F5080E2C 
  74      AC212158 
  74      E9FE703F 
  75 013b 580D3C60 		.ascii	"X\015<`\375\007\373m\253JM\206\243\276<\316\217\314"
  75      FD07FB6D 
  75      AB4A4D86 
  75      A3BE3CCE 
  75      8FCC
  76 014d 86B46B4D 		.ascii	"\206\264kM\030\256\025+C\342[^O6\225\312\345\217\252"
  76      18AE152B 
  76      43E25B5E 
  76      4F3695CA 
  76      E58FAA
  77 0160 AD20E673 		.ascii	"\255 \346sHF\333\014F;/,L\325\005\215\244\014%\210N"
  77      4846DB0C 
  77      463B2F2C 
  77      4CD5058D 
  77      A40C2588 
  78 0175 9C74EBB6 		.ascii	"\234t\353\266\352 \255{\225\343twt\365\264v\3227\032"
  78      EA20AD7B 
  78      95E37477 
  78      74F5B476 
  78      D2371A
  79 0188 85A96D   		.ascii	"\205\251m"
  80              		.text
  81              		.section	.gnu.lto_.symbol_nodes.824ebe1,"",%progbits
  82 0000 789C55CA 		.ascii	"x\234U\312=\012\002A\014@\341\227dg\275\207'\361fIa"
  82      3D0A0241 
  82      0C40E197 
  82      6467BD87 
  82      27F16649 
  83 0015 6763E37F 		.ascii	"gc\343\1773\003{\010\261\266\266\264\266\360\034b\030"
  83      33037B08 
  83      B1B6B6B4 
  83      B6F01C62 
  83      18
  84 0026 10DCA478 		.ascii	"\020\334\244x\360%\005\245\222\243{u\330> s\255-\306"
  84      F02505A5 
ARM GAS  C:\Users\user\AppData\Local\Temp\ccc2goRZ.s 			page 6


  84      92A37B75 
  84      D83E2073 
  84      AD2DC6
  85 0039 B483BAFC 		.ascii	"\264\203\272\374\354\026M\240\354\224X\202\311E]\373"
  85      EC164DA0 
  85      EC945882 
  85      C9455DFB 
  86 0049 0D225620 		.ascii	"\015\"V gu\233\301I}\230\301Q\275\374\203\345N\365\271"
  86      67759BC1 
  86      497D98C1 
  86      51BDFC83 
  86      E54EF5B9 
  87 005d 59988C4C 		.ascii	"Y\230\214L\257\217\230\024\356\275\003\357^c\335\362"
  87      AF8F9814 
  87      EEBD03EF 
  87      5E63DDF2 
  88 006d 812F4CE7 		.ascii	"\201/L\347(p"
  88      2870
  89              		.text
  90              		.section	.gnu.lto_.refs.824ebe1,"",%progbits
  91 0000 789C6365 		.ascii	"x\234ce`b\340d```bdbbfb`f\000\000\001J\000 "
  91      6062E064 
  91      60606062 
  91      64626266 
  91      62606600 
  92              		.text
  93              		.section	.gnu.lto_.decls.824ebe1,"",%progbits
  94 0000 789CB559 		.ascii	"x\234\265Y{PTW\232\357sO\277h\032p\210\225\362\017\376"
  94      7B505457 
  94      9AEF734F 
  94      BF681A70 
  94      8895F20F 
  95 0015 B0B24C49 		.ascii	"\260\262LI\315$\"1c2\331\251\232lY\265\263S[\023S1\316"
  95      CD242231 
  95      6332D9A9 
  95      9A6C59B5 
  95      B3535B13 
  96 002c 5FECF662 		.ascii	"_\354\366b\323\012\023h\230\356K\324\375c\347\012\370"
  96      D30A1368 
  96      98EE4BD4 
  96      FD63E70A 
  96      F8
  97 003d 40504445 		.ascii	"@PDE\021A\020Qh\201`\024A\345a\203\202\010*>ADy\213"
  97      11411051 
  97      68816014 
  97      41E56183 
  97      82082A3E 
  98 0055 11411012 		.ascii	"\021A\020\022\004T\330\357\234s\273\357m\350\326df\267"
  98      0454D8EF 
  98      9C73BBEF 
  98      6DE8D664 
  98      66B7
  99 0067 8B43DFEF 		.ascii	"\213C\337\357\334\357|\277\357}\317\351\253Rp\212\362"
  99      DCEF7CBF 
  99      EF7DCFE9 
  99      AB52708A 
  99      F2
ARM GAS  C:\Users\user\AppData\Local\Temp\ccc2goRZ.s 			page 7


 100 0078 C50AC502 		.ascii	"\305\012\305\002\265B\241E\012\305,|\260B\241(\201\241"
 100      B542A145 
 100      0AC52C7C 
 100      B042A128 
 100      81A1
 101 008a 84B10446 		.ascii	"\204\261\004F\025\214U0j\025\354\003\254\212z\030\215"
 101      158C5530 
 101      6A15EC03 
 101      AC8A7A18 
 101      8D
 102 009b 30DA60E4 		.ascii	"0\332`\344\301\272c0\012`\300\237\302\206\024.\237d"
 102      C1BA6330 
 102      0A60C09F 
 102      C286142E 
 102      9F64
 103 00ad A035F0FD 		.ascii	"\2405\360\375g\030\3760\026\302X\003\343\004b\362[E"
 103      6718FE30 
 103      16C25803 
 103      E30462F2 
 103      5B45
 104 00bf 3E4E94DB 		.ascii	">N\224\333\246\230\377I\003^_\331\372/`\024\301\\>\214"
 104      A698FF49 
 104      035E5FD9 
 104      FA2F6014 
 104      C15C3E8C 
 105 00d3 62C474AC 		.ascii	"b\304t\254\024\365\\\"\352z\0041\014\207|\265\250s\201"
 105      14F55C22 
 105      EA7A0431 
 105      0C877CB5 
 105      A87381
 106 00e6 A82FD1DB 		.ascii	"\250/\321\333\201\347N\357\003\030\335L<\231\205wa\344"
 106      81E74EEF 
 106      0318DD4C 
 106      3C998577 
 106      61E4
 107 00f8 AF434A20 		.ascii	"\257CJ \237_\313\354\363\005r\241\016-\006\362\320\370"
 107      9F5FCBEC 
 107      F30572A1 
 107      0E2D06F2 
 107      D0F8
 108 010a C3275EEC 		.ascii	"\303'^\354n\020\220\207\263R^ \335v\001>\273\023\004"
 108      6E109087 
 108      B3525E20 
 108      DD76013E 
 108      BB1304
 109 011d AF7F23F3 		.ascii	"\257\177#\363\205(\000\025\240\000\0008\201t\360?8\000"
 109      85280015 
 109      A0000038 
 109      8174F03F 
 109      3800
 110 012f D98004EE 		.ascii	"\331\200\004\356\234\335\347\023}\330\342F\016\350\366"
 110      9CDDE713 
 110      7DD8E246 
 110      0EE8F6
 111 013e DBF72BBD 		.ascii	"\333\367+\275\230l\373B\240\207\217]?E\350 \035\372"
 111      986CFB42 
 111      A0878F5D 
ARM GAS  C:\Users\user\AppData\Local\Temp\ccc2goRZ.s 			page 8


 111      3F45E820 
 111      1DFA
 112 0150 1B90A543 		.ascii	"\033\220\245C\347\246|\030IVwM\025\376\353\322b\201"
 112      E7A67C18 
 112      4956774D 
 112      15FEEBD2 
 112      6281
 113 0162 7DB49CA4 		.ascii	"}\264\234\244qVZ\357\001/\354M\2312+\177hR1\010-\220"
 113      71565AEF 
 113      012FEC4D 
 113      99322B7F 
 113      68523108 
 114 0178 15CF8A2A 		.ascii	"\025\317\212*|D\004\270\315\035\036\272\227\340\003"
 114      7C4404B8 
 114      CD1D1EBA 
 114      97E003
 115 0187 028F1319 		.ascii	"\002\217\023\031\366\027\247V\244m\023\004\016\225!"
 115      F617A756 
 115      A46D1304 
 115      0E9521
 116 0196 1D3A8900 		.ascii	"\035:\211\000\021-%\216\011\002\265\025`T\274\220\233"
 116      112D258E 
 116      0902B515 
 116      6054BC90 
 116      9B
 117 01a7 20FC6273 		.ascii	" \374bs\210\002\235\002\233\276\003#\320i\024D\364!"
 117      88029D02 
 117      9BBE0323 
 117      D0691444 
 117      F421
 118 01b9 8CE85B98 		.ascii	"\214\350[\230,a\226mK,L\365\306\361\210\350\300\325"
 118      2C61966D 
 118      4B2C4CF5 
 118      C6F188E8 
 118      C0D5
 119 01cb 776CFDC6 		.ascii	"wl\375\306\211\321e\373\360\362\026\202Q\001\030g$\214"
 119      89D165FB 
 119      F0F21682 
 119      51011867 
 119      248C
 120 01dd 32E419A4 		.ascii	"2\344\031\244\334=Hgi\307%%\036b \267\016l\035Q9Qfk"
 120      DC3D4867 
 120      69C72525 
 120      1E6220B7 
 120      0E6C1D51 
 121 01f5 3ECABE23 		.ascii	">\312\276#\010\213\321y@9+\241T\274\001\345\234{\224"
 121      088BD179 
 121      40392BA1 
 121      54BC01E5 
 121      9C7B94
 122 0208 89B3C976 		.ascii	"\211\263\311v?\377\3354\244 q\021\025Y\014\367\213h"
 122      3FFFDD34 
 122      A4207111 
 122      15590CF7 
 122      8B68
 123 021a 4C2B91BF 		.ascii	"L+\221\277#\262\204;\275\246\372\260^\277\203\000\260"
 123      23B2843B 
ARM GAS  C:\Users\user\AppData\Local\Temp\ccc2goRZ.s 			page 9


 123      BDA6FAB0 
 123      5EBF8300 
 123      B0
 124 022b 0480FBB2 		.ascii	"\004\200\373\262\014\250Bz\022$\362\015\314\337\026"
 124      0CA8427A 
 124      1224F20D 
 124      CCDF16
 125 023a BF3CA953 		.ascii	"\277<\251SB\344\320\032=Z\253$\353\353g_\330\375X\274"
 125      42E4D01A 
 125      3D5AAB24 
 125      EBEB675F 
 125      D8FD58BC 
 126 024e 4846DC1A 		.ascii	"HF\334\032\275\232\355\315\342\265\000\310\241\323W"
 126      BD9AEDCD 
 126      E2B500C8 
 126      A1D357
 127 025d 8FE145FB 		.ascii	"\217\341E\373i\304\023\204\005\034\372\363\273\350\002"
 127      69C41384 
 127      051CFAF3 
 127      BBE802
 128 026c 08AFA1C2 		.ascii	"\010\257\241\302\355h\021\374\257FJ\246JY\351\325l\235"
 128      ED6811FC 
 128      AF464AA6 
 128      4A59E9D5 
 128      6C9D
 129 027e 5C15B82F 		.ascii	"\\\025\270/S\245\026\351\035^\251\245\332\224\357\274"
 129      53A516E9 
 129      1D5EA9A5 
 129      DA94EFBC 
 130 028e 54CD75A2 		.ascii	"T\315u\242\007\210(\264\200&\023B\354?\242\203\222\263"
 130      078828B4 
 130      80261342 
 130      EC3FA283 
 130      92B3
 131 02a0 8E0F4274 		.ascii	"\216\017Bt\036f9\205X\365\216)\344X!\322\234Hr\242H"
 131      1E663985 
 131      58F58E29 
 131      E45821D2 
 131      9C4872A2 
 132 02b5 FA272E46 		.ascii	"\372'.F2\211\3546Cr|Xa\262\013\272\314\261\032q\022"
 132      3289EC36 
 132      43727C58 
 132      61B20BBA 
 132      CCB11A71 
 133 02ca 0042F205 		.ascii	"\000B\362\0052\201Lm\361\276S?\205d\034r\024\315\363"
 133      32814C6D 
 133      F1BE533F 
 133      85641C72 
 133      14CDF3
 134 02dd 83570774 		.ascii	"\203W\007t]\350!\231\315\375\014\321\271\214\244\366"
 134      5DE82199 
 134      CDFD0CD1 
 134      B98CA4F6 
 135 02ed 5D1A5CC1 		.ascii	"]\032\\\301\321J\032=T\377?\357\345\012\366\036\250"
 135      D14A1A3D 
 135      54FF3FEF 
 135      E50AF61E 
ARM GAS  C:\Users\user\AppData\Local\Temp\ccc2goRZ.s 			page 10


 135      A8
 136 02fe 93968519 		.ascii	"\223\226\205\031\247\004\001\322XPR\257^\2222\014.\341"
 136      A70401D2 
 136      585052AF 
 136      5E92320C 
 136      2EE1
 137 0310 FF45D485 		.ascii	"\377E\324\205P\035\352\004\264z\364\036\254>x\265y/"
 137      501DEA04 
 137      B47AF41E 
 137      AC3E78B5 
 137      792F
 138 0322 C60D4CD4 		.ascii	"\306\015L\324\344\346\273\265:y\030\277\320\311\302"
 138      E4E6BBB5 
 138      3A7918BF 
 138      D0C9C2
 139 0331 78998671 		.ascii	"x\231\206q\255\030\305\356\347W\322\265\200\233\013"
 139      AD18C5EE 
 139      E757D2B5 
 139      809B0B
 140 0340 B8AD5F1E 		.ascii	"\270\255_\036\024\354\361\002\251\036`B\015\022j\303"
 140      14ECF102 
 140      A91E6042 
 140      0D126AC3 
 141 0350 5CD4468A 		.ascii	"\\\324F\212\232\271;\251\321\02773\324\207\215\266\""
 141      9AB93BA9 
 141      D1173733 
 141      D4878DB6 
 141      22
 142 0361 D2C896E8 		.ascii	"\322\310\226\350\020q\216\237\254\243,a\035\345V\352"
 142      10718E9F 
 142      ACA32C61 
 142      1DE556EA 
 143 0371 58BE06B7 		.ascii	"X\276\006\267Rv\356`S[\235Rj\015cKXk\270\016\331\177"
 143      5276EE60 
 143      535B9D52 
 143      6A0D634B 
 143      586BB80E 
 144 0387 55025EE2 		.ascii	"U\002^\342\254'\232c\012g\202\241kPNK\304rj\206\311"
 144      AC279A63 
 144      0A6782A1 
 144      6B504E4B 
 144      C4726A86 
 145 039c 26564EB6 		.ascii	"&VN\266\374\264<5\356a\030\0155\035\367\224H\027\344"
 145      FCB43C35 
 145      EE61180D 
 145      351DF794 
 145      4817E4
 146 03af 56C04D37 		.ascii	"V\300M7\002\034=\344\275\006\332Cn\2002-\2222\327\035"
 146      021C3DE4 
 146      BD06DA43 
 146      6E80322D 
 146      9232D71D 
 147 03c3 55987AA6 		.ascii	"U\230z\246\343\225\037\036d \231\245G\306\261'\220;"
 147      E3951F1E 
 147      642099A5 
 147      47C6B127 
 147      903B
ARM GAS  C:\Users\user\AppData\Local\Temp\ccc2goRZ.s 			page 11


 148 03d5 1E411E77 		.ascii	"\036A\036w\276\177\234\202\334\006\220[\022\310\015"
 148      BE7F9C82 
 148      DC06905B 
 148      12C80D
 149 03e4 07484DCE 		.ascii	"\007HM\316d\031G\253\227p\260\362m<7\335\357\271@[i"
 149      641947AB 
 149      9770B0F2 
 149      6D3C37DD 
 149      EFB9405B 
 150 03f9 64EF3A0A 		.ascii	"d\357:\012\2640's\332\007B\333M\032\326p\340\225\223"
 150      B4302773 
 150      DA0742DB 
 150      4D1AD670 
 150      E09593
 151 040c FDC2761D 		.ascii	"\375\302v\035\345BW$\274+$\264\344\242\215\206\364\256"
 151      E5425724 
 151      BC2B24B4 
 151      E4A28D86 
 151      F4AE
 152 041e ADF5AC06 		.ascii	"\255\365\254\006?\3014`n\032Hi]\376\220\026\277\244"
 152      3FC13460 
 152      6E1A4869 
 152      5DFE9016 
 152      BFA4
 153 0430 F7B98B37 		.ascii	"\367\271\2137\232Z\274\221>\310C\023\200Z\017\222\365"
 153      9A5ABC91 
 153      3EC84313 
 153      805A0F92 
 153      F5
 154 0441 01667743 		.ascii	"\001fwC\306\002H1\204:`\376\276\244F-\355\\\004`<{\\"
 154      C6024831 
 154      843A60FE 
 154      BEA4462D 
 154      ED5C0460 
 155 0458 49310947 		.ascii	"I1\011G;\242\250\302\276\2279>8AIQ\205G\365\2178O\016"
 155      3BA2A8C2 
 155      BE97393E 
 155      38414951 
 155      8547F58F 
 156 046f EFF6E8F0 		.ascii	"\357\366\350\360\207I\270Z\020\026@\016\353 \205\347"
 156      8749B85A 
 156      1016400E 
 156      EB2085E7 
 157 047f FBDB7EE1 		.ascii	"\373\333~\341r\212\236\002\023\216\207\014\330\221\324"
 157      728A9E02 
 157      138E870C 
 157      D891D4
 158 048e ABE627F5 		.ascii	"\253\346'\365*\226\324\371S#\025z|\237\251v\263z\270"
 158      2A96D4F9 
 158      5323157A 
 158      7C9FA976 
 158      B37AB8
 159 04a1 47EB4CEA 		.ascii	"G\353L\352\226\254\177:\3738\231\024\361\000H\354\227"
 159      96AC7F3A 
 159      FB389914 
 159      F10048EC 
 159      97
ARM GAS  C:\Users\user\AppData\Local\Temp\ccc2goRZ.s 			page 12


 160 04b2 305779CC 		.ascii	"0Wy\314\352G\240\376*Q\375>\230\354eY}\275ok\273\206"
 160      EA47A0FE 
 160      2A51FD3E 
 160      98EC6559 
 160      7DBD6F6B 
 161 04c8 EA4624F5 		.ascii	"\352F$\3650\335\372\372\312\213\235\321y\314\346\034"
 161      30DDFAFA 
 161      CA8B9DD1 
 161      79CCE61C 
 162 04d8 0F607FF6 		.ascii	"\017`\177\366\000F\205\003Y\273\364\214\376\004\310"
 162      00468503 
 162      59BBF48C 
 162      FE04C8
 163 04e7 3B373A8F 		.ascii	";7:\217a\334\254\242\232?8\275\363\242\026\337a\304"
 163      61DCACA2 
 163      9A3F38BD 
 163      F3A216DF 
 163      61C4
 164 04f9 EE075355 		.ascii	"\356\007SU\336\370\001#\212^$\236\361\303=\214\230\336"
 164      DEF80123 
 164      8A5E249E 
 164      F1C33D8C 
 164      98DE
 165 050b 7BEE8C37 		.ascii	"{\356\2147~\314\210K}\267\033Ux\230\021\271u=\037\340"
 165      7ECC884B 
 165      7DB71B55 
 165      789811B9 
 165      753D1FE0 
 166 051f 19767D3E 		.ascii	"\031v}>\275jX\213\023\324\224\250}\335\236\245\303{"
 166      BD6A588B 
 166      13D494A8 
 166      7DDD9EA5 
 166      C37B
 167 0531 19E178C6 		.ascii	"\031\341x\306\370\263gL\371\300\225\006\035{\344\010"
 167      F8B3674C 
 167      F9C09506 
 167      1D7BE408 
 168 0541 08E857C7 		.ascii	"\010\350W\307Z\356i\361!\306[YQ\325 n'\226\001\231\320"
 168      5AEE69F1 
 168      21C65B59 
 168      51D5206E 
 168      27960199 
 169 0556 9FDDE38B 		.ascii	"\237\335\343\213\363\331\275\206\324\304\024\035.\241"
 169      F3D9BD86 
 169      D4C4141D 
 169      2EA1
 170 0564 0457B473 		.ascii	"\004W\264s\373\220\307\312~\351\271\262\223p\362\321"
 170      FB90C7CA 
 170      7EE9B9B2 
 170      9370F2D1 
 171 0574 54129169 		.ascii	"T\022\221i\360\343\224\233,\260\235\037?\246\306\347"
 171      F0E3949B 
 171      2CB09D1F 
 171      3FA6C6E7 
 172 0584 1864EFEC 		.ascii	"\030d\357\354\314_p\035\273N*Nj\360\305M\214\310\273"
 172      CC5F701D 
 172      BB4E2A4E 
ARM GAS  C:\Users\user\AppData\Local\Temp\ccc2goRZ.s 			page 13


 172      6AF0C54D 
 172      8CC8BB
 173 0597 5039A4C1 		.ascii	"P9\244\301\367\031\341\330\262\371\263-[\341`\327+\214"
 173      F719E1D8 
 173      B2F9B32D 
 173      5BE160D7 
 173      2B8C
 174 05a9 9FB07B3D 		.ascii	"\237\260{=\017.\237\364\305OE\353^\034\252\364\303c"
 174      0F2E9FF4 
 174      C54F45EB 
 174      5E1CAAF4 
 174      C363
 175 05bb 8CB8D637 		.ascii	"\214\270\3267;\246\303S\214\250\310\234\261+\261\240"
 175      3BA6C353 
 175      8CA8C89C 
 175      B12BB1A0 
 176 05cb A1C4969D 		.ascii	"\241\304\226\235%\007\210\207\324,\34740\325?:]\256"
 176      25078887 
 176      D42CE734 
 176      30D53F3A 
 176      5DAE
 177 05dd 6453C48E 		.ascii	"dS\304\216\2150\225}\360\301w\2768\221.\341\206z\222"
 177      8D30957D 
 177      F0C177BE 
 177      38912EE1 
 177      867A92
 178 05f0 766865FB 		.ascii	"vhe\373\254%\233i3\335\301\351\320v\316i\244ZL;a\236"
 178      AC259B69 
 178      33DDC1E9 
 178      D076CE69 
 178      A45A4C3B 
 179 0606 C792B820 		.ascii	"\307\222\270 \"\233zl\033\027\200\266r4\355\306\246"
 179      229B7A6C 
 179      1B1780B6 
 179      7234EDC6 
 179      A6
 180 0617 46CB9478 		.ascii	"F\313\224x\027\303\330\3213\366\332\217\271|\276\200"
 180      17C3D8D1 
 180      33F6DA8F 
 180      B97CBE80 
 181 0627 9D6E0438 		.ascii	"\235n\00487dgh\237K\001e\222%e@7\346\361\036\341\345"
 181      37646768 
 181      9F4B0165 
 181      92256540 
 181      37E6F11E 
 182 063d 413DDECF 		.ascii	"A=\336\317@*K\216n\327I\233\271$\274\223\205k7,\336"
 182      402A4B8E 
 182      6ED7499B 
 182      B924BC93 
 182      856B372C 
 183 0652 252D4EE1 		.ascii	"%-N\341<\232\222\352\336\224\344\364\341\343\2768\213"
 183      3C9A92EA 
 183      DE94E4F4 
 183      E1E3BE38 
 183      8B
 184 0663 79F8E5F7 		.ascii	"y\370\345\367\373\332\021\213\030\331\231\304W\266\247"
 184      FBDA118B 
ARM GAS  C:\Users\user\AppData\Local\Temp\ccc2goRZ.s 			page 14


 184      18D999C4 
 184      57B6A7
 185 0672 F9B194EC 		.ascii	"\371\261\224\354\246\031;\275}F\211m\214\267-\345v\207"
 185      A6193BBD 
 185      7D46896D 
 185      8CB72DE5 
 185      7687
 186 0684 1A7FC7D4 		.ascii	"\032\177\307\324\233\032l,\361v\252\327\264\0106\306"
 186      9B1A6C2C 
 186      F176AAD7 
 186      B40836C6 
 187 0694 E800A896 		.ascii	"\350\000\250\226\376\223T\333\357^\265\206\226\334q"
 187      FE9354DB 
 187      EF5EB586 
 187      96DC71
 188 06a3 2DAE6070 		.ascii	"-\256`p\347\322\366@\035U3\2423#\271\322\033\337`DM"
 188      E7D2F640 
 188      1D5533A2 
 188      3323B9D2 
 188      1BDF6044 
 189 06b8 EAD8592F 		.ascii	"\352\330Y/\334\306\210m\223\275'\375p7#\006\023\354"
 189      DCC6886D 
 189      93BD27FD 
 189      70372306 
 189      13EC
 190 06ca 3D4AFC98 		.ascii	"=J\374\230\021\245[\372mZ0&\000\262\007\311\332U\000"
 190      11A55BFA 
 190      6D5A3026 
 190      00B207C9 
 190      DA5500
 191 06dd 6B5765F6 		.ascii	"kWe\366\361\022\330\3242s\312\313\3723u\262g\360\273"
 191      F112D8D4 
 191      3273CACB 
 191      FA3375B2 
 191      67F0BB
 192 06f0 674983CC 		.ascii	"gI\203\314\003\203r%\203\002\234\315j4O\300\213\024"
 192      03837225 
 192      83029CCD 
 192      6A344FC0 
 192      8B14
 193 0702 6879005A 		.ascii	"hy\000Z\006\326\034\001k\002Dkr\300\232\303\314\032"
 193      06D61C01 
 193      6B02446B 
 193      72C09AC3 
 193      CC1A
 194 0714 5B4EE125 		.ascii	"[N\341%\037<\301\000\016\246\327\226\371\312\366\346"
 194      1F3CC100 
 194      0EA6D796 
 194      F9CAF6E6 
 195 0724 EF9DA6A9 		.ascii	"\357\235\246\251p\014\020\216J\010y\234\007\210|\367"
 195      700C108E 
 195      4A08799C 
 195      07887CF7 
 196 0734 10F17B6F 		.ascii	"\020\361{o\027{\341\031\006\321c\277\270\007\3133ff"
 196      177BE119 
 196      06D163BF 
 196      B807CB33 
ARM GAS  C:\Users\user\AppData\Local\Temp\ccc2goRZ.s 			page 15


 196      6666
 197 0746 9A6CCC0B 		.ascii	"\232l\314\013\001\342\270\004q\314\023D\201{\210\364"
 197      01E2B804 
 197      71CC1344 
 197      817B88F4 
 198 0756 CC814578 		.ascii	"\314\201Ex\253\226\272,9e\246\024\343\024Jp\3315\323"
 198      AB96BA2C 
 198      3965A614 
 198      E3144A70 
 198      D935D3
 199 0769 A99245BD 		.ascii	"\251\222E\275\232\317P1 \235\370\011HE\356\221\036f"
 199      9ACF5031 
 199      209DF809 
 199      4845EE91 
 199      1E66
 200 077b 8F8C2BF1 		.ascii	"\217\214+\361>\006\225\177\261\364\246\006g2\250\276"
 200      3E06957F 
 200      B1F4A606 
 200      6732A8BE 
 201 078b 27A726A5 		.ascii	"'\247&\245\303\323 @\235\004\250o\177\002T\251{\250"
 201      C3D32040 
 201      9D04A86F 
 201      7F0254A9 
 201      7BA8
 202 079d 67898FBA 		.ascii	"g\211\217\272\305N\274\2104\366}\031\313\361Q\006\\"
 202      C54EBC88 
 202      34F67D19 
 202      CBF15106 
 202      5C
 203 07ae 38F2E48A 		.ascii	"8\362\344\212\257|3ON!\322f\3764\247\027\367\261\361"
 203      AF7C334F 
 203      4E21D266 
 203      FE34A717 
 203      F7B1F1
 204 07c1 BDE5AD08 		.ascii	"\275\345\255\010\237`\253\356NVO\353q)%"
 204      9F60ABEE 
 204      4E564FEB 
 204      712925
 205 07d0 94DD47C7 		.ascii	"\224\335G\307\240\317\005\005 \244\203q\334qpT\240\263"
 205      A0CF0505 
 205      20A48371 
 205      DC717054 
 205      A0B3
 206 07e2 A0F5190E 		.ascii	"\240\365\031\016;\316\274\231\002h<\37272\355N\367r"
 206      3BCEBC99 
 206      02683CFA 
 206      3732ED4E 
 206      F772
 207 07f4 D09DDC82 		.ascii	"\320\235\334\202\003\023h^\001\232gB\221\221\031\362"
 207      0313685E 
 207      019A6742 
 207      919119F2 
 208 0804 94BA76E4 		.ascii	"\224\272v\344\220\227N\\\265\375\215\253\310\226z\374"
 208      90974E5C 
 208      B5FD8DAB 
 208      C8967AFC 
 209 0814 C11DCEC5 		.ascii	"\301\035\316\305(NnT\245\323\250\332k\0116o\\\306\214"
ARM GAS  C:\Users\user\AppData\Local\Temp\ccc2goRZ.s 			page 16


 209      284E6E54 
 209      A5D3A8DA 
 209      6B09366F 
 209      5CC68C
 210 0827 EA7D7DA4 		.ascii	"\352}}\244_\203\3173b2\343J\276\017\2663bO\361\2156"
 210      5F83CF33 
 210      6232E34A 
 210      BE0FB633 
 210      624FF18D 
 211 083c 35BEC488 		.ascii	"5\276\304\210\316og\252\324\3702#r\036</\321\340&\026"
 211      CE6F67AA 
 211      D4F83223 
 211      721E3C2F 
 211      D1E02616 
 212 0850 B7DABB47 		.ascii	"\267\332\273Gl>\256\273\"\330\2469\273\300EPu\215\353"
 212      6C3EAEBB 
 212      22D8A639 
 212      BBC04550 
 212      758DEB
 213 0863 9E088E93 		.ascii	"\236\010\216\223Y5$k\3538=\252\225\002\274F\334\023"
 213      5935246B 
 213      EB383DAA 
 213      9502BC46 
 213      DC13
 214 0875 75C737DC 		.ascii	"u\3077\334\326\342\333\014\353\371\263;\257|p\033#\204"
 214      D6E2DB0C 
 214      EBF9B33B 
 214      AF7C701B 
 214      2384
 215 0887 A99AFB6A 		.ascii	"\251\232\373j\334\301\210\216\364\311n/\334\311\210"
 215      DCC1888E 
 215      F4C96E2F 
 215      DCC988
 216 0896 C6BBC917 		.ascii	"\306\273\311\027\224\270\207\021\005\315\335\202\012"
 216      94B88711 
 216      05CDDD82 
 216      0A
 217 08a3 F733A26A 		.ascii	"\3673\242jG\363+-~\314\210\314\363\333\342ux\220\021"
 217      47F32B2D 
 217      7ECC88CC 
 217      F3DBE275 
 217      789011
 218 08b6 45B3E3A9 		.ascii	"E\263\343\251z<,\232^u3\217c\331\022\010\344\011{r#"
 218      7A3C2C9A 
 218      5E75338F 
 218      63D91208 
 218      E4097B72 
 219 08cb 664D3217 		.ascii	"fM2\027\216\216\336\351yg.\371\242@\366y'0(0\217\230"
 219      8E8EDEE9 
 219      79672EF9 
 219      A240F679 
 219      27302830 
 220 08e1 6B6FC951 		.ascii	"ko\311Q=)jJ\021r\353\020\265\246\001\254i\345\336\221"
 220      3D296A4A 
 220      1172EB10 
 220      B5A601AC 
 220      69E5DE91 
ARM GAS  C:\Users\user\AppData\Local\Temp\ccc2goRZ.s 			page 17


 221 08f5 CCFF81FA 		.ascii	"\314\377\201\372\276\220\374W\260%\267\376\023\216\035"
 221      BE90FC57 
 221      B025B7FE 
 221      138E1D
 222 0904 8998B2D7 		.ascii	"\211\230\262\327\317e\377\216#\354!\022w\235\214\373"
 222      CF65FF8E 
 222      23EC2112 
 222      779D8CFB 
 223 0914 B27BE132 		.ascii	"\262{\3412\356^\031\267}.\2670Wv\357\177H\334\315s\271"
 223      EE5E19B7 
 223      7D2EB730 
 223      5776EF7F 
 223      48DCCD73 
 224 0929 83E7300F 		.ascii	"\203\3470\017\312\230\233\3342\313\215\234\226q7\316"
 224      CA989BDC 
 224      32CB8D9C 
 224      967137CE 
 225 0939 3352E693 		.ascii	"3R\346\2234\361\227\200\317\224p\340\200\\\276\006J"
 225      34F19780 
 225      CF9470E0 
 225      805CBE06 
 225      4A
 226 094a A2ABE20A 		.ascii	"\242\253\342\012\310\013t\017\362\3476\027\210\356\300"
 226      C80B740F 
 226      F2E73617 
 226      88EEC0
 227 0959 68837117 		.ascii	"h\203q\027\306M\030-0n\300h\207q\213\013\244\265\306"
 227      C64D182D 
 227      306EC068 
 227      87718B0B 
 227      A4B5C6
 228 096c B0C764D8 		.ascii	"\260\307d\330W\334cS\273X2^\357X\260\231l\320\201K!"
 228      57DC6353 
 228      BB58325E 
 228      EF58B099 
 228      6CD0814B 
 229 0981 26A224AA 		.ascii	"&\242$\252\263\323\177O\202\320\270\214\312\272\344"
 229      B3D37F4F 
 229      82D0B88C 
 229      CABAE4
 230 0990 3E58CC0E 		.ascii	">X\314\016H\231\275M{w)\345\365'gV\240\373\316\372\353"
 230      4899BD4D 
 230      7B7729E5 
 230      F5276756 
 230      A0FBCEFA 
 231 09a5 ACCA7BE1 		.ascii	"\254\312{\341\203\253\275H\336\341\226\221\254*=\012"
 231      83ABBD48 
 231      DEE19691 
 231      AC2A3D0A 
 232 09b5 7C278821 		.ascii	"|'\210!\316\326\004\331:\373\005a\217\236,@\027\000"
 232      CED604D9 
 232      3AFB0561 
 232      8F9E2C40 
 232      1700
 233 09c7 F3A1FBB0 		.ascii	"\363\241\373\260\244\211\317\\\3429\347\355\016\221"
 233      A489CF5C 
 233      E239E7ED 
ARM GAS  C:\Users\user\AppData\Local\Temp\ccc2goRZ.s 			page 18


 233      0E91
 234 09d5 9F78AE13 		.ascii	"\237x\256\023<\367@\364\214h\253\215\331\372\320\325"
 234      3CF740F4 
 234      8C68AB8D 
 234      D9FAD0D5 
 235 09e5 56520AF1 		.ascii	"VR\012\361\217\2071n\242*\241\247\003E\255\034naDVW"
 235      8F87316E 
 235      A22AA1A7 
 235      0345AD1C 
 235      6E614456 
 236 09fa 5DA7F893 		.ascii	"]\247\370\223\334%B\227w\355K\322\213\205A~\301{<1\321"
 236      DC254297 
 236      77ED4BD2 
 236      8B85417E 
 236      C17B3C31 
 237 0a0f AAC6ED8C 		.ascii	"\252\306\355\214\371\364\254m+\306]\224\370]\317\216"
 237      F9F4AC6D 
 237      2BC65D94 
 237      F85DCF8E 
 238 0a1f 824C3558 		.ascii	"\202L5X\006\005\243\177G\374\003\012\212'\210|\301\377"
 238      0605A37F 
 238      47FC030A 
 238      8A27887C 
 238      C1FF
 239 0a31 85EC1654 		.ascii	"\205\354\026TS\240^\017\377\310\205\370\201\273A\242"
 239      53A05E0F 
 239      FFC885F8 
 239      81BB41A2 
 240 0a41 4B2E57AB 		.ascii	"K.W\253\276\257\277\316j\014:3:\0056\016x\212\203<\237"
 240      BEAFBFCE 
 240      6A0C3A33 
 240      3A05360E 
 240      788A833C 
 241 0a56 7A219F7A 		.ascii	"z!\237zH>u\213+\210W\262p\020:\204\003Q&\214\20302`"
 241      483E758B 
 241      2B8857B2 
 241      70103A84 
 241      0351268C 
 242 0a6e 1C80B11F 		.ascii	"\034\200\261\037\306#\310\245t\370\336\007c/\014\001"
 242      C623C8A5 
 242      74F8DE07 
 242      632F0C01 
 243 0a7e C634CC8D 		.ascii	"\3064\314\215\303\030\203\361\004\306\3670\036\273\344"
 243      C31883F1 
 243      04C6F730 
 243      1EBBE4
 244 0a8d DBADCF59 		.ascii	"\333\255\317Y\276A\227\353\233\253\332\223\271\025\332"
 244      BE4197EB 
 244      9BABDA93 
 244      B915DA
 245 0a9c 79CD7F2F 		.ascii	"y\315\177/\315(r\352z\212\346\260\017\316\353\0263W"
 245      CD2872EA 
 245      7A8AE6B0 
 245      0FCEEB16 
 245      3357
 246 0aae 1732FE41 		.ascii	"\0272\376A\260|\310=?\025/\313\273\247.y7\310\362N\356"
 246      B07CC83D 
ARM GAS  C:\Users\user\AppData\Local\Temp\ccc2goRZ.s 			page 19


 246      3F152FCB 
 246      BBA72E79 
 246      37C8F24E 
 247 0ac3 981FE126 		.ascii	"\230\037\341&\351\035h\002\004>\025\035\223\003\216"
 247      E91D6802 
 247      043E151D 
 247      93038E
 248 0ad2 390C068F 		.ascii	"9\014\006\217\200\201C.\006\276lV\315\234\022\204$5"
 248      8081432E 
 248      06BE6C56 
 248      CD9C1284 
 248      2435
 249 0ae4 1A062586 		.ascii	"\032\006%\206\3055n\313Y\246\3053\027-\206\337\240E"
 249      C5356ECB 
 249      59A6C533 
 249      172D86DF 
 249      A045
 250 0af6 2E20BF5D 		.ascii	". \277]\213\336\003X\310_\204FA\205g\356U\230\353\207"
 250      8BDE0358 
 250      C85F8446 
 250      418567EE 
 250      5598EB87 
 251 0b0a E72E1A90 		.ascii	"\347.\032\220\205,\347\335\346H6\000\377\377\345\010"
 251      852CE7DD 
 251      E6483600 
 251      FFFFE508 
 252 0b1a E470A34D 		.ascii	"\344p\243M\314ar\026\233\234\033\311\027\256\221\207"
 252      CC617216 
 252      9B9C1BC9 
 252      17AE9187 
 253 0b2a 62BDF5EF 		.ascii	"b\275\365\357\233iZ\375\000l\257Dv\347\257\2536\017"
 253      9B695AFD 
 253      006CAF44 
 253      76E7AFAB 
 253      360F
 254 0b3c 2DD4C930 		.ascii	"-\324\3110\005\305?!\2323\011\327/@\245\037]T\272~B"
 254      05C53F21 
 254      9A3309D7 
 254      2F40A51F 
 254      5D54BA7E 
 255 0b51 CC2CE298 		.ascii	"\314,\342\230\347\0000\341\241\243\273\225?*.\360,\277"
 255      E70030E1 
 255      A1A3BB95 
 255      3F2A2EF0 
 255      2CBF
 256 0b63 EE57AC2C 		.ascii	"\356W\254,F\305\234\231/^\326\205g\304\3164\341\332"
 256      46C59C99 
 256      2F5ED685 
 256      67C4CE34 
 256      E1DA
 257 0b75 991CBF1D 		.ascii	"\231\034\277\035-\316\334\263\031\366\013\304\025c\322"
 257      2DCEDCB3 
 257      19F60BC4 
 257      1563D2
 258 0b84 2996303B 		.ascii	")\2260;\274\005\016.v8\370%\260\275\236\353`\033zs\347"
 258      BC050E2E 
 258      7638F825 
ARM GAS  C:\Users\user\AppData\Local\Temp\ccc2goRZ.s 			page 20


 258      B0BD9EEB 
 258      601B7A73 
 259 0b99 9C05235E 		.ascii	"\234\005#^\213\006\315\300\365+Wg\331d\316\"\326\274"
 259      8B06CDC0 
 259      F52B5767 
 259      D964CE22 
 259      D6BC
 260 0bab FE194D79 		.ascii	"\376\031MyF\344\237+Z\374\205H4\375\265{\323\003\017"
 260      46E49F2B 
 260      5AFC8548 
 260      34FDB57B 
 260      D3030F
 261 0bbe EE26A613 		.ascii	"\356&\246\023\233f%\323_\273\232\236\3430}3^\2106\317"
 261      9B6625D3 
 261      5FBB9A9E 
 261      E3307D33 
 261      5E8836CF 
 262 0bd2 6D4282AC 		.ascii	"mB\202\254?\356q\243\240\202.#\332\355\201\304O\203"
 262      3FEE71A3 
 262      A0822E23 
 262      DAED81C4 
 262      4F83
 263 0be4 84DE0D23 		.ascii	"\204\336\015#\025F2\214\0350\022a$\300\210\307r\247"
 263      1546328C 
 263      1D301261 
 263      24C088C7 
 263      72A7
 264 0bf6 0CFE9145 		.ascii	"\014\376\221E\230$t<\200\022)\036\367\017\317\032e\215"
 264      9824743C 
 264      8012291E 
 264      F70FCF1A 
 264      658D
 265 0c08 2CE16DDC 		.ascii	",\341m\334\275\277g\242\267`=J\364\314,+\366\255X^\354"
 265      BDBF67A2 
 265      B7603D4A 
 265      F4CC2C2B 
 265      F6AD585E 
 266 0c1d B06E6EBB 		.ascii	"\260nn\273\331\013\225\276\207Tz\032\310#\334\304\340"
 266      D90B95BE 
 266      87547A1A 
 266      C823DCC4 
 266      E0
 267 0c2e 2430783B 		.ascii	"$0x;\030\266M2\014<:r_52\306\036\302\344$\276E\\\340"
 267      18B64D32 
 267      0C3C3A72 
 267      5F3532C6 
 267      1EC2E424 
 268 0c46 AEDDB005 		.ascii	"\256\335\260\005\203\357\222\326D\322s\0041^g\241\314"
 268      83EF92D6 
 268      44D27304 
 268      315E67A1 
 268      CC
 269 0c57 CDF481AD 		.ascii	"\315\364\201\255*r\214\006\2369\333\015\026\311\247"
 269      2A728C06 
 269      9E39DB0D 
 269      16C9A7
 270 0c66 056224C9 		.ascii	"\005b$\3119{\337\333\3344Q-:5\005\374\224\361\223\374"
ARM GAS  C:\Users\user\AppData\Local\Temp\ccc2goRZ.s 			page 21


 270      397BDFDB 
 270      DC34512D 
 270      3A3505FC 
 270      94F193FC 
 271 0c7a B4133825 		.ascii	"\264\0238%?\2450?yh\232h\027\270G\352\233\216\224\\"
 271      3FA5303F 
 271      79689A68 
 271      17B847EA 
 271      9B8E945C 
 272 0c8e 96718FEC 		.ascii	"\226q\217\354\336\211\244\203\322\356}\224vxg\273k\271"
 272      DE89A483 
 272      D2EE7D94 
 272      767867BB 
 272      6BB9
 273 0ca0 2C1A028F 		.ascii	",\032\002\217\305\3147\332Aj\240J|*\022\253\017\275"
 273      C5CC37DA 
 273      416AA04A 
 273      7C2A12AB 
 273      0FBD
 274 0cb2 8DBBE99F 		.ascii	"\215\273\351\237Yr\020\346,\317\314L\335\326\363j\342"
 274      597210E6 
 274      2CCFCC4C 
 274      DDD6F36A 
 274      E2
 275 0cc3 6FE099BF 		.ascii	"o\340\231\277\275\233(\365\037\217\0272\226\321\343"
 275      BD9B28F5 
 275      1F8F1732 
 275      96D1E3
 276 0cd2 73B65836 		.ascii	"s\266X6\342\021\213\025\315\005\331\243\270)\370\200"
 276      E2118B15 
 276      CD05D9A3 
 276      B829F880 
 277 0ce2 60DF8CE9 		.ascii	"`\337\214\351\011\330\346\216y\271l\267\274\224\361"
 277      09D8E68E 
 277      79B96CB7 
 277      BC94F1
 278 0cf1 92236C89 		.ascii	"\222#l\211;^Y\020g\212\305 \302\011\015\225\271\337"
 278      3B5E5910 
 278      678AC520 
 278      C2090D95 
 278      B9DF
 279 0d03 DCC84F04 		.ascii	"\334\310O\004\357K}\265j.\367\374\343\306\364\257%\366"
 279      EF4B7DB5 
 279      6A2EF7FC 
 279      E3C6F4AF 
 279      25F6
 280 0d15 6AF7EC32 		.ascii	"j\367\3542\327>+\022\003A6\2215\363t\231'\275W\224N"
 280      D73E2B12 
 280      03413691 
 280      35F37499 
 280      27BD5794 
 281 0d2a 76335DEE 		.ascii	"v3]\356\331e\322\357\377Zz\244\215\314}\244\315\013"
 281      D965D2EF 
 281      FF5A7AA4 
 281      8DCC7DA4 
 281      CD0B
 282 0d3c 5C11EB8B 		.ascii	"\\\021\353\213\003\356\373\342\357\012\350o~$]\373\245"
ARM GAS  C:\Users\user\AppData\Local\Temp\ccc2goRZ.s 			page 22


 282      03EEFBE2 
 282      EF0AE86F 
 282      7E245DFB 
 282      A5
 283 0d4d 241C90F5 		.ascii	"$\034\220\365\305\331f\325\364X\"\255b\007\340\3237"
 283      C5D966D5 
 283      F45822AD 
 283      6207E0D3 
 283      37
 284 0d5e 015EDF86 		.ascii	"\001^\337\206I\246<u\2077\260_C\356\221=\315\270\324"
 284      49A63C75 
 284      8737B05F 
 284      43EE913D 
 284      CDB8D4
 285 0d71 859F5234 		.ascii	"\205\237R4\362\252\271\242\357\202Z\376\242\202x[zS"
 285      F2AAB9A2 
 285      EF825AFE 
 285      A282785B 
 285      7A53
 286 0d83 71049337 		.ascii	"q\004\2237\025\337;\336T\244\244\357\257\227\336T\274"
 286      15DF3BDE 
 286      54A4A4EF 
 286      AF97DE54 
 286      BC
 287 0d94 5F739EBD 		.ascii	"_s\236\275\251\000.tO\022~\317\361\246\"\017\2237\025"
 287      A9002E74 
 287      4F127ECF 
 287      F1A6220F 
 287      933715
 288 0da7 D53FD4D7 		.ascii	"\325?\324\327\353q\262\267\373W^./F\362\261\374\225"
 288      EB71B2B7 
 288      FB575E2E 
 288      2F46F2B1 
 288      FC95
 289 0db9 57C24057 		.ascii	"W\302@W\007'\242\215\014\252\236$5\244\010G\020\345"
 289      0727A28D 
 289      0CAA9E24 
 289      35A40847 
 289      10E5
 290 0dcb 4247B113 		.ascii	"BG\261\023\016.\031\3341\0127zZ\350\325\341f\006W2Z"
 290      0E2E19DC 
 290      310A377A 
 290      5AE8D5E1 
 290      66065732 
 291 0de0 775B238A 		.ascii	"w[#\212\350\230V\265\027l\265\177\301\004\034\227\004"
 291      E89856B5 
 291      176CB57F 
 291      C1041C97 
 291      04
 292 0df1 1C770828 		.ascii	"\034w\010(\240\002\222\257$\203\310\355z\366\266o\377"
 292      A00292AF 
 292      2483C8ED 
 292      7AF6B66F 
 292      FF
 293 0e02 B364FCCB 		.ascii	"\263d\374\313\243\202\335.\330\307[ \256\366E\354U."
 293      A382DD2E 
 293      D8C75B20 
ARM GAS  C:\Users\user\AppData\Local\Temp\ccc2goRZ.s 			page 23


 293      AEF645EC 
 293      552E
 294 0e14 5B2E7B01 		.ascii	"[.{\001\\H\244 \033\376%\371\371\243{\262^\353r\240"
 294      5C48A420 
 294      1BFE25F9 
 294      F9A37BB2 
 294      5EEB72A0 
 295 0e28 7279E57A 		.ascii	"ry\345z\202\365.\362\015\314]\223m\235.\257\212\211"
 295      82F52EF2 
 295      0DCC5D93 
 295      6D9D2EAF 
 295      8A89
 296 0e3a 7A127311 		.ascii	"z\022s\021v\276\237-\242\374\005\311?N{\311\371\217"
 296      76BE9F2D 
 296      A2FC05C9 
 296      3F4E7BC9 
 296      F98F
 297 0e4c B8F0178B 		.ascii	"\270\360\027\213\302\311\267\366\017\237\257Y\2742$"
 297      C2C9B7F6 
 297      0F9FAF59 
 297      BC3224
 298 0e5b 44A13318 		.ascii	"D\2413\030\342\"\315\374\212\217\014\374\327\306OC-"
 298      E222CDFC 
 298      8A8F0CFC 
 298      D7C64F43 
 298      2D
 299 0e6c 7C8C35D4 		.ascii	"|\2145\324\030\021\2716\322\312\307\205G\306\204\362"
 299      1811B936 
 299      D2CAC785 
 299      47C684F2 
 300 0e7c 313151D6 		.ascii	"11Q\326\320\365\346\270\305\364jq\230%z\261)z\255)<"
 300      D0F5E6B8 
 300      C5F46A71 
 300      98257AB1 
 300      297AAD29 
 301 0e91 DC141EBA 		.ascii	"\334\024\036\272b\351\362\305\037.\013\371\370\257!"
 301      62E9F2C5 
 301      1F2E0BF9 
 301      F8AF21
 302 0ea0 A130FF81 		.ascii	"\2410\377\2019\306l\372\300\024\266624\322l\214\212"
 302      39C66CFA 
 302      C014B636 
 302      3234D26C 
 302      8C8A
 303 0eb2 0B378546 		.ascii	"\0137\205F\207\201,\263)\324\020nZ\027\026\027\305\033"
 303      87812CB3 
 303      29D4106E 
 303      5A171617 
 303      C51B
 304 0ec4 F84DB126 		.ascii	"\370M\261&\353\322\010\205\326\001\372_\377\367\240"
 304      EBD20885 
 304      D601FA5F 
 304      FFF7A0
 305 0ed3 D64DD650 		.ascii	"\326M\326P\203\225\017\007\004@\322Y\371\257\303\242"
 305      83950F07 
 305      0440D259 
 305      F9AFC3A2 
ARM GAS  C:\Users\user\AppData\Local\Temp\ccc2goRZ.s 			page 24


 306 0ee3 22D79B0D 		.ascii	"\"\327\233\015\374\357W~\032\372\345W\253V\207\256$"
 306      FCEF577E 
 306      1AFAE557 
 306      AB5687AE 
 306      24
 307 0ef4 58AB1916 		.ascii	"X\253\031\026\305\215\261\206|\274\"8\306\032l\214\211"
 307      C58DB186 
 307      7CBC2238 
 307      C61A6C8C 
 307      89
 308 0f05 8E8E3107 		.ascii	"\216\2161\007\307\306Xxk\360\277|\371\247\225\177\332"
 308      C7C65878 
 308      6BF0BF7C 
 308      F9A7957F 
 308      DA
 309 0f16 186C8C30 		.ascii	"\030l\2140\306XL J\375U\204\305\024\026\256\211\016"
 309      C6584C20 
 309      4AFD5584 
 309      C51416AE 
 309      890E
 310 0f28 8B342F35 		.ascii	"\2134/5*\224\344[g\214\370*\"|u\224\311\024+\272r\371"
 310      2A94E45B 
 310      678CF82A 
 310      227C7594 
 310      C9142BBA 
 311 0f3e 87065EEB 		.ascii	"\207\006^\353\270\360\002e\370\310h\223\201\377\364"
 311      B8F00265 
 311      F8C86893 
 311      81FFF4
 312 0f4d EDE0163E 		.ascii	"\355\340\026>X\264\0010\311B\321Y\277\375\231Ky\252"
 312      58B40130 
 312      C942D159 
 312      BFFD994B 
 312      79AA
 313 0f5f 2659F90B 		.ascii	"&Y\371\013\252\335J y\323j>\214\2174j\370uqf\243\201"
 313      AADD4A20 
 313      79D36A3E 
 313      8C8F346A 
 313      F8757166 
 314 0f75 D7F0B196 		.ascii	"\327\360\261\226\310\030\003\377\371\337\351\223\230"
 314      C81803FF 
 314      F9DFE993 
 314      98
 315 0f82 E8D8C828 		.ascii	"\350\330\310(\223\305\032\374\207\225+\011\244\250\252"
 315      93C51AFC 
 315      87952B09 
 315      A4A8AA
 316 0f91 DA1AF9DF 		.ascii	"\332\032\371\337`l\344?\022\325\250\310\265\241\353"
 316      606CE43F 
 316      12D5A8C8 
 316      B5A1EB
 317 0fa0 8DC639D1 		.ascii	"\215\3069\321\005\206\245!R\214yX\265\216$\022\330\026"
 317      0586A521 
 317      528C7958 
 317      B58E2412 
 317      D816
 318 0fb2 454CD144 		.ascii	"EL\321D\363\033\243\000Ji6m\344U1\033\314&\213\352\257"
ARM GAS  C:\Users\user\AppData\Local\Temp\ccc2goRZ.s 			page 25


 318      F31BA300 
 318      4A69366D 
 318      E455311B 
 318      CC268BEA 
 319 0fc7 71A638D3 		.ascii	"q\2468\323\002c\204A\364\210\201N(c-\246o\374\\\246"
 319      02638441 
 319      F488814E 
 319      28632DA6 
 319      6FFC5CA6 
 320 0fdb C01FD171 		.ascii	"\300\037\321q\274i#D\016\270\351\245\326\024k2C\016"
 320      BC692344 
 320      0EB8E9A5 
 320      D6146B32 
 320      430E
 321 0fed ADF7367D 		.ascii	"\255\3676}c2\363\321a\326\257\341n\264u=]\240\331"
 321      6332F3D1 
 321      61D6AFE1 
 321      6EB4753D 
 321      5DA0D9
 322 1000 1016C9C3 		.ascii	"\020\026\311\303M?\231p\202\356+'\014<\212S\2336\220"
 322      4D3F9970 
 322      82EE2B27 
 322      0C3C8A53 
 322      9B3690
 323 1013 A5EA0D3C 		.ascii	"\245\352\015<\350\027\013_VSt,6\232y/\203A\314\021\215"
 323      E8170B5F 
 323      5653742C 
 323      369A792F 
 323      8341CC11 
 324 1028 F8AD8259 		.ascii	"\370\255\202Y\003\257\007\211\300\023\026\033\001I\247"
 324      03AF0789 
 324      C013161B 
 324      0149A7
 325 1037 B11268EB 		.ascii	"\261\022h\353z\025\014`\330\300\363\226X\177\006a\260"
 325      7A150C60 
 325      D8C0F396 
 325      587F0661 
 325      B0
 326 1048 98D6992C 		.ascii	"\230\326\231,&\263\021\224\007\2611k\377\022\2535m\214"
 326      26B31194 
 326      07B1316B 
 326      FF12AB35 
 326      6D8C
 327 105a E48D31E1 		.ascii	"\344\2151\341&\265%|\023\254P\002\213\325\213e\345'"
 327      26B5257C 
 327      13AC5002 
 327      8BD58B65 
 327      E527
 328 106c 80E3F8E6 		.ascii	"\200\343\370\346\311<\210[\027\025\266\336\252\341\243"
 328      C93C885B 
 328      1715B6DE 
 328      AAE1A3
 329 107b 61055056 		.ascii	"a\005PV\310\017\223\226\247_Dd\330\3320\253Ii\016\213"
 329      C80F9396 
 329      A75F4464 
 329      D8DA30AB 
 329      49690E8B 
ARM GAS  C:\Users\user\AppData\Local\Temp\ccc2goRZ.s 			page 26


 330 108f 36298D11 		.ascii	"6)\215\021a\026ULT8\270\324l\332`\262`#\277\221\263"
 330      6116554C 
 330      5438B8D4 
 330      6CDA60B2 
 330      6023BF91 
 331 10a4 C6725116 		.ascii	"\306rQ\026p\377z\210\223\201\307\226\220\020\030\313"
 331      70FF7A88 
 331      9381C796 
 331      901018CB 
 332 10b4 38CB6F39 		.ascii	"8\313o9\313'\234\345c\316\262\202\263\374\206\263|\344"
 332      CB279CE5 
 332      63CEB282 
 332      B3FC86B3 
 332      7CE4
 333 10c6 4D1287D8 		.ascii	"M\022\207\330\012\213V\376#\025h\370\346\343h\210\270"
 333      0A8B56FE 
 333      231568F8 
 333      E6E36888 
 333      B8
 334 10d7 9ECA33C6 		.ascii	"\236\3123\306\230!H\274\222\204\336\313\031\004Ut,\244"
 334      982148BC 
 334      9284DECB 
 334      19045574 
 334      2CA4
 335 10e9 9656F410 		.ascii	"\226V\364\020\277\342\347\326\2341\"\034\020~\3633\227"
 335      BFE2E7D6 
 335      9C31221C 
 335      107EF333 
 335      97
 336 10fa 4164FF8E 		.ascii	"Ad\377\216U\020dX\005\272\257\336d\375\2439\222\377"
 336      55106458 
 336      05BAAFDE 
 336      64FDA339 
 336      92FF
 337 110c D9EB3791 		.ascii	"\331\3537\221\202\323D\204E\221\325\037\275}5p:\227"
 337      82D34484 
 337      4591D51F 
 337      BD7D3570 
 337      3A97
 338 111e C335299E 		.ascii	"\3035)\236\015a\254\245\375/zlT\215"
 338      0D61ACA5 
 338      FD2F7A6C 
 338      548D
 339              		.text
 340              		.section	.gnu.lto_.symtab.824ebe1,"",%progbits
 341 0000 6D61696E 		.ascii	"main\000"
 341      00
 342 0005 00       		.ascii	"\000"
 343 0006 00       		.ascii	"\000"
 344 0007 00       		.ascii	"\000"
 345 0008 00000000 		.ascii	"\000\000\000\000\000\000\000\000"
 345      00000000 
 346 0010 C8000000 		.ascii	"\310\000\000\000"
 347 0014 63685468 		.ascii	"chThdSleep\000"
 347      64536C65 
 347      657000
 348 001f 00       		.ascii	"\000"
ARM GAS  C:\Users\user\AppData\Local\Temp\ccc2goRZ.s 			page 27


 349 0020 02       		.ascii	"\002"
 350 0021 00       		.ascii	"\000"
 351 0022 00000000 		.ascii	"\000\000\000\000\000\000\000\000"
 351      00000000 
 352 002a D7000000 		.ascii	"\327\000\000\000"
 353 002e 63685468 		.ascii	"chThdCreateStatic\000"
 353      64437265 
 353      61746553 
 353      74617469 
 353      6300
 354 0040 00       		.ascii	"\000"
 355 0041 02       		.ascii	"\002"
 356 0042 00       		.ascii	"\000"
 357 0043 00000000 		.ascii	"\000\000\000\000\000\000\000\000"
 357      00000000 
 358 004b A2010000 		.ascii	"\242\001\000\000"
 359 004f 63685379 		.ascii	"chSysInit\000"
 359      73496E69 
 359      7400
 360 0059 00       		.ascii	"\000"
 361 005a 02       		.ascii	"\002"
 362 005b 00       		.ascii	"\000"
 363 005c 00000000 		.ascii	"\000\000\000\000\000\000\000\000"
 363      00000000 
 364 0064 A5010000 		.ascii	"\245\001\000\000"
 365 0068 68616C49 		.ascii	"halInit\000"
 365      6E697400 
 366 0070 00       		.ascii	"\000"
 367 0071 02       		.ascii	"\002"
 368 0072 00       		.ascii	"\000"
 369 0073 00000000 		.ascii	"\000\000\000\000\000\000\000\000"
 369      00000000 
 370 007b A7010000 		.ascii	"\247\001\000\000"
 371              		.text
 372              		.section	.gnu.lto_.opts,"",%progbits
 373 0000 272D666D 		.ascii	"'-fmath-errno' '-fsigned-zeros' '-ftrapping-math' '"
 373      6174682D 
 373      6572726E 
 373      6F272027 
 373      2D667369 
 374 0033 2D666E6F 		.ascii	"-fno-trapv' '-fno-openmp' '-fno-openacc' '-mcpu=cor"
 374      2D747261 
 374      70762720 
 374      272D666E 
 374      6F2D6F70 
 375 0066 7465782D 		.ascii	"tex-m4' '-mno-thumb-interwork' '-mthumb' '-ggdb' '-"
 375      6D342720 
 375      272D6D6E 
 375      6F2D7468 
 375      756D622D 
 376 0099 4F322720 		.ascii	"O2' '-fomit-frame-pointer' '-falign-functions=16' '"
 376      272D666F 
 376      6D69742D 
 376      6672616D 
 376      652D706F 
 377 00cc 2D666675 		.ascii	"-ffunction-sections' '-fdata-sections' '-fno-common"
 377      6E637469 
ARM GAS  C:\Users\user\AppData\Local\Temp\ccc2goRZ.s 			page 28


 377      6F6E2D73 
 377      65637469 
 377      6F6E7327 
 378 00ff 2720272D 		.ascii	"' '-flto'\000"
 378      666C746F 
 378      2700
 379              		.text
 380              		.comm	__gnu_lto_v1,1,1
 381              		.comm	__gnu_lto_slim,1,1
 382              		.ident	"GCC: (GNU Tools for ARM Embedded Processors 6-2017-q1-update) 6.3.1 20170215 (release) [AR
ARM GAS  C:\Users\user\AppData\Local\Temp\ccc2goRZ.s 			page 29


DEFINED SYMBOLS
                            *ABS*:00000000 main.c
                            *COM*:00000001 __gnu_lto_v1
                            *COM*:00000001 __gnu_lto_slim

NO UNDEFINED SYMBOLS
